<?xml version="1.0" encoding="UTF-8"?>
<testsuite xmlns:xsi="http://www.w3.org/2001/XMLSchema-instance" xsi:noNamespaceSchemaLocation="https://maven.apache.org/surefire/maven-surefire-plugin/xsd/surefire-test-report-3.0.xsd" version="3.0" name="logic.BloodDonationTest" time="0.422" tests="16" errors="0" skipped="0" failures="0">
  <properties>
[...]
</properties>
  <testcase name="testCreateEntity" classname="logic.BloodDonationTest" time="0.031">
    <system-out><![CDATA[2021-04-14T16:44:40,037|[DEBUG] EMFactory - getting EntityManagerFactory
2021-04-14T16:44:40,037|[DEBUG] EMFactory - initializeing EntityManagerFactory
2021-04-14T16:44:40,037|[DEBUG] SQL - 
    select
        bloodbank0_.bank_id as bank_id1_1_0_,
        bloodbank0_.employee_count as employee2_1_0_,
        bloodbank0_.established as establis3_1_0_,
        bloodbank0_.name as name4_1_0_,
        bloodbank0_.owner as owner6_1_0_,
        bloodbank0_.privately_owned as privatel5_1_0_ 
    from
        simplebloodbank.blood_bank bloodbank0_ 
    where
        bloodbank0_.bank_id=?
2021-04-14T16:44:40,037|[TRACE] BasicBinder - binding parameter [1] as [INTEGER] - [1]
2021-04-14T16:44:40,037|[DEBUG] SQL - 
    /* insert entity.BloodBank
        */ insert 
        into
            simplebloodbank.blood_bank
            (employee_count, established, name, owner, privately_owned) 
        values
            (?, ?, ?, ?, ?)
2021-04-14T16:44:40,037|[TRACE] BasicBinder - binding parameter [1] as [INTEGER] - [111]
2021-04-14T16:44:40,037|[TRACE] BasicBinder - binding parameter [2] as [TIMESTAMP] - [Sat Nov 11 11:11:11 EST 1111]
2021-04-14T16:44:40,037|[TRACE] BasicBinder - binding parameter [3] as [VARCHAR] - [JUNIT]
2021-04-14T16:44:40,037|[TRACE] BasicBinder - binding parameter [4] as [INTEGER] - [null]
2021-04-14T16:44:40,037|[TRACE] BasicBinder - binding parameter [5] as [BOOLEAN] - [true]
2021-04-14T16:44:40,037|[DEBUG] SQL - 
    /* insert entity.BloodDonation
        */ insert 
        into
            simplebloodbank.blood_donation
            (bank_id, blood_group, created, milliliters, rhd) 
        values
            (?, ?, ?, ?, ?)
2021-04-14T16:44:40,037|[TRACE] BasicBinder - binding parameter [1] as [INTEGER] - [45]
2021-04-14T16:44:40,037|[TRACE] BasicBinder - binding parameter [2] as [VARCHAR] - [AB]
2021-04-14T16:44:40,037|[TRACE] BasicBinder - binding parameter [3] as [TIMESTAMP] - [Sat Nov 11 11:11:11 EST 1111]
2021-04-14T16:44:40,037|[TRACE] BasicBinder - binding parameter [4] as [INTEGER] - [100]
2021-04-14T16:44:40,037|[DEBUG] AttributeConverterSqlTypeDescriptorAdapter - Converted value on binding : Negative -> -
2021-04-14T16:44:40,037|[TRACE] BasicBinder - binding parameter [5] as [VARCHAR] - [-]
2021-04-14T16:44:40,053|[DEBUG] EMFactory - getting EntityManagerFactory
2021-04-14T16:44:40,053|[DEBUG] EMFactory - initializeing EntityManagerFactory
2021-04-14T16:44:40,053|[DEBUG] SQL - 
    select
        bloodbank0_.bank_id as bank_id1_1_0_,
        bloodbank0_.employee_count as employee2_1_0_,
        bloodbank0_.established as establis3_1_0_,
        bloodbank0_.name as name4_1_0_,
        bloodbank0_.owner as owner6_1_0_,
        bloodbank0_.privately_owned as privatel5_1_0_ 
    from
        simplebloodbank.blood_bank bloodbank0_ 
    where
        bloodbank0_.bank_id=?
2021-04-14T16:44:40,053|[TRACE] BasicBinder - binding parameter [1] as [INTEGER] - [45]
2021-04-14T16:44:40,053|[TRACE] BasicExtractor - extracted value ([employee2_1_0_] : [INTEGER]) - [111]
2021-04-14T16:44:40,053|[TRACE] BasicExtractor - extracted value ([establis3_1_0_] : [TIMESTAMP]) - [1111-11-11 11:11:11.0]
2021-04-14T16:44:40,053|[TRACE] BasicExtractor - extracted value ([name4_1_0_] : [VARCHAR]) - [JUNIT]
2021-04-14T16:44:40,053|[TRACE] BasicExtractor - extracted value ([owner6_1_0_] : [INTEGER]) - [null]
2021-04-14T16:44:40,053|[TRACE] BasicExtractor - extracted value ([privatel5_1_0_] : [BOOLEAN]) - [true]
2021-04-14T16:44:40,053|[DEBUG] EMFactory - getting EntityManagerFactory
2021-04-14T16:44:40,053|[DEBUG] EMFactory - initializeing EntityManagerFactory
2021-04-14T16:44:40,053|[DEBUG] SQL - 
    /* load entity.BloodDonation */ select
        blooddonat0_.donation_id as donation1_2_0_,
        blooddonat0_.bank_id as bank_id6_2_0_,
        blooddonat0_.blood_group as blood_gr2_2_0_,
        blooddonat0_.created as created3_2_0_,
        blooddonat0_.milliliters as millilit4_2_0_,
        blooddonat0_.rhd as rhd5_2_0_ 
    from
        simplebloodbank.blood_donation blooddonat0_ 
    where
        blooddonat0_.donation_id=?
2021-04-14T16:44:40,053|[TRACE] BasicBinder - binding parameter [1] as [INTEGER] - [1]
2021-04-14T16:44:40,053|[TRACE] BasicExtractor - extracted value ([bank_id6_2_0_] : [INTEGER]) - [45]
2021-04-14T16:44:40,053|[TRACE] BasicExtractor - extracted value ([blood_gr2_2_0_] : [VARCHAR]) - [AB]
2021-04-14T16:44:40,053|[TRACE] BasicExtractor - extracted value ([created3_2_0_] : [TIMESTAMP]) - [1111-11-11 11:11:11.0]
2021-04-14T16:44:40,053|[TRACE] BasicExtractor - extracted value ([millilit4_2_0_] : [INTEGER]) - [100]
2021-04-14T16:44:40,053|[TRACE] BasicExtractor - extracted value ([rhd5_2_0_] : [VARCHAR]) - [-]
2021-04-14T16:44:40,053|[DEBUG] AttributeConverterSqlTypeDescriptorAdapter - Converted value on extraction: - -> Negative
2021-04-14T16:44:40,053|[DEBUG] SQL - 
    /* delete entity.BloodDonation */ delete 
        from
            simplebloodbank.blood_donation 
        where
            donation_id=?
2021-04-14T16:44:40,053|[TRACE] BasicBinder - binding parameter [1] as [INTEGER] - [1]
2021-04-14T16:44:40,053|[DEBUG] EMFactory - getting EntityManagerFactory
2021-04-14T16:44:40,053|[DEBUG] EMFactory - initializeing EntityManagerFactory
2021-04-14T16:44:40,053|[DEBUG] SQL - 
    select
        bloodbank0_.bank_id as bank_id1_1_0_,
        bloodbank0_.employee_count as employee2_1_0_,
        bloodbank0_.established as establis3_1_0_,
        bloodbank0_.name as name4_1_0_,
        bloodbank0_.owner as owner6_1_0_,
        bloodbank0_.privately_owned as privatel5_1_0_ 
    from
        simplebloodbank.blood_bank bloodbank0_ 
    where
        bloodbank0_.bank_id=?
2021-04-14T16:44:40,053|[TRACE] BasicBinder - binding parameter [1] as [INTEGER] - [45]
2021-04-14T16:44:40,053|[TRACE] BasicExtractor - extracted value ([employee2_1_0_] : [INTEGER]) - [111]
2021-04-14T16:44:40,053|[TRACE] BasicExtractor - extracted value ([establis3_1_0_] : [TIMESTAMP]) - [1111-11-11 11:11:11.0]
2021-04-14T16:44:40,053|[TRACE] BasicExtractor - extracted value ([name4_1_0_] : [VARCHAR]) - [JUNIT]
2021-04-14T16:44:40,053|[TRACE] BasicExtractor - extracted value ([owner6_1_0_] : [INTEGER]) - [null]
2021-04-14T16:44:40,053|[TRACE] BasicExtractor - extracted value ([privatel5_1_0_] : [BOOLEAN]) - [true]
2021-04-14T16:44:40,053|[DEBUG] SQL - 
    /* delete entity.BloodBank */ delete 
        from
            simplebloodbank.blood_bank 
        where
            bank_id=?
2021-04-14T16:44:40,053|[TRACE] BasicBinder - binding parameter [1] as [INTEGER] - [45]
]]></system-out>
  </testcase>
  <testcase name="testGetBloodDonationsWithCreated" classname="logic.BloodDonationTest" time="0.031">
    <system-out><![CDATA[2021-04-14T16:44:40,068|[DEBUG] EMFactory - getting EntityManagerFactory
2021-04-14T16:44:40,068|[DEBUG] EMFactory - initializeing EntityManagerFactory
2021-04-14T16:44:40,068|[DEBUG] SQL - 
    select
        bloodbank0_.bank_id as bank_id1_1_0_,
        bloodbank0_.employee_count as employee2_1_0_,
        bloodbank0_.established as establis3_1_0_,
        bloodbank0_.name as name4_1_0_,
        bloodbank0_.owner as owner6_1_0_,
        bloodbank0_.privately_owned as privatel5_1_0_ 
    from
        simplebloodbank.blood_bank bloodbank0_ 
    where
        bloodbank0_.bank_id=?
2021-04-14T16:44:40,068|[TRACE] BasicBinder - binding parameter [1] as [INTEGER] - [1]
2021-04-14T16:44:40,068|[DEBUG] SQL - 
    /* insert entity.BloodBank
        */ insert 
        into
            simplebloodbank.blood_bank
            (employee_count, established, name, owner, privately_owned) 
        values
            (?, ?, ?, ?, ?)
2021-04-14T16:44:40,068|[TRACE] BasicBinder - binding parameter [1] as [INTEGER] - [111]
2021-04-14T16:44:40,068|[TRACE] BasicBinder - binding parameter [2] as [TIMESTAMP] - [Sat Nov 11 11:11:11 EST 1111]
2021-04-14T16:44:40,068|[TRACE] BasicBinder - binding parameter [3] as [VARCHAR] - [JUNIT]
2021-04-14T16:44:40,068|[TRACE] BasicBinder - binding parameter [4] as [INTEGER] - [null]
2021-04-14T16:44:40,068|[TRACE] BasicBinder - binding parameter [5] as [BOOLEAN] - [true]
2021-04-14T16:44:40,068|[DEBUG] SQL - 
    /* insert entity.BloodDonation
        */ insert 
        into
            simplebloodbank.blood_donation
            (bank_id, blood_group, created, milliliters, rhd) 
        values
            (?, ?, ?, ?, ?)
2021-04-14T16:44:40,068|[TRACE] BasicBinder - binding parameter [1] as [INTEGER] - [46]
2021-04-14T16:44:40,068|[TRACE] BasicBinder - binding parameter [2] as [VARCHAR] - [AB]
2021-04-14T16:44:40,068|[TRACE] BasicBinder - binding parameter [3] as [TIMESTAMP] - [Sat Nov 11 11:11:11 EST 1111]
2021-04-14T16:44:40,068|[TRACE] BasicBinder - binding parameter [4] as [INTEGER] - [100]
2021-04-14T16:44:40,068|[DEBUG] AttributeConverterSqlTypeDescriptorAdapter - Converted value on binding : Negative -> -
2021-04-14T16:44:40,068|[TRACE] BasicBinder - binding parameter [5] as [VARCHAR] - [-]
2021-04-14T16:44:40,068|[DEBUG] EMFactory - getting EntityManagerFactory
2021-04-14T16:44:40,068|[DEBUG] EMFactory - initializeing EntityManagerFactory
2021-04-14T16:44:40,068|[DEBUG] SQL - 
    /* BloodDonation.findByCreated */ select
        blooddonat0_.donation_id as donation1_2_,
        blooddonat0_.bank_id as bank_id6_2_,
        blooddonat0_.blood_group as blood_gr2_2_,
        blooddonat0_.created as created3_2_,
        blooddonat0_.milliliters as millilit4_2_,
        blooddonat0_.rhd as rhd5_2_ 
    from
        simplebloodbank.blood_donation blooddonat0_ 
    where
        blooddonat0_.created=?
2021-04-14T16:44:40,068|[TRACE] BasicBinder - binding parameter [1] as [TIMESTAMP] - [Sat Nov 11 11:11:11 EST 1111]
2021-04-14T16:44:40,068|[TRACE] BasicExtractor - extracted value ([donation1_2_] : [INTEGER]) - [2]
2021-04-14T16:44:40,068|[TRACE] BasicExtractor - extracted value ([bank_id6_2_] : [INTEGER]) - [46]
2021-04-14T16:44:40,068|[TRACE] BasicExtractor - extracted value ([blood_gr2_2_] : [VARCHAR]) - [AB]
2021-04-14T16:44:40,068|[TRACE] BasicExtractor - extracted value ([created3_2_] : [TIMESTAMP]) - [1111-11-11 11:11:11.0]
2021-04-14T16:44:40,068|[TRACE] BasicExtractor - extracted value ([millilit4_2_] : [INTEGER]) - [100]
2021-04-14T16:44:40,068|[TRACE] BasicExtractor - extracted value ([rhd5_2_] : [VARCHAR]) - [-]
2021-04-14T16:44:40,068|[DEBUG] AttributeConverterSqlTypeDescriptorAdapter - Converted value on extraction: - -> Negative
2021-04-14T16:44:40,068|[DEBUG] EMFactory - getting EntityManagerFactory
2021-04-14T16:44:40,068|[DEBUG] EMFactory - initializeing EntityManagerFactory
2021-04-14T16:44:40,084|[DEBUG] SQL - 
    /* load entity.BloodDonation */ select
        blooddonat0_.donation_id as donation1_2_0_,
        blooddonat0_.bank_id as bank_id6_2_0_,
        blooddonat0_.blood_group as blood_gr2_2_0_,
        blooddonat0_.created as created3_2_0_,
        blooddonat0_.milliliters as millilit4_2_0_,
        blooddonat0_.rhd as rhd5_2_0_ 
    from
        simplebloodbank.blood_donation blooddonat0_ 
    where
        blooddonat0_.donation_id=?
2021-04-14T16:44:40,084|[TRACE] BasicBinder - binding parameter [1] as [INTEGER] - [2]
2021-04-14T16:44:40,084|[TRACE] BasicExtractor - extracted value ([bank_id6_2_0_] : [INTEGER]) - [46]
2021-04-14T16:44:40,084|[TRACE] BasicExtractor - extracted value ([blood_gr2_2_0_] : [VARCHAR]) - [AB]
2021-04-14T16:44:40,084|[TRACE] BasicExtractor - extracted value ([created3_2_0_] : [TIMESTAMP]) - [1111-11-11 11:11:11.0]
2021-04-14T16:44:40,084|[TRACE] BasicExtractor - extracted value ([millilit4_2_0_] : [INTEGER]) - [100]
2021-04-14T16:44:40,084|[TRACE] BasicExtractor - extracted value ([rhd5_2_0_] : [VARCHAR]) - [-]
2021-04-14T16:44:40,084|[DEBUG] AttributeConverterSqlTypeDescriptorAdapter - Converted value on extraction: - -> Negative
2021-04-14T16:44:40,084|[DEBUG] SQL - 
    /* delete entity.BloodDonation */ delete 
        from
            simplebloodbank.blood_donation 
        where
            donation_id=?
2021-04-14T16:44:40,084|[TRACE] BasicBinder - binding parameter [1] as [INTEGER] - [2]
2021-04-14T16:44:40,084|[DEBUG] EMFactory - getting EntityManagerFactory
2021-04-14T16:44:40,084|[DEBUG] EMFactory - initializeing EntityManagerFactory
2021-04-14T16:44:40,084|[DEBUG] SQL - 
    select
        bloodbank0_.bank_id as bank_id1_1_0_,
        bloodbank0_.employee_count as employee2_1_0_,
        bloodbank0_.established as establis3_1_0_,
        bloodbank0_.name as name4_1_0_,
        bloodbank0_.owner as owner6_1_0_,
        bloodbank0_.privately_owned as privatel5_1_0_ 
    from
        simplebloodbank.blood_bank bloodbank0_ 
    where
        bloodbank0_.bank_id=?
2021-04-14T16:44:40,084|[TRACE] BasicBinder - binding parameter [1] as [INTEGER] - [46]
2021-04-14T16:44:40,084|[TRACE] BasicExtractor - extracted value ([employee2_1_0_] : [INTEGER]) - [111]
2021-04-14T16:44:40,084|[TRACE] BasicExtractor - extracted value ([establis3_1_0_] : [TIMESTAMP]) - [1111-11-11 11:11:11.0]
2021-04-14T16:44:40,084|[TRACE] BasicExtractor - extracted value ([name4_1_0_] : [VARCHAR]) - [JUNIT]
2021-04-14T16:44:40,084|[TRACE] BasicExtractor - extracted value ([owner6_1_0_] : [INTEGER]) - [null]
2021-04-14T16:44:40,084|[TRACE] BasicExtractor - extracted value ([privatel5_1_0_] : [BOOLEAN]) - [true]
2021-04-14T16:44:40,084|[DEBUG] SQL - 
    /* delete entity.BloodBank */ delete 
        from
            simplebloodbank.blood_bank 
        where
            bank_id=?
2021-04-14T16:44:40,084|[TRACE] BasicBinder - binding parameter [1] as [INTEGER] - [46]
]]></system-out>
    <system-err><![CDATA[Apr. 14, 2021 4:44:40 P.M. dal.GenericDAL lambda$setParameters$0
INFO: setParameters: created=Sat Nov 11 11:11:11 EST 1111
]]></system-err>
  </testcase>
  <testcase name="testGetBloodDonationsWithBloodGroup" classname="logic.BloodDonationTest" time="0.016">
    <system-out><![CDATA[2021-04-14T16:44:40,099|[DEBUG] EMFactory - getting EntityManagerFactory
2021-04-14T16:44:40,099|[DEBUG] EMFactory - initializeing EntityManagerFactory
2021-04-14T16:44:40,099|[DEBUG] SQL - 
    select
        bloodbank0_.bank_id as bank_id1_1_0_,
        bloodbank0_.employee_count as employee2_1_0_,
        bloodbank0_.established as establis3_1_0_,
        bloodbank0_.name as name4_1_0_,
        bloodbank0_.owner as owner6_1_0_,
        bloodbank0_.privately_owned as privatel5_1_0_ 
    from
        simplebloodbank.blood_bank bloodbank0_ 
    where
        bloodbank0_.bank_id=?
2021-04-14T16:44:40,099|[TRACE] BasicBinder - binding parameter [1] as [INTEGER] - [1]
2021-04-14T16:44:40,099|[DEBUG] SQL - 
    /* insert entity.BloodBank
        */ insert 
        into
            simplebloodbank.blood_bank
            (employee_count, established, name, owner, privately_owned) 
        values
            (?, ?, ?, ?, ?)
2021-04-14T16:44:40,099|[TRACE] BasicBinder - binding parameter [1] as [INTEGER] - [111]
2021-04-14T16:44:40,099|[TRACE] BasicBinder - binding parameter [2] as [TIMESTAMP] - [Sat Nov 11 11:11:11 EST 1111]
2021-04-14T16:44:40,099|[TRACE] BasicBinder - binding parameter [3] as [VARCHAR] - [JUNIT]
2021-04-14T16:44:40,099|[TRACE] BasicBinder - binding parameter [4] as [INTEGER] - [null]
2021-04-14T16:44:40,099|[TRACE] BasicBinder - binding parameter [5] as [BOOLEAN] - [true]
2021-04-14T16:44:40,099|[DEBUG] SQL - 
    /* insert entity.BloodDonation
        */ insert 
        into
            simplebloodbank.blood_donation
            (bank_id, blood_group, created, milliliters, rhd) 
        values
            (?, ?, ?, ?, ?)
2021-04-14T16:44:40,099|[TRACE] BasicBinder - binding parameter [1] as [INTEGER] - [47]
2021-04-14T16:44:40,099|[TRACE] BasicBinder - binding parameter [2] as [VARCHAR] - [AB]
2021-04-14T16:44:40,099|[TRACE] BasicBinder - binding parameter [3] as [TIMESTAMP] - [Sat Nov 11 11:11:11 EST 1111]
2021-04-14T16:44:40,099|[TRACE] BasicBinder - binding parameter [4] as [INTEGER] - [100]
2021-04-14T16:44:40,099|[DEBUG] AttributeConverterSqlTypeDescriptorAdapter - Converted value on binding : Negative -> -
2021-04-14T16:44:40,099|[TRACE] BasicBinder - binding parameter [5] as [VARCHAR] - [-]
2021-04-14T16:44:40,099|[DEBUG] EMFactory - getting EntityManagerFactory
2021-04-14T16:44:40,099|[DEBUG] EMFactory - initializeing EntityManagerFactory
2021-04-14T16:44:40,099|[DEBUG] SQL - 
    /* BloodDonation.findByBloodGroup */ select
        blooddonat0_.donation_id as donation1_2_,
        blooddonat0_.bank_id as bank_id6_2_,
        blooddonat0_.blood_group as blood_gr2_2_,
        blooddonat0_.created as created3_2_,
        blooddonat0_.milliliters as millilit4_2_,
        blooddonat0_.rhd as rhd5_2_ 
    from
        simplebloodbank.blood_donation blooddonat0_ 
    where
        blooddonat0_.blood_group=?
2021-04-14T16:44:40,099|[TRACE] BasicBinder - binding parameter [1] as [VARCHAR] - [AB]
2021-04-14T16:44:40,099|[TRACE] BasicExtractor - extracted value ([donation1_2_] : [INTEGER]) - [3]
2021-04-14T16:44:40,099|[TRACE] BasicExtractor - extracted value ([bank_id6_2_] : [INTEGER]) - [47]
2021-04-14T16:44:40,099|[TRACE] BasicExtractor - extracted value ([blood_gr2_2_] : [VARCHAR]) - [AB]
2021-04-14T16:44:40,099|[TRACE] BasicExtractor - extracted value ([created3_2_] : [TIMESTAMP]) - [1111-11-11 11:11:11.0]
2021-04-14T16:44:40,099|[TRACE] BasicExtractor - extracted value ([millilit4_2_] : [INTEGER]) - [100]
2021-04-14T16:44:40,099|[TRACE] BasicExtractor - extracted value ([rhd5_2_] : [VARCHAR]) - [-]
2021-04-14T16:44:40,099|[DEBUG] AttributeConverterSqlTypeDescriptorAdapter - Converted value on extraction: - -> Negative
2021-04-14T16:44:40,099|[DEBUG] EMFactory - getting EntityManagerFactory
2021-04-14T16:44:40,099|[DEBUG] EMFactory - initializeing EntityManagerFactory
2021-04-14T16:44:40,115|[DEBUG] SQL - 
    /* load entity.BloodDonation */ select
        blooddonat0_.donation_id as donation1_2_0_,
        blooddonat0_.bank_id as bank_id6_2_0_,
        blooddonat0_.blood_group as blood_gr2_2_0_,
        blooddonat0_.created as created3_2_0_,
        blooddonat0_.milliliters as millilit4_2_0_,
        blooddonat0_.rhd as rhd5_2_0_ 
    from
        simplebloodbank.blood_donation blooddonat0_ 
    where
        blooddonat0_.donation_id=?
2021-04-14T16:44:40,115|[TRACE] BasicBinder - binding parameter [1] as [INTEGER] - [3]
2021-04-14T16:44:40,115|[TRACE] BasicExtractor - extracted value ([bank_id6_2_0_] : [INTEGER]) - [47]
2021-04-14T16:44:40,115|[TRACE] BasicExtractor - extracted value ([blood_gr2_2_0_] : [VARCHAR]) - [AB]
2021-04-14T16:44:40,115|[TRACE] BasicExtractor - extracted value ([created3_2_0_] : [TIMESTAMP]) - [1111-11-11 11:11:11.0]
2021-04-14T16:44:40,115|[TRACE] BasicExtractor - extracted value ([millilit4_2_0_] : [INTEGER]) - [100]
2021-04-14T16:44:40,115|[TRACE] BasicExtractor - extracted value ([rhd5_2_0_] : [VARCHAR]) - [-]
2021-04-14T16:44:40,115|[DEBUG] AttributeConverterSqlTypeDescriptorAdapter - Converted value on extraction: - -> Negative
2021-04-14T16:44:40,115|[DEBUG] SQL - 
    /* delete entity.BloodDonation */ delete 
        from
            simplebloodbank.blood_donation 
        where
            donation_id=?
2021-04-14T16:44:40,115|[TRACE] BasicBinder - binding parameter [1] as [INTEGER] - [3]
2021-04-14T16:44:40,115|[DEBUG] EMFactory - getting EntityManagerFactory
2021-04-14T16:44:40,115|[DEBUG] EMFactory - initializeing EntityManagerFactory
2021-04-14T16:44:40,115|[DEBUG] SQL - 
    select
        bloodbank0_.bank_id as bank_id1_1_0_,
        bloodbank0_.employee_count as employee2_1_0_,
        bloodbank0_.established as establis3_1_0_,
        bloodbank0_.name as name4_1_0_,
        bloodbank0_.owner as owner6_1_0_,
        bloodbank0_.privately_owned as privatel5_1_0_ 
    from
        simplebloodbank.blood_bank bloodbank0_ 
    where
        bloodbank0_.bank_id=?
2021-04-14T16:44:40,115|[TRACE] BasicBinder - binding parameter [1] as [INTEGER] - [47]
2021-04-14T16:44:40,115|[TRACE] BasicExtractor - extracted value ([employee2_1_0_] : [INTEGER]) - [111]
2021-04-14T16:44:40,115|[TRACE] BasicExtractor - extracted value ([establis3_1_0_] : [TIMESTAMP]) - [1111-11-11 11:11:11.0]
2021-04-14T16:44:40,115|[TRACE] BasicExtractor - extracted value ([name4_1_0_] : [VARCHAR]) - [JUNIT]
2021-04-14T16:44:40,115|[TRACE] BasicExtractor - extracted value ([owner6_1_0_] : [INTEGER]) - [null]
2021-04-14T16:44:40,115|[TRACE] BasicExtractor - extracted value ([privatel5_1_0_] : [BOOLEAN]) - [true]
2021-04-14T16:44:40,115|[DEBUG] SQL - 
    /* delete entity.BloodBank */ delete 
        from
            simplebloodbank.blood_bank 
        where
            bank_id=?
2021-04-14T16:44:40,115|[TRACE] BasicBinder - binding parameter [1] as [INTEGER] - [47]
]]></system-out>
    <system-err><![CDATA[Apr. 14, 2021 4:44:40 P.M. dal.GenericDAL lambda$setParameters$0
INFO: setParameters: bloodGroup=AB
]]></system-err>
  </testcase>
  <testcase name="testCreateEntityNullAndEmptyValues" classname="logic.BloodDonationTest" time="0.031">
    <system-out><![CDATA[2021-04-14T16:44:40,115|[DEBUG] EMFactory - getting EntityManagerFactory
2021-04-14T16:44:40,115|[DEBUG] EMFactory - initializeing EntityManagerFactory
2021-04-14T16:44:40,115|[DEBUG] SQL - 
    select
        bloodbank0_.bank_id as bank_id1_1_0_,
        bloodbank0_.employee_count as employee2_1_0_,
        bloodbank0_.established as establis3_1_0_,
        bloodbank0_.name as name4_1_0_,
        bloodbank0_.owner as owner6_1_0_,
        bloodbank0_.privately_owned as privatel5_1_0_ 
    from
        simplebloodbank.blood_bank bloodbank0_ 
    where
        bloodbank0_.bank_id=?
2021-04-14T16:44:40,115|[TRACE] BasicBinder - binding parameter [1] as [INTEGER] - [1]
2021-04-14T16:44:40,115|[DEBUG] SQL - 
    /* insert entity.BloodBank
        */ insert 
        into
            simplebloodbank.blood_bank
            (employee_count, established, name, owner, privately_owned) 
        values
            (?, ?, ?, ?, ?)
2021-04-14T16:44:40,115|[TRACE] BasicBinder - binding parameter [1] as [INTEGER] - [111]
2021-04-14T16:44:40,115|[TRACE] BasicBinder - binding parameter [2] as [TIMESTAMP] - [Sat Nov 11 11:11:11 EST 1111]
2021-04-14T16:44:40,115|[TRACE] BasicBinder - binding parameter [3] as [VARCHAR] - [JUNIT]
2021-04-14T16:44:40,115|[TRACE] BasicBinder - binding parameter [4] as [INTEGER] - [null]
2021-04-14T16:44:40,115|[TRACE] BasicBinder - binding parameter [5] as [BOOLEAN] - [true]
2021-04-14T16:44:40,131|[DEBUG] SQL - 
    /* insert entity.BloodDonation
        */ insert 
        into
            simplebloodbank.blood_donation
            (bank_id, blood_group, created, milliliters, rhd) 
        values
            (?, ?, ?, ?, ?)
2021-04-14T16:44:40,131|[TRACE] BasicBinder - binding parameter [1] as [INTEGER] - [48]
2021-04-14T16:44:40,131|[TRACE] BasicBinder - binding parameter [2] as [VARCHAR] - [AB]
2021-04-14T16:44:40,131|[TRACE] BasicBinder - binding parameter [3] as [TIMESTAMP] - [Sat Nov 11 11:11:11 EST 1111]
2021-04-14T16:44:40,131|[TRACE] BasicBinder - binding parameter [4] as [INTEGER] - [100]
2021-04-14T16:44:40,131|[DEBUG] AttributeConverterSqlTypeDescriptorAdapter - Converted value on binding : Negative -> -
2021-04-14T16:44:40,131|[TRACE] BasicBinder - binding parameter [5] as [VARCHAR] - [-]
2021-04-14T16:44:40,131|[DEBUG] EMFactory - getting EntityManagerFactory
2021-04-14T16:44:40,131|[DEBUG] EMFactory - initializeing EntityManagerFactory
2021-04-14T16:44:40,131|[DEBUG] SQL - 
    /* load entity.BloodDonation */ select
        blooddonat0_.donation_id as donation1_2_0_,
        blooddonat0_.bank_id as bank_id6_2_0_,
        blooddonat0_.blood_group as blood_gr2_2_0_,
        blooddonat0_.created as created3_2_0_,
        blooddonat0_.milliliters as millilit4_2_0_,
        blooddonat0_.rhd as rhd5_2_0_ 
    from
        simplebloodbank.blood_donation blooddonat0_ 
    where
        blooddonat0_.donation_id=?
2021-04-14T16:44:40,131|[TRACE] BasicBinder - binding parameter [1] as [INTEGER] - [4]
2021-04-14T16:44:40,131|[TRACE] BasicExtractor - extracted value ([bank_id6_2_0_] : [INTEGER]) - [48]
2021-04-14T16:44:40,131|[TRACE] BasicExtractor - extracted value ([blood_gr2_2_0_] : [VARCHAR]) - [AB]
2021-04-14T16:44:40,131|[TRACE] BasicExtractor - extracted value ([created3_2_0_] : [TIMESTAMP]) - [1111-11-11 11:11:11.0]
2021-04-14T16:44:40,131|[TRACE] BasicExtractor - extracted value ([millilit4_2_0_] : [INTEGER]) - [100]
2021-04-14T16:44:40,131|[TRACE] BasicExtractor - extracted value ([rhd5_2_0_] : [VARCHAR]) - [-]
2021-04-14T16:44:40,131|[DEBUG] AttributeConverterSqlTypeDescriptorAdapter - Converted value on extraction: - -> Negative
2021-04-14T16:44:40,131|[DEBUG] SQL - 
    /* delete entity.BloodDonation */ delete 
        from
            simplebloodbank.blood_donation 
        where
            donation_id=?
2021-04-14T16:44:40,131|[TRACE] BasicBinder - binding parameter [1] as [INTEGER] - [4]
2021-04-14T16:44:40,131|[DEBUG] EMFactory - getting EntityManagerFactory
2021-04-14T16:44:40,131|[DEBUG] EMFactory - initializeing EntityManagerFactory
2021-04-14T16:44:40,131|[DEBUG] SQL - 
    select
        bloodbank0_.bank_id as bank_id1_1_0_,
        bloodbank0_.employee_count as employee2_1_0_,
        bloodbank0_.established as establis3_1_0_,
        bloodbank0_.name as name4_1_0_,
        bloodbank0_.owner as owner6_1_0_,
        bloodbank0_.privately_owned as privatel5_1_0_ 
    from
        simplebloodbank.blood_bank bloodbank0_ 
    where
        bloodbank0_.bank_id=?
2021-04-14T16:44:40,131|[TRACE] BasicBinder - binding parameter [1] as [INTEGER] - [48]
2021-04-14T16:44:40,131|[TRACE] BasicExtractor - extracted value ([employee2_1_0_] : [INTEGER]) - [111]
2021-04-14T16:44:40,131|[TRACE] BasicExtractor - extracted value ([establis3_1_0_] : [TIMESTAMP]) - [1111-11-11 11:11:11.0]
2021-04-14T16:44:40,131|[TRACE] BasicExtractor - extracted value ([name4_1_0_] : [VARCHAR]) - [JUNIT]
2021-04-14T16:44:40,131|[TRACE] BasicExtractor - extracted value ([owner6_1_0_] : [INTEGER]) - [null]
2021-04-14T16:44:40,131|[TRACE] BasicExtractor - extracted value ([privatel5_1_0_] : [BOOLEAN]) - [true]
2021-04-14T16:44:40,131|[DEBUG] SQL - 
    /* delete entity.BloodBank */ delete 
        from
            simplebloodbank.blood_bank 
        where
            bank_id=?
2021-04-14T16:44:40,131|[TRACE] BasicBinder - binding parameter [1] as [INTEGER] - [48]
]]></system-out>
  </testcase>
  <testcase name="testExtractDataAsList" classname="logic.BloodDonationTest" time="0.016">
    <system-out><![CDATA[2021-04-14T16:44:40,146|[DEBUG] EMFactory - getting EntityManagerFactory
2021-04-14T16:44:40,146|[DEBUG] EMFactory - initializeing EntityManagerFactory
2021-04-14T16:44:40,146|[DEBUG] SQL - 
    select
        bloodbank0_.bank_id as bank_id1_1_0_,
        bloodbank0_.employee_count as employee2_1_0_,
        bloodbank0_.established as establis3_1_0_,
        bloodbank0_.name as name4_1_0_,
        bloodbank0_.owner as owner6_1_0_,
        bloodbank0_.privately_owned as privatel5_1_0_ 
    from
        simplebloodbank.blood_bank bloodbank0_ 
    where
        bloodbank0_.bank_id=?
2021-04-14T16:44:40,146|[TRACE] BasicBinder - binding parameter [1] as [INTEGER] - [1]
2021-04-14T16:44:40,146|[DEBUG] SQL - 
    /* insert entity.BloodBank
        */ insert 
        into
            simplebloodbank.blood_bank
            (employee_count, established, name, owner, privately_owned) 
        values
            (?, ?, ?, ?, ?)
2021-04-14T16:44:40,146|[TRACE] BasicBinder - binding parameter [1] as [INTEGER] - [111]
2021-04-14T16:44:40,146|[TRACE] BasicBinder - binding parameter [2] as [TIMESTAMP] - [Sat Nov 11 11:11:11 EST 1111]
2021-04-14T16:44:40,146|[TRACE] BasicBinder - binding parameter [3] as [VARCHAR] - [JUNIT]
2021-04-14T16:44:40,146|[TRACE] BasicBinder - binding parameter [4] as [INTEGER] - [null]
2021-04-14T16:44:40,146|[TRACE] BasicBinder - binding parameter [5] as [BOOLEAN] - [true]
2021-04-14T16:44:40,146|[DEBUG] SQL - 
    /* insert entity.BloodDonation
        */ insert 
        into
            simplebloodbank.blood_donation
            (bank_id, blood_group, created, milliliters, rhd) 
        values
            (?, ?, ?, ?, ?)
2021-04-14T16:44:40,146|[TRACE] BasicBinder - binding parameter [1] as [INTEGER] - [49]
2021-04-14T16:44:40,146|[TRACE] BasicBinder - binding parameter [2] as [VARCHAR] - [AB]
2021-04-14T16:44:40,146|[TRACE] BasicBinder - binding parameter [3] as [TIMESTAMP] - [Sat Nov 11 11:11:11 EST 1111]
2021-04-14T16:44:40,146|[TRACE] BasicBinder - binding parameter [4] as [INTEGER] - [100]
2021-04-14T16:44:40,146|[DEBUG] AttributeConverterSqlTypeDescriptorAdapter - Converted value on binding : Negative -> -
2021-04-14T16:44:40,146|[TRACE] BasicBinder - binding parameter [5] as [VARCHAR] - [-]
2021-04-14T16:44:40,146|[DEBUG] EMFactory - getting EntityManagerFactory
2021-04-14T16:44:40,146|[DEBUG] EMFactory - initializeing EntityManagerFactory
2021-04-14T16:44:40,146|[DEBUG] SQL - 
    /* load entity.BloodDonation */ select
        blooddonat0_.donation_id as donation1_2_0_,
        blooddonat0_.bank_id as bank_id6_2_0_,
        blooddonat0_.blood_group as blood_gr2_2_0_,
        blooddonat0_.created as created3_2_0_,
        blooddonat0_.milliliters as millilit4_2_0_,
        blooddonat0_.rhd as rhd5_2_0_ 
    from
        simplebloodbank.blood_donation blooddonat0_ 
    where
        blooddonat0_.donation_id=?
2021-04-14T16:44:40,146|[TRACE] BasicBinder - binding parameter [1] as [INTEGER] - [5]
2021-04-14T16:44:40,146|[TRACE] BasicExtractor - extracted value ([bank_id6_2_0_] : [INTEGER]) - [49]
2021-04-14T16:44:40,146|[TRACE] BasicExtractor - extracted value ([blood_gr2_2_0_] : [VARCHAR]) - [AB]
2021-04-14T16:44:40,146|[TRACE] BasicExtractor - extracted value ([created3_2_0_] : [TIMESTAMP]) - [1111-11-11 11:11:11.0]
2021-04-14T16:44:40,146|[TRACE] BasicExtractor - extracted value ([millilit4_2_0_] : [INTEGER]) - [100]
2021-04-14T16:44:40,146|[TRACE] BasicExtractor - extracted value ([rhd5_2_0_] : [VARCHAR]) - [-]
2021-04-14T16:44:40,146|[DEBUG] AttributeConverterSqlTypeDescriptorAdapter - Converted value on extraction: - -> Negative
2021-04-14T16:44:40,146|[DEBUG] SQL - 
    /* delete entity.BloodDonation */ delete 
        from
            simplebloodbank.blood_donation 
        where
            donation_id=?
2021-04-14T16:44:40,146|[TRACE] BasicBinder - binding parameter [1] as [INTEGER] - [5]
2021-04-14T16:44:40,146|[DEBUG] EMFactory - getting EntityManagerFactory
2021-04-14T16:44:40,146|[DEBUG] EMFactory - initializeing EntityManagerFactory
2021-04-14T16:44:40,146|[DEBUG] SQL - 
    select
        bloodbank0_.bank_id as bank_id1_1_0_,
        bloodbank0_.employee_count as employee2_1_0_,
        bloodbank0_.established as establis3_1_0_,
        bloodbank0_.name as name4_1_0_,
        bloodbank0_.owner as owner6_1_0_,
        bloodbank0_.privately_owned as privatel5_1_0_ 
    from
        simplebloodbank.blood_bank bloodbank0_ 
    where
        bloodbank0_.bank_id=?
2021-04-14T16:44:40,146|[TRACE] BasicBinder - binding parameter [1] as [INTEGER] - [49]
2021-04-14T16:44:40,146|[TRACE] BasicExtractor - extracted value ([employee2_1_0_] : [INTEGER]) - [111]
2021-04-14T16:44:40,146|[TRACE] BasicExtractor - extracted value ([establis3_1_0_] : [TIMESTAMP]) - [1111-11-11 11:11:11.0]
2021-04-14T16:44:40,146|[TRACE] BasicExtractor - extracted value ([name4_1_0_] : [VARCHAR]) - [JUNIT]
2021-04-14T16:44:40,146|[TRACE] BasicExtractor - extracted value ([owner6_1_0_] : [INTEGER]) - [null]
2021-04-14T16:44:40,146|[TRACE] BasicExtractor - extracted value ([privatel5_1_0_] : [BOOLEAN]) - [true]
2021-04-14T16:44:40,146|[DEBUG] SQL - 
    /* delete entity.BloodBank */ delete 
        from
            simplebloodbank.blood_bank 
        where
            bank_id=?
2021-04-14T16:44:40,146|[TRACE] BasicBinder - binding parameter [1] as [INTEGER] - [49]
]]></system-out>
  </testcase>
  <testcase name="testCreateEntityBadRhesusFactorValue" classname="logic.BloodDonationTest" time="0.016">
    <system-out><![CDATA[2021-04-14T16:44:40,162|[DEBUG] EMFactory - getting EntityManagerFactory
2021-04-14T16:44:40,162|[DEBUG] EMFactory - initializeing EntityManagerFactory
2021-04-14T16:44:40,162|[DEBUG] SQL - 
    select
        bloodbank0_.bank_id as bank_id1_1_0_,
        bloodbank0_.employee_count as employee2_1_0_,
        bloodbank0_.established as establis3_1_0_,
        bloodbank0_.name as name4_1_0_,
        bloodbank0_.owner as owner6_1_0_,
        bloodbank0_.privately_owned as privatel5_1_0_ 
    from
        simplebloodbank.blood_bank bloodbank0_ 
    where
        bloodbank0_.bank_id=?
2021-04-14T16:44:40,162|[TRACE] BasicBinder - binding parameter [1] as [INTEGER] - [1]
2021-04-14T16:44:40,162|[DEBUG] SQL - 
    /* insert entity.BloodBank
        */ insert 
        into
            simplebloodbank.blood_bank
            (employee_count, established, name, owner, privately_owned) 
        values
            (?, ?, ?, ?, ?)
2021-04-14T16:44:40,162|[TRACE] BasicBinder - binding parameter [1] as [INTEGER] - [111]
2021-04-14T16:44:40,162|[TRACE] BasicBinder - binding parameter [2] as [TIMESTAMP] - [Sat Nov 11 11:11:11 EST 1111]
2021-04-14T16:44:40,162|[TRACE] BasicBinder - binding parameter [3] as [VARCHAR] - [JUNIT]
2021-04-14T16:44:40,162|[TRACE] BasicBinder - binding parameter [4] as [INTEGER] - [null]
2021-04-14T16:44:40,162|[TRACE] BasicBinder - binding parameter [5] as [BOOLEAN] - [true]
2021-04-14T16:44:40,162|[DEBUG] SQL - 
    /* insert entity.BloodDonation
        */ insert 
        into
            simplebloodbank.blood_donation
            (bank_id, blood_group, created, milliliters, rhd) 
        values
            (?, ?, ?, ?, ?)
2021-04-14T16:44:40,162|[TRACE] BasicBinder - binding parameter [1] as [INTEGER] - [50]
2021-04-14T16:44:40,162|[TRACE] BasicBinder - binding parameter [2] as [VARCHAR] - [AB]
2021-04-14T16:44:40,162|[TRACE] BasicBinder - binding parameter [3] as [TIMESTAMP] - [Sat Nov 11 11:11:11 EST 1111]
2021-04-14T16:44:40,162|[TRACE] BasicBinder - binding parameter [4] as [INTEGER] - [100]
2021-04-14T16:44:40,162|[DEBUG] AttributeConverterSqlTypeDescriptorAdapter - Converted value on binding : Negative -> -
2021-04-14T16:44:40,162|[TRACE] BasicBinder - binding parameter [5] as [VARCHAR] - [-]
2021-04-14T16:44:40,162|[DEBUG] EMFactory - getting EntityManagerFactory
2021-04-14T16:44:40,162|[DEBUG] EMFactory - initializeing EntityManagerFactory
2021-04-14T16:44:40,162|[DEBUG] SQL - 
    /* load entity.BloodDonation */ select
        blooddonat0_.donation_id as donation1_2_0_,
        blooddonat0_.bank_id as bank_id6_2_0_,
        blooddonat0_.blood_group as blood_gr2_2_0_,
        blooddonat0_.created as created3_2_0_,
        blooddonat0_.milliliters as millilit4_2_0_,
        blooddonat0_.rhd as rhd5_2_0_ 
    from
        simplebloodbank.blood_donation blooddonat0_ 
    where
        blooddonat0_.donation_id=?
2021-04-14T16:44:40,162|[TRACE] BasicBinder - binding parameter [1] as [INTEGER] - [6]
2021-04-14T16:44:40,162|[TRACE] BasicExtractor - extracted value ([bank_id6_2_0_] : [INTEGER]) - [50]
2021-04-14T16:44:40,162|[TRACE] BasicExtractor - extracted value ([blood_gr2_2_0_] : [VARCHAR]) - [AB]
2021-04-14T16:44:40,162|[TRACE] BasicExtractor - extracted value ([created3_2_0_] : [TIMESTAMP]) - [1111-11-11 11:11:11.0]
2021-04-14T16:44:40,162|[TRACE] BasicExtractor - extracted value ([millilit4_2_0_] : [INTEGER]) - [100]
2021-04-14T16:44:40,162|[TRACE] BasicExtractor - extracted value ([rhd5_2_0_] : [VARCHAR]) - [-]
2021-04-14T16:44:40,162|[DEBUG] AttributeConverterSqlTypeDescriptorAdapter - Converted value on extraction: - -> Negative
2021-04-14T16:44:40,162|[DEBUG] SQL - 
    /* delete entity.BloodDonation */ delete 
        from
            simplebloodbank.blood_donation 
        where
            donation_id=?
2021-04-14T16:44:40,162|[TRACE] BasicBinder - binding parameter [1] as [INTEGER] - [6]
2021-04-14T16:44:40,162|[DEBUG] EMFactory - getting EntityManagerFactory
2021-04-14T16:44:40,162|[DEBUG] EMFactory - initializeing EntityManagerFactory
2021-04-14T16:44:40,162|[DEBUG] SQL - 
    select
        bloodbank0_.bank_id as bank_id1_1_0_,
        bloodbank0_.employee_count as employee2_1_0_,
        bloodbank0_.established as establis3_1_0_,
        bloodbank0_.name as name4_1_0_,
        bloodbank0_.owner as owner6_1_0_,
        bloodbank0_.privately_owned as privatel5_1_0_ 
    from
        simplebloodbank.blood_bank bloodbank0_ 
    where
        bloodbank0_.bank_id=?
2021-04-14T16:44:40,162|[TRACE] BasicBinder - binding parameter [1] as [INTEGER] - [50]
2021-04-14T16:44:40,162|[TRACE] BasicExtractor - extracted value ([employee2_1_0_] : [INTEGER]) - [111]
2021-04-14T16:44:40,162|[TRACE] BasicExtractor - extracted value ([establis3_1_0_] : [TIMESTAMP]) - [1111-11-11 11:11:11.0]
2021-04-14T16:44:40,162|[TRACE] BasicExtractor - extracted value ([name4_1_0_] : [VARCHAR]) - [JUNIT]
2021-04-14T16:44:40,162|[TRACE] BasicExtractor - extracted value ([owner6_1_0_] : [INTEGER]) - [null]
2021-04-14T16:44:40,162|[TRACE] BasicExtractor - extracted value ([privatel5_1_0_] : [BOOLEAN]) - [true]
2021-04-14T16:44:40,162|[DEBUG] SQL - 
    /* delete entity.BloodBank */ delete 
        from
            simplebloodbank.blood_bank 
        where
            bank_id=?
2021-04-14T16:44:40,162|[TRACE] BasicBinder - binding parameter [1] as [INTEGER] - [50]
]]></system-out>
  </testcase>
  <testcase name="testCreateEntityBadBloodGroupValue" classname="logic.BloodDonationTest" time="0.015">
    <system-out><![CDATA[2021-04-14T16:44:40,178|[DEBUG] EMFactory - getting EntityManagerFactory
2021-04-14T16:44:40,178|[DEBUG] EMFactory - initializeing EntityManagerFactory
2021-04-14T16:44:40,178|[DEBUG] SQL - 
    select
        bloodbank0_.bank_id as bank_id1_1_0_,
        bloodbank0_.employee_count as employee2_1_0_,
        bloodbank0_.established as establis3_1_0_,
        bloodbank0_.name as name4_1_0_,
        bloodbank0_.owner as owner6_1_0_,
        bloodbank0_.privately_owned as privatel5_1_0_ 
    from
        simplebloodbank.blood_bank bloodbank0_ 
    where
        bloodbank0_.bank_id=?
2021-04-14T16:44:40,178|[TRACE] BasicBinder - binding parameter [1] as [INTEGER] - [1]
2021-04-14T16:44:40,178|[DEBUG] SQL - 
    /* insert entity.BloodBank
        */ insert 
        into
            simplebloodbank.blood_bank
            (employee_count, established, name, owner, privately_owned) 
        values
            (?, ?, ?, ?, ?)
2021-04-14T16:44:40,178|[TRACE] BasicBinder - binding parameter [1] as [INTEGER] - [111]
2021-04-14T16:44:40,178|[TRACE] BasicBinder - binding parameter [2] as [TIMESTAMP] - [Sat Nov 11 11:11:11 EST 1111]
2021-04-14T16:44:40,178|[TRACE] BasicBinder - binding parameter [3] as [VARCHAR] - [JUNIT]
2021-04-14T16:44:40,178|[TRACE] BasicBinder - binding parameter [4] as [INTEGER] - [null]
2021-04-14T16:44:40,178|[TRACE] BasicBinder - binding parameter [5] as [BOOLEAN] - [true]
2021-04-14T16:44:40,178|[DEBUG] SQL - 
    /* insert entity.BloodDonation
        */ insert 
        into
            simplebloodbank.blood_donation
            (bank_id, blood_group, created, milliliters, rhd) 
        values
            (?, ?, ?, ?, ?)
2021-04-14T16:44:40,178|[TRACE] BasicBinder - binding parameter [1] as [INTEGER] - [51]
2021-04-14T16:44:40,178|[TRACE] BasicBinder - binding parameter [2] as [VARCHAR] - [AB]
2021-04-14T16:44:40,178|[TRACE] BasicBinder - binding parameter [3] as [TIMESTAMP] - [Sat Nov 11 11:11:11 EST 1111]
2021-04-14T16:44:40,178|[TRACE] BasicBinder - binding parameter [4] as [INTEGER] - [100]
2021-04-14T16:44:40,178|[DEBUG] AttributeConverterSqlTypeDescriptorAdapter - Converted value on binding : Negative -> -
2021-04-14T16:44:40,178|[TRACE] BasicBinder - binding parameter [5] as [VARCHAR] - [-]
2021-04-14T16:44:40,178|[DEBUG] EMFactory - getting EntityManagerFactory
2021-04-14T16:44:40,178|[DEBUG] EMFactory - initializeing EntityManagerFactory
2021-04-14T16:44:40,178|[DEBUG] SQL - 
    /* load entity.BloodDonation */ select
        blooddonat0_.donation_id as donation1_2_0_,
        blooddonat0_.bank_id as bank_id6_2_0_,
        blooddonat0_.blood_group as blood_gr2_2_0_,
        blooddonat0_.created as created3_2_0_,
        blooddonat0_.milliliters as millilit4_2_0_,
        blooddonat0_.rhd as rhd5_2_0_ 
    from
        simplebloodbank.blood_donation blooddonat0_ 
    where
        blooddonat0_.donation_id=?
2021-04-14T16:44:40,178|[TRACE] BasicBinder - binding parameter [1] as [INTEGER] - [7]
2021-04-14T16:44:40,178|[TRACE] BasicExtractor - extracted value ([bank_id6_2_0_] : [INTEGER]) - [51]
2021-04-14T16:44:40,178|[TRACE] BasicExtractor - extracted value ([blood_gr2_2_0_] : [VARCHAR]) - [AB]
2021-04-14T16:44:40,178|[TRACE] BasicExtractor - extracted value ([created3_2_0_] : [TIMESTAMP]) - [1111-11-11 11:11:11.0]
2021-04-14T16:44:40,178|[TRACE] BasicExtractor - extracted value ([millilit4_2_0_] : [INTEGER]) - [100]
2021-04-14T16:44:40,178|[TRACE] BasicExtractor - extracted value ([rhd5_2_0_] : [VARCHAR]) - [-]
2021-04-14T16:44:40,178|[DEBUG] AttributeConverterSqlTypeDescriptorAdapter - Converted value on extraction: - -> Negative
2021-04-14T16:44:40,178|[DEBUG] SQL - 
    /* delete entity.BloodDonation */ delete 
        from
            simplebloodbank.blood_donation 
        where
            donation_id=?
2021-04-14T16:44:40,178|[TRACE] BasicBinder - binding parameter [1] as [INTEGER] - [7]
2021-04-14T16:44:40,178|[DEBUG] EMFactory - getting EntityManagerFactory
2021-04-14T16:44:40,178|[DEBUG] EMFactory - initializeing EntityManagerFactory
2021-04-14T16:44:40,178|[DEBUG] SQL - 
    select
        bloodbank0_.bank_id as bank_id1_1_0_,
        bloodbank0_.employee_count as employee2_1_0_,
        bloodbank0_.established as establis3_1_0_,
        bloodbank0_.name as name4_1_0_,
        bloodbank0_.owner as owner6_1_0_,
        bloodbank0_.privately_owned as privatel5_1_0_ 
    from
        simplebloodbank.blood_bank bloodbank0_ 
    where
        bloodbank0_.bank_id=?
2021-04-14T16:44:40,193|[TRACE] BasicBinder - binding parameter [1] as [INTEGER] - [51]
2021-04-14T16:44:40,193|[TRACE] BasicExtractor - extracted value ([employee2_1_0_] : [INTEGER]) - [111]
2021-04-14T16:44:40,193|[TRACE] BasicExtractor - extracted value ([establis3_1_0_] : [TIMESTAMP]) - [1111-11-11 11:11:11.0]
2021-04-14T16:44:40,193|[TRACE] BasicExtractor - extracted value ([name4_1_0_] : [VARCHAR]) - [JUNIT]
2021-04-14T16:44:40,193|[TRACE] BasicExtractor - extracted value ([owner6_1_0_] : [INTEGER]) - [null]
2021-04-14T16:44:40,193|[TRACE] BasicExtractor - extracted value ([privatel5_1_0_] : [BOOLEAN]) - [true]
2021-04-14T16:44:40,193|[DEBUG] SQL - 
    /* delete entity.BloodBank */ delete 
        from
            simplebloodbank.blood_bank 
        where
            bank_id=?
2021-04-14T16:44:40,193|[TRACE] BasicBinder - binding parameter [1] as [INTEGER] - [51]
]]></system-out>
  </testcase>
  <testcase name="testCreateEntityBadCreatedValue" classname="logic.BloodDonationTest" time="0.016">
    <system-out><![CDATA[2021-04-14T16:44:40,193|[DEBUG] EMFactory - getting EntityManagerFactory
2021-04-14T16:44:40,193|[DEBUG] EMFactory - initializeing EntityManagerFactory
2021-04-14T16:44:40,193|[DEBUG] SQL - 
    select
        bloodbank0_.bank_id as bank_id1_1_0_,
        bloodbank0_.employee_count as employee2_1_0_,
        bloodbank0_.established as establis3_1_0_,
        bloodbank0_.name as name4_1_0_,
        bloodbank0_.owner as owner6_1_0_,
        bloodbank0_.privately_owned as privatel5_1_0_ 
    from
        simplebloodbank.blood_bank bloodbank0_ 
    where
        bloodbank0_.bank_id=?
2021-04-14T16:44:40,193|[TRACE] BasicBinder - binding parameter [1] as [INTEGER] - [1]
2021-04-14T16:44:40,193|[DEBUG] SQL - 
    /* insert entity.BloodBank
        */ insert 
        into
            simplebloodbank.blood_bank
            (employee_count, established, name, owner, privately_owned) 
        values
            (?, ?, ?, ?, ?)
2021-04-14T16:44:40,193|[TRACE] BasicBinder - binding parameter [1] as [INTEGER] - [111]
2021-04-14T16:44:40,193|[TRACE] BasicBinder - binding parameter [2] as [TIMESTAMP] - [Sat Nov 11 11:11:11 EST 1111]
2021-04-14T16:44:40,193|[TRACE] BasicBinder - binding parameter [3] as [VARCHAR] - [JUNIT]
2021-04-14T16:44:40,193|[TRACE] BasicBinder - binding parameter [4] as [INTEGER] - [null]
2021-04-14T16:44:40,193|[TRACE] BasicBinder - binding parameter [5] as [BOOLEAN] - [true]
2021-04-14T16:44:40,193|[DEBUG] SQL - 
    /* insert entity.BloodDonation
        */ insert 
        into
            simplebloodbank.blood_donation
            (bank_id, blood_group, created, milliliters, rhd) 
        values
            (?, ?, ?, ?, ?)
2021-04-14T16:44:40,193|[TRACE] BasicBinder - binding parameter [1] as [INTEGER] - [52]
2021-04-14T16:44:40,193|[TRACE] BasicBinder - binding parameter [2] as [VARCHAR] - [AB]
2021-04-14T16:44:40,193|[TRACE] BasicBinder - binding parameter [3] as [TIMESTAMP] - [Sat Nov 11 11:11:11 EST 1111]
2021-04-14T16:44:40,193|[TRACE] BasicBinder - binding parameter [4] as [INTEGER] - [100]
2021-04-14T16:44:40,193|[DEBUG] AttributeConverterSqlTypeDescriptorAdapter - Converted value on binding : Negative -> -
2021-04-14T16:44:40,193|[TRACE] BasicBinder - binding parameter [5] as [VARCHAR] - [-]
2021-04-14T16:44:40,193|[DEBUG] EMFactory - getting EntityManagerFactory
2021-04-14T16:44:40,193|[DEBUG] EMFactory - initializeing EntityManagerFactory
2021-04-14T16:44:40,193|[DEBUG] SQL - 
    /* load entity.BloodDonation */ select
        blooddonat0_.donation_id as donation1_2_0_,
        blooddonat0_.bank_id as bank_id6_2_0_,
        blooddonat0_.blood_group as blood_gr2_2_0_,
        blooddonat0_.created as created3_2_0_,
        blooddonat0_.milliliters as millilit4_2_0_,
        blooddonat0_.rhd as rhd5_2_0_ 
    from
        simplebloodbank.blood_donation blooddonat0_ 
    where
        blooddonat0_.donation_id=?
2021-04-14T16:44:40,193|[TRACE] BasicBinder - binding parameter [1] as [INTEGER] - [8]
2021-04-14T16:44:40,193|[TRACE] BasicExtractor - extracted value ([bank_id6_2_0_] : [INTEGER]) - [52]
2021-04-14T16:44:40,193|[TRACE] BasicExtractor - extracted value ([blood_gr2_2_0_] : [VARCHAR]) - [AB]
2021-04-14T16:44:40,193|[TRACE] BasicExtractor - extracted value ([created3_2_0_] : [TIMESTAMP]) - [1111-11-11 11:11:11.0]
2021-04-14T16:44:40,193|[TRACE] BasicExtractor - extracted value ([millilit4_2_0_] : [INTEGER]) - [100]
2021-04-14T16:44:40,193|[TRACE] BasicExtractor - extracted value ([rhd5_2_0_] : [VARCHAR]) - [-]
2021-04-14T16:44:40,193|[DEBUG] AttributeConverterSqlTypeDescriptorAdapter - Converted value on extraction: - -> Negative
2021-04-14T16:44:40,193|[DEBUG] SQL - 
    /* delete entity.BloodDonation */ delete 
        from
            simplebloodbank.blood_donation 
        where
            donation_id=?
2021-04-14T16:44:40,193|[TRACE] BasicBinder - binding parameter [1] as [INTEGER] - [8]
2021-04-14T16:44:40,209|[DEBUG] EMFactory - getting EntityManagerFactory
2021-04-14T16:44:40,209|[DEBUG] EMFactory - initializeing EntityManagerFactory
2021-04-14T16:44:40,209|[DEBUG] SQL - 
    select
        bloodbank0_.bank_id as bank_id1_1_0_,
        bloodbank0_.employee_count as employee2_1_0_,
        bloodbank0_.established as establis3_1_0_,
        bloodbank0_.name as name4_1_0_,
        bloodbank0_.owner as owner6_1_0_,
        bloodbank0_.privately_owned as privatel5_1_0_ 
    from
        simplebloodbank.blood_bank bloodbank0_ 
    where
        bloodbank0_.bank_id=?
2021-04-14T16:44:40,209|[TRACE] BasicBinder - binding parameter [1] as [INTEGER] - [52]
2021-04-14T16:44:40,209|[TRACE] BasicExtractor - extracted value ([employee2_1_0_] : [INTEGER]) - [111]
2021-04-14T16:44:40,209|[TRACE] BasicExtractor - extracted value ([establis3_1_0_] : [TIMESTAMP]) - [1111-11-11 11:11:11.0]
2021-04-14T16:44:40,209|[TRACE] BasicExtractor - extracted value ([name4_1_0_] : [VARCHAR]) - [JUNIT]
2021-04-14T16:44:40,209|[TRACE] BasicExtractor - extracted value ([owner6_1_0_] : [INTEGER]) - [null]
2021-04-14T16:44:40,209|[TRACE] BasicExtractor - extracted value ([privatel5_1_0_] : [BOOLEAN]) - [true]
2021-04-14T16:44:40,209|[DEBUG] SQL - 
    /* delete entity.BloodBank */ delete 
        from
            simplebloodbank.blood_bank 
        where
            bank_id=?
2021-04-14T16:44:40,209|[TRACE] BasicBinder - binding parameter [1] as [INTEGER] - [52]
]]></system-out>
    <system-err><![CDATA[Apr. 14, 2021 4:44:40 P.M. logic.GenericLogic convertStringToDate
SEVERE: null
java.text.ParseException: Unparseable date: ""
	at java.base/java.text.DateFormat.parse(DateFormat.java:395)
	at logic.GenericLogic.convertStringToDate(GenericLogic.java:91)
	at logic.BloodDonationLogic.convertStringToDate(BloodDonationLogic.java:22)
	at logic.BloodDonationLogic.createEntity(BloodDonationLogic.java:97)
	at logic.BloodDonationTest.testCreateEntityBadCreatedValue(BloodDonationTest.java:364)
	at java.base/jdk.internal.reflect.NativeMethodAccessorImpl.invoke0(Native Method)
	at java.base/jdk.internal.reflect.NativeMethodAccessorImpl.invoke(NativeMethodAccessorImpl.java:62)
	at java.base/jdk.internal.reflect.DelegatingMethodAccessorImpl.invoke(DelegatingMethodAccessorImpl.java:43)
	at java.base/java.lang.reflect.Method.invoke(Method.java:566)
	at org.junit.platform.commons.util.ReflectionUtils.invokeMethod(ReflectionUtils.java:688)
	at org.junit.jupiter.engine.execution.MethodInvocation.proceed(MethodInvocation.java:60)
	at org.junit.jupiter.engine.execution.InvocationInterceptorChain$ValidatingInvocation.proceed(InvocationInterceptorChain.java:131)
	at org.junit.jupiter.engine.extension.TimeoutExtension.intercept(TimeoutExtension.java:149)
	at org.junit.jupiter.engine.extension.TimeoutExtension.interceptTestableMethod(TimeoutExtension.java:140)
	at org.junit.jupiter.engine.extension.TimeoutExtension.interceptTestMethod(TimeoutExtension.java:84)
	at org.junit.jupiter.engine.execution.ExecutableInvoker$ReflectiveInterceptorCall.lambda$ofVoidMethod$0(ExecutableInvoker.java:115)
	at org.junit.jupiter.engine.execution.ExecutableInvoker.lambda$invoke$0(ExecutableInvoker.java:105)
	at org.junit.jupiter.engine.execution.InvocationInterceptorChain$InterceptedInvocation.proceed(InvocationInterceptorChain.java:106)
	at org.junit.jupiter.engine.execution.InvocationInterceptorChain.proceed(InvocationInterceptorChain.java:64)
	at org.junit.jupiter.engine.execution.InvocationInterceptorChain.chainAndInvoke(InvocationInterceptorChain.java:45)
	at org.junit.jupiter.engine.execution.InvocationInterceptorChain.invoke(InvocationInterceptorChain.java:37)
	at org.junit.jupiter.engine.execution.ExecutableInvoker.invoke(ExecutableInvoker.java:104)
	at org.junit.jupiter.engine.execution.ExecutableInvoker.invoke(ExecutableInvoker.java:98)
	at org.junit.jupiter.engine.descriptor.TestMethodTestDescriptor.lambda$invokeTestMethod$6(TestMethodTestDescriptor.java:210)
	at org.junit.platform.engine.support.hierarchical.ThrowableCollector.execute(ThrowableCollector.java:73)
	at org.junit.jupiter.engine.descriptor.TestMethodTestDescriptor.invokeTestMethod(TestMethodTestDescriptor.java:206)
	at org.junit.jupiter.engine.descriptor.TestMethodTestDescriptor.execute(TestMethodTestDescriptor.java:131)
	at org.junit.jupiter.engine.descriptor.TestMethodTestDescriptor.execute(TestMethodTestDescriptor.java:65)
	at org.junit.platform.engine.support.hierarchical.NodeTestTask.lambda$executeRecursively$5(NodeTestTask.java:139)
	at org.junit.platform.engine.support.hierarchical.ThrowableCollector.execute(ThrowableCollector.java:73)
	at org.junit.platform.engine.support.hierarchical.NodeTestTask.lambda$executeRecursively$7(NodeTestTask.java:129)
	at org.junit.platform.engine.support.hierarchical.Node.around(Node.java:137)
	at org.junit.platform.engine.support.hierarchical.NodeTestTask.lambda$executeRecursively$8(NodeTestTask.java:127)
	at org.junit.platform.engine.support.hierarchical.ThrowableCollector.execute(ThrowableCollector.java:73)
	at org.junit.platform.engine.support.hierarchical.NodeTestTask.executeRecursively(NodeTestTask.java:126)
	at org.junit.platform.engine.support.hierarchical.NodeTestTask.execute(NodeTestTask.java:84)
	at java.base/java.util.ArrayList.forEach(ArrayList.java:1541)
	at org.junit.platform.engine.support.hierarchical.SameThreadHierarchicalTestExecutorService.invokeAll(SameThreadHierarchicalTestExecutorService.java:38)
	at org.junit.platform.engine.support.hierarchical.NodeTestTask.lambda$executeRecursively$5(NodeTestTask.java:143)
	at org.junit.platform.engine.support.hierarchical.ThrowableCollector.execute(ThrowableCollector.java:73)
	at org.junit.platform.engine.support.hierarchical.NodeTestTask.lambda$executeRecursively$7(NodeTestTask.java:129)
	at org.junit.platform.engine.support.hierarchical.Node.around(Node.java:137)
	at org.junit.platform.engine.support.hierarchical.NodeTestTask.lambda$executeRecursively$8(NodeTestTask.java:127)
	at org.junit.platform.engine.support.hierarchical.ThrowableCollector.execute(ThrowableCollector.java:73)
	at org.junit.platform.engine.support.hierarchical.NodeTestTask.executeRecursively(NodeTestTask.java:126)
	at org.junit.platform.engine.support.hierarchical.NodeTestTask.execute(NodeTestTask.java:84)
	at java.base/java.util.ArrayList.forEach(ArrayList.java:1541)
	at org.junit.platform.engine.support.hierarchical.SameThreadHierarchicalTestExecutorService.invokeAll(SameThreadHierarchicalTestExecutorService.java:38)
	at org.junit.platform.engine.support.hierarchical.NodeTestTask.lambda$executeRecursively$5(NodeTestTask.java:143)
	at org.junit.platform.engine.support.hierarchical.ThrowableCollector.execute(ThrowableCollector.java:73)
	at org.junit.platform.engine.support.hierarchical.NodeTestTask.lambda$executeRecursively$7(NodeTestTask.java:129)
	at org.junit.platform.engine.support.hierarchical.Node.around(Node.java:137)
	at org.junit.platform.engine.support.hierarchical.NodeTestTask.lambda$executeRecursively$8(NodeTestTask.java:127)
	at org.junit.platform.engine.support.hierarchical.ThrowableCollector.execute(ThrowableCollector.java:73)
	at org.junit.platform.engine.support.hierarchical.NodeTestTask.executeRecursively(NodeTestTask.java:126)
	at org.junit.platform.engine.support.hierarchical.NodeTestTask.execute(NodeTestTask.java:84)
	at org.junit.platform.engine.support.hierarchical.SameThreadHierarchicalTestExecutorService.submit(SameThreadHierarchicalTestExecutorService.java:32)
	at org.junit.platform.engine.support.hierarchical.HierarchicalTestExecutor.execute(HierarchicalTestExecutor.java:57)
	at org.junit.platform.engine.support.hierarchical.HierarchicalTestEngine.execute(HierarchicalTestEngine.java:51)
	at org.junit.platform.launcher.core.EngineExecutionOrchestrator.execute(EngineExecutionOrchestrator.java:108)
	at org.junit.platform.launcher.core.EngineExecutionOrchestrator.execute(EngineExecutionOrchestrator.java:88)
	at org.junit.platform.launcher.core.EngineExecutionOrchestrator.lambda$execute$0(EngineExecutionOrchestrator.java:54)
	at org.junit.platform.launcher.core.EngineExecutionOrchestrator.withInterceptedStreams(EngineExecutionOrchestrator.java:67)
	at org.junit.platform.launcher.core.EngineExecutionOrchestrator.execute(EngineExecutionOrchestrator.java:52)
	at org.junit.platform.launcher.core.DefaultLauncher.execute(DefaultLauncher.java:96)
	at org.junit.platform.launcher.core.DefaultLauncher.execute(DefaultLauncher.java:75)
	at org.apache.maven.surefire.junitplatform.JUnitPlatformProvider.execute(JUnitPlatformProvider.java:188)
	at org.apache.maven.surefire.junitplatform.JUnitPlatformProvider.invokeAllTests(JUnitPlatformProvider.java:154)
	at org.apache.maven.surefire.junitplatform.JUnitPlatformProvider.invoke(JUnitPlatformProvider.java:128)
	at org.apache.maven.surefire.booter.ForkedBooter.runSuitesInProcess(ForkedBooter.java:428)
	at org.apache.maven.surefire.booter.ForkedBooter.execute(ForkedBooter.java:162)
	at org.apache.maven.surefire.booter.ForkedBooter.run(ForkedBooter.java:562)
	at org.apache.maven.surefire.booter.ForkedBooter.main(ForkedBooter.java:548)

Apr. 14, 2021 4:44:40 P.M. logic.BloodDonationLogic createEntity
SEVERE: null
common.ValidationException: failed to format String="" to a date object
	at logic.GenericLogic.convertStringToDate(GenericLogic.java:94)
	at logic.BloodDonationLogic.convertStringToDate(BloodDonationLogic.java:22)
	at logic.BloodDonationLogic.createEntity(BloodDonationLogic.java:97)
	at logic.BloodDonationTest.testCreateEntityBadCreatedValue(BloodDonationTest.java:364)
	at java.base/jdk.internal.reflect.NativeMethodAccessorImpl.invoke0(Native Method)
	at java.base/jdk.internal.reflect.NativeMethodAccessorImpl.invoke(NativeMethodAccessorImpl.java:62)
	at java.base/jdk.internal.reflect.DelegatingMethodAccessorImpl.invoke(DelegatingMethodAccessorImpl.java:43)
	at java.base/java.lang.reflect.Method.invoke(Method.java:566)
	at org.junit.platform.commons.util.ReflectionUtils.invokeMethod(ReflectionUtils.java:688)
	at org.junit.jupiter.engine.execution.MethodInvocation.proceed(MethodInvocation.java:60)
	at org.junit.jupiter.engine.execution.InvocationInterceptorChain$ValidatingInvocation.proceed(InvocationInterceptorChain.java:131)
	at org.junit.jupiter.engine.extension.TimeoutExtension.intercept(TimeoutExtension.java:149)
	at org.junit.jupiter.engine.extension.TimeoutExtension.interceptTestableMethod(TimeoutExtension.java:140)
	at org.junit.jupiter.engine.extension.TimeoutExtension.interceptTestMethod(TimeoutExtension.java:84)
	at org.junit.jupiter.engine.execution.ExecutableInvoker$ReflectiveInterceptorCall.lambda$ofVoidMethod$0(ExecutableInvoker.java:115)
	at org.junit.jupiter.engine.execution.ExecutableInvoker.lambda$invoke$0(ExecutableInvoker.java:105)
	at org.junit.jupiter.engine.execution.InvocationInterceptorChain$InterceptedInvocation.proceed(InvocationInterceptorChain.java:106)
	at org.junit.jupiter.engine.execution.InvocationInterceptorChain.proceed(InvocationInterceptorChain.java:64)
	at org.junit.jupiter.engine.execution.InvocationInterceptorChain.chainAndInvoke(InvocationInterceptorChain.java:45)
	at org.junit.jupiter.engine.execution.InvocationInterceptorChain.invoke(InvocationInterceptorChain.java:37)
	at org.junit.jupiter.engine.execution.ExecutableInvoker.invoke(ExecutableInvoker.java:104)
	at org.junit.jupiter.engine.execution.ExecutableInvoker.invoke(ExecutableInvoker.java:98)
	at org.junit.jupiter.engine.descriptor.TestMethodTestDescriptor.lambda$invokeTestMethod$6(TestMethodTestDescriptor.java:210)
	at org.junit.platform.engine.support.hierarchical.ThrowableCollector.execute(ThrowableCollector.java:73)
	at org.junit.jupiter.engine.descriptor.TestMethodTestDescriptor.invokeTestMethod(TestMethodTestDescriptor.java:206)
	at org.junit.jupiter.engine.descriptor.TestMethodTestDescriptor.execute(TestMethodTestDescriptor.java:131)
	at org.junit.jupiter.engine.descriptor.TestMethodTestDescriptor.execute(TestMethodTestDescriptor.java:65)
	at org.junit.platform.engine.support.hierarchical.NodeTestTask.lambda$executeRecursively$5(NodeTestTask.java:139)
	at org.junit.platform.engine.support.hierarchical.ThrowableCollector.execute(ThrowableCollector.java:73)
	at org.junit.platform.engine.support.hierarchical.NodeTestTask.lambda$executeRecursively$7(NodeTestTask.java:129)
	at org.junit.platform.engine.support.hierarchical.Node.around(Node.java:137)
	at org.junit.platform.engine.support.hierarchical.NodeTestTask.lambda$executeRecursively$8(NodeTestTask.java:127)
	at org.junit.platform.engine.support.hierarchical.ThrowableCollector.execute(ThrowableCollector.java:73)
	at org.junit.platform.engine.support.hierarchical.NodeTestTask.executeRecursively(NodeTestTask.java:126)
	at org.junit.platform.engine.support.hierarchical.NodeTestTask.execute(NodeTestTask.java:84)
	at java.base/java.util.ArrayList.forEach(ArrayList.java:1541)
	at org.junit.platform.engine.support.hierarchical.SameThreadHierarchicalTestExecutorService.invokeAll(SameThreadHierarchicalTestExecutorService.java:38)
	at org.junit.platform.engine.support.hierarchical.NodeTestTask.lambda$executeRecursively$5(NodeTestTask.java:143)
	at org.junit.platform.engine.support.hierarchical.ThrowableCollector.execute(ThrowableCollector.java:73)
	at org.junit.platform.engine.support.hierarchical.NodeTestTask.lambda$executeRecursively$7(NodeTestTask.java:129)
	at org.junit.platform.engine.support.hierarchical.Node.around(Node.java:137)
	at org.junit.platform.engine.support.hierarchical.NodeTestTask.lambda$executeRecursively$8(NodeTestTask.java:127)
	at org.junit.platform.engine.support.hierarchical.ThrowableCollector.execute(ThrowableCollector.java:73)
	at org.junit.platform.engine.support.hierarchical.NodeTestTask.executeRecursively(NodeTestTask.java:126)
	at org.junit.platform.engine.support.hierarchical.NodeTestTask.execute(NodeTestTask.java:84)
	at java.base/java.util.ArrayList.forEach(ArrayList.java:1541)
	at org.junit.platform.engine.support.hierarchical.SameThreadHierarchicalTestExecutorService.invokeAll(SameThreadHierarchicalTestExecutorService.java:38)
	at org.junit.platform.engine.support.hierarchical.NodeTestTask.lambda$executeRecursively$5(NodeTestTask.java:143)
	at org.junit.platform.engine.support.hierarchical.ThrowableCollector.execute(ThrowableCollector.java:73)
	at org.junit.platform.engine.support.hierarchical.NodeTestTask.lambda$executeRecursively$7(NodeTestTask.java:129)
	at org.junit.platform.engine.support.hierarchical.Node.around(Node.java:137)
	at org.junit.platform.engine.support.hierarchical.NodeTestTask.lambda$executeRecursively$8(NodeTestTask.java:127)
	at org.junit.platform.engine.support.hierarchical.ThrowableCollector.execute(ThrowableCollector.java:73)
	at org.junit.platform.engine.support.hierarchical.NodeTestTask.executeRecursively(NodeTestTask.java:126)
	at org.junit.platform.engine.support.hierarchical.NodeTestTask.execute(NodeTestTask.java:84)
	at org.junit.platform.engine.support.hierarchical.SameThreadHierarchicalTestExecutorService.submit(SameThreadHierarchicalTestExecutorService.java:32)
	at org.junit.platform.engine.support.hierarchical.HierarchicalTestExecutor.execute(HierarchicalTestExecutor.java:57)
	at org.junit.platform.engine.support.hierarchical.HierarchicalTestEngine.execute(HierarchicalTestEngine.java:51)
	at org.junit.platform.launcher.core.EngineExecutionOrchestrator.execute(EngineExecutionOrchestrator.java:108)
	at org.junit.platform.launcher.core.EngineExecutionOrchestrator.execute(EngineExecutionOrchestrator.java:88)
	at org.junit.platform.launcher.core.EngineExecutionOrchestrator.lambda$execute$0(EngineExecutionOrchestrator.java:54)
	at org.junit.platform.launcher.core.EngineExecutionOrchestrator.withInterceptedStreams(EngineExecutionOrchestrator.java:67)
	at org.junit.platform.launcher.core.EngineExecutionOrchestrator.execute(EngineExecutionOrchestrator.java:52)
	at org.junit.platform.launcher.core.DefaultLauncher.execute(DefaultLauncher.java:96)
	at org.junit.platform.launcher.core.DefaultLauncher.execute(DefaultLauncher.java:75)
	at org.apache.maven.surefire.junitplatform.JUnitPlatformProvider.execute(JUnitPlatformProvider.java:188)
	at org.apache.maven.surefire.junitplatform.JUnitPlatformProvider.invokeAllTests(JUnitPlatformProvider.java:154)
	at org.apache.maven.surefire.junitplatform.JUnitPlatformProvider.invoke(JUnitPlatformProvider.java:128)
	at org.apache.maven.surefire.booter.ForkedBooter.runSuitesInProcess(ForkedBooter.java:428)
	at org.apache.maven.surefire.booter.ForkedBooter.execute(ForkedBooter.java:162)
	at org.apache.maven.surefire.booter.ForkedBooter.run(ForkedBooter.java:562)
	at org.apache.maven.surefire.booter.ForkedBooter.main(ForkedBooter.java:548)
Caused by: java.text.ParseException: Unparseable date: ""
	at java.base/java.text.DateFormat.parse(DateFormat.java:395)
	at logic.GenericLogic.convertStringToDate(GenericLogic.java:91)
	... 71 more

]]></system-err>
  </testcase>
  <testcase name="testGetBloodDonationsWithMilliliters" classname="logic.BloodDonationTest" time="0.031">
    <system-out><![CDATA[2021-04-14T16:44:40,209|[DEBUG] EMFactory - getting EntityManagerFactory
2021-04-14T16:44:40,209|[DEBUG] EMFactory - initializeing EntityManagerFactory
2021-04-14T16:44:40,209|[DEBUG] SQL - 
    select
        bloodbank0_.bank_id as bank_id1_1_0_,
        bloodbank0_.employee_count as employee2_1_0_,
        bloodbank0_.established as establis3_1_0_,
        bloodbank0_.name as name4_1_0_,
        bloodbank0_.owner as owner6_1_0_,
        bloodbank0_.privately_owned as privatel5_1_0_ 
    from
        simplebloodbank.blood_bank bloodbank0_ 
    where
        bloodbank0_.bank_id=?
2021-04-14T16:44:40,209|[TRACE] BasicBinder - binding parameter [1] as [INTEGER] - [1]
2021-04-14T16:44:40,209|[DEBUG] SQL - 
    /* insert entity.BloodBank
        */ insert 
        into
            simplebloodbank.blood_bank
            (employee_count, established, name, owner, privately_owned) 
        values
            (?, ?, ?, ?, ?)
2021-04-14T16:44:40,209|[TRACE] BasicBinder - binding parameter [1] as [INTEGER] - [111]
2021-04-14T16:44:40,209|[TRACE] BasicBinder - binding parameter [2] as [TIMESTAMP] - [Sat Nov 11 11:11:11 EST 1111]
2021-04-14T16:44:40,209|[TRACE] BasicBinder - binding parameter [3] as [VARCHAR] - [JUNIT]
2021-04-14T16:44:40,209|[TRACE] BasicBinder - binding parameter [4] as [INTEGER] - [null]
2021-04-14T16:44:40,209|[TRACE] BasicBinder - binding parameter [5] as [BOOLEAN] - [true]
2021-04-14T16:44:40,209|[DEBUG] SQL - 
    /* insert entity.BloodDonation
        */ insert 
        into
            simplebloodbank.blood_donation
            (bank_id, blood_group, created, milliliters, rhd) 
        values
            (?, ?, ?, ?, ?)
2021-04-14T16:44:40,209|[TRACE] BasicBinder - binding parameter [1] as [INTEGER] - [53]
2021-04-14T16:44:40,209|[TRACE] BasicBinder - binding parameter [2] as [VARCHAR] - [AB]
2021-04-14T16:44:40,209|[TRACE] BasicBinder - binding parameter [3] as [TIMESTAMP] - [Sat Nov 11 11:11:11 EST 1111]
2021-04-14T16:44:40,209|[TRACE] BasicBinder - binding parameter [4] as [INTEGER] - [100]
2021-04-14T16:44:40,209|[DEBUG] AttributeConverterSqlTypeDescriptorAdapter - Converted value on binding : Negative -> -
2021-04-14T16:44:40,209|[TRACE] BasicBinder - binding parameter [5] as [VARCHAR] - [-]
2021-04-14T16:44:40,224|[DEBUG] EMFactory - getting EntityManagerFactory
2021-04-14T16:44:40,224|[DEBUG] EMFactory - initializeing EntityManagerFactory
2021-04-14T16:44:40,224|[DEBUG] SQL - 
    /* BloodDonation.findByMilliliters */ select
        blooddonat0_.donation_id as donation1_2_,
        blooddonat0_.bank_id as bank_id6_2_,
        blooddonat0_.blood_group as blood_gr2_2_,
        blooddonat0_.created as created3_2_,
        blooddonat0_.milliliters as millilit4_2_,
        blooddonat0_.rhd as rhd5_2_ 
    from
        simplebloodbank.blood_donation blooddonat0_ 
    where
        blooddonat0_.milliliters=?
2021-04-14T16:44:40,224|[TRACE] BasicBinder - binding parameter [1] as [INTEGER] - [100]
2021-04-14T16:44:40,224|[TRACE] BasicExtractor - extracted value ([donation1_2_] : [INTEGER]) - [9]
2021-04-14T16:44:40,224|[TRACE] BasicExtractor - extracted value ([bank_id6_2_] : [INTEGER]) - [53]
2021-04-14T16:44:40,224|[TRACE] BasicExtractor - extracted value ([blood_gr2_2_] : [VARCHAR]) - [AB]
2021-04-14T16:44:40,224|[TRACE] BasicExtractor - extracted value ([created3_2_] : [TIMESTAMP]) - [1111-11-11 11:11:11.0]
2021-04-14T16:44:40,224|[TRACE] BasicExtractor - extracted value ([millilit4_2_] : [INTEGER]) - [100]
2021-04-14T16:44:40,224|[TRACE] BasicExtractor - extracted value ([rhd5_2_] : [VARCHAR]) - [-]
2021-04-14T16:44:40,224|[DEBUG] AttributeConverterSqlTypeDescriptorAdapter - Converted value on extraction: - -> Negative
2021-04-14T16:44:40,224|[DEBUG] EMFactory - getting EntityManagerFactory
2021-04-14T16:44:40,224|[DEBUG] EMFactory - initializeing EntityManagerFactory
2021-04-14T16:44:40,224|[DEBUG] SQL - 
    /* load entity.BloodDonation */ select
        blooddonat0_.donation_id as donation1_2_0_,
        blooddonat0_.bank_id as bank_id6_2_0_,
        blooddonat0_.blood_group as blood_gr2_2_0_,
        blooddonat0_.created as created3_2_0_,
        blooddonat0_.milliliters as millilit4_2_0_,
        blooddonat0_.rhd as rhd5_2_0_ 
    from
        simplebloodbank.blood_donation blooddonat0_ 
    where
        blooddonat0_.donation_id=?
2021-04-14T16:44:40,224|[TRACE] BasicBinder - binding parameter [1] as [INTEGER] - [9]
2021-04-14T16:44:40,224|[TRACE] BasicExtractor - extracted value ([bank_id6_2_0_] : [INTEGER]) - [53]
2021-04-14T16:44:40,224|[TRACE] BasicExtractor - extracted value ([blood_gr2_2_0_] : [VARCHAR]) - [AB]
2021-04-14T16:44:40,224|[TRACE] BasicExtractor - extracted value ([created3_2_0_] : [TIMESTAMP]) - [1111-11-11 11:11:11.0]
2021-04-14T16:44:40,224|[TRACE] BasicExtractor - extracted value ([millilit4_2_0_] : [INTEGER]) - [100]
2021-04-14T16:44:40,224|[TRACE] BasicExtractor - extracted value ([rhd5_2_0_] : [VARCHAR]) - [-]
2021-04-14T16:44:40,240|[DEBUG] AttributeConverterSqlTypeDescriptorAdapter - Converted value on extraction: - -> Negative
2021-04-14T16:44:40,240|[DEBUG] SQL - 
    /* delete entity.BloodDonation */ delete 
        from
            simplebloodbank.blood_donation 
        where
            donation_id=?
2021-04-14T16:44:40,240|[TRACE] BasicBinder - binding parameter [1] as [INTEGER] - [9]
2021-04-14T16:44:40,240|[DEBUG] EMFactory - getting EntityManagerFactory
2021-04-14T16:44:40,240|[DEBUG] EMFactory - initializeing EntityManagerFactory
2021-04-14T16:44:40,240|[DEBUG] SQL - 
    select
        bloodbank0_.bank_id as bank_id1_1_0_,
        bloodbank0_.employee_count as employee2_1_0_,
        bloodbank0_.established as establis3_1_0_,
        bloodbank0_.name as name4_1_0_,
        bloodbank0_.owner as owner6_1_0_,
        bloodbank0_.privately_owned as privatel5_1_0_ 
    from
        simplebloodbank.blood_bank bloodbank0_ 
    where
        bloodbank0_.bank_id=?
2021-04-14T16:44:40,240|[TRACE] BasicBinder - binding parameter [1] as [INTEGER] - [53]
2021-04-14T16:44:40,240|[TRACE] BasicExtractor - extracted value ([employee2_1_0_] : [INTEGER]) - [111]
2021-04-14T16:44:40,240|[TRACE] BasicExtractor - extracted value ([establis3_1_0_] : [TIMESTAMP]) - [1111-11-11 11:11:11.0]
2021-04-14T16:44:40,240|[TRACE] BasicExtractor - extracted value ([name4_1_0_] : [VARCHAR]) - [JUNIT]
2021-04-14T16:44:40,240|[TRACE] BasicExtractor - extracted value ([owner6_1_0_] : [INTEGER]) - [null]
2021-04-14T16:44:40,240|[TRACE] BasicExtractor - extracted value ([privatel5_1_0_] : [BOOLEAN]) - [true]
2021-04-14T16:44:40,240|[DEBUG] SQL - 
    /* delete entity.BloodBank */ delete 
        from
            simplebloodbank.blood_bank 
        where
            bank_id=?
2021-04-14T16:44:40,240|[TRACE] BasicBinder - binding parameter [1] as [INTEGER] - [53]
]]></system-out>
    <system-err><![CDATA[Apr. 14, 2021 4:44:40 P.M. dal.GenericDAL lambda$setParameters$0
INFO: setParameters: milliliters=100
]]></system-err>
  </testcase>
  <testcase name="testGetBloodDonationsWithBloodBank" classname="logic.BloodDonationTest" time="0.031">
    <system-out><![CDATA[2021-04-14T16:44:40,240|[DEBUG] EMFactory - getting EntityManagerFactory
2021-04-14T16:44:40,240|[DEBUG] EMFactory - initializeing EntityManagerFactory
2021-04-14T16:44:40,240|[DEBUG] SQL - 
    select
        bloodbank0_.bank_id as bank_id1_1_0_,
        bloodbank0_.employee_count as employee2_1_0_,
        bloodbank0_.established as establis3_1_0_,
        bloodbank0_.name as name4_1_0_,
        bloodbank0_.owner as owner6_1_0_,
        bloodbank0_.privately_owned as privatel5_1_0_ 
    from
        simplebloodbank.blood_bank bloodbank0_ 
    where
        bloodbank0_.bank_id=?
2021-04-14T16:44:40,240|[TRACE] BasicBinder - binding parameter [1] as [INTEGER] - [1]
2021-04-14T16:44:40,240|[DEBUG] SQL - 
    /* insert entity.BloodBank
        */ insert 
        into
            simplebloodbank.blood_bank
            (employee_count, established, name, owner, privately_owned) 
        values
            (?, ?, ?, ?, ?)
2021-04-14T16:44:40,240|[TRACE] BasicBinder - binding parameter [1] as [INTEGER] - [111]
2021-04-14T16:44:40,240|[TRACE] BasicBinder - binding parameter [2] as [TIMESTAMP] - [Sat Nov 11 11:11:11 EST 1111]
2021-04-14T16:44:40,240|[TRACE] BasicBinder - binding parameter [3] as [VARCHAR] - [JUNIT]
2021-04-14T16:44:40,240|[TRACE] BasicBinder - binding parameter [4] as [INTEGER] - [null]
2021-04-14T16:44:40,240|[TRACE] BasicBinder - binding parameter [5] as [BOOLEAN] - [true]
2021-04-14T16:44:40,240|[DEBUG] SQL - 
    /* insert entity.BloodDonation
        */ insert 
        into
            simplebloodbank.blood_donation
            (bank_id, blood_group, created, milliliters, rhd) 
        values
            (?, ?, ?, ?, ?)
2021-04-14T16:44:40,240|[TRACE] BasicBinder - binding parameter [1] as [INTEGER] - [54]
2021-04-14T16:44:40,240|[TRACE] BasicBinder - binding parameter [2] as [VARCHAR] - [AB]
2021-04-14T16:44:40,240|[TRACE] BasicBinder - binding parameter [3] as [TIMESTAMP] - [Sat Nov 11 11:11:11 EST 1111]
2021-04-14T16:44:40,240|[TRACE] BasicBinder - binding parameter [4] as [INTEGER] - [100]
2021-04-14T16:44:40,240|[DEBUG] AttributeConverterSqlTypeDescriptorAdapter - Converted value on binding : Negative -> -
2021-04-14T16:44:40,240|[TRACE] BasicBinder - binding parameter [5] as [VARCHAR] - [-]
2021-04-14T16:44:40,256|[DEBUG] EMFactory - getting EntityManagerFactory
2021-04-14T16:44:40,256|[DEBUG] EMFactory - initializeing EntityManagerFactory
2021-04-14T16:44:40,256|[DEBUG] SQL - 
    /* BloodDonation.findByBloodBank */ select
        blooddonat0_.donation_id as donation1_2_,
        blooddonat0_.bank_id as bank_id6_2_,
        blooddonat0_.blood_group as blood_gr2_2_,
        blooddonat0_.created as created3_2_,
        blooddonat0_.milliliters as millilit4_2_,
        blooddonat0_.rhd as rhd5_2_ 
    from
        simplebloodbank.blood_donation blooddonat0_ 
    where
        blooddonat0_.bank_id=?
2021-04-14T16:44:40,256|[TRACE] BasicBinder - binding parameter [1] as [INTEGER] - [54]
2021-04-14T16:44:40,256|[TRACE] BasicExtractor - extracted value ([donation1_2_] : [INTEGER]) - [10]
2021-04-14T16:44:40,256|[TRACE] BasicExtractor - extracted value ([bank_id6_2_] : [INTEGER]) - [54]
2021-04-14T16:44:40,256|[TRACE] BasicExtractor - extracted value ([blood_gr2_2_] : [VARCHAR]) - [AB]
2021-04-14T16:44:40,256|[TRACE] BasicExtractor - extracted value ([created3_2_] : [TIMESTAMP]) - [1111-11-11 11:11:11.0]
2021-04-14T16:44:40,256|[TRACE] BasicExtractor - extracted value ([millilit4_2_] : [INTEGER]) - [100]
2021-04-14T16:44:40,256|[TRACE] BasicExtractor - extracted value ([rhd5_2_] : [VARCHAR]) - [-]
2021-04-14T16:44:40,256|[DEBUG] AttributeConverterSqlTypeDescriptorAdapter - Converted value on extraction: - -> Negative
2021-04-14T16:44:40,256|[DEBUG] SQL - 
    select
        bloodbank0_.bank_id as bank_id1_1_0_,
        bloodbank0_.employee_count as employee2_1_0_,
        bloodbank0_.established as establis3_1_0_,
        bloodbank0_.name as name4_1_0_,
        bloodbank0_.owner as owner6_1_0_,
        bloodbank0_.privately_owned as privatel5_1_0_ 
    from
        simplebloodbank.blood_bank bloodbank0_ 
    where
        bloodbank0_.bank_id=?
2021-04-14T16:44:40,256|[TRACE] BasicBinder - binding parameter [1] as [INTEGER] - [54]
2021-04-14T16:44:40,256|[TRACE] BasicExtractor - extracted value ([employee2_1_0_] : [INTEGER]) - [111]
2021-04-14T16:44:40,256|[TRACE] BasicExtractor - extracted value ([establis3_1_0_] : [TIMESTAMP]) - [1111-11-11 11:11:11.0]
2021-04-14T16:44:40,256|[TRACE] BasicExtractor - extracted value ([name4_1_0_] : [VARCHAR]) - [JUNIT]
2021-04-14T16:44:40,256|[TRACE] BasicExtractor - extracted value ([owner6_1_0_] : [INTEGER]) - [null]
2021-04-14T16:44:40,256|[TRACE] BasicExtractor - extracted value ([privatel5_1_0_] : [BOOLEAN]) - [true]
2021-04-14T16:44:40,256|[DEBUG] EMFactory - getting EntityManagerFactory
2021-04-14T16:44:40,256|[DEBUG] EMFactory - initializeing EntityManagerFactory
2021-04-14T16:44:40,271|[DEBUG] SQL - 
    /* load entity.BloodDonation */ select
        blooddonat0_.donation_id as donation1_2_0_,
        blooddonat0_.bank_id as bank_id6_2_0_,
        blooddonat0_.blood_group as blood_gr2_2_0_,
        blooddonat0_.created as created3_2_0_,
        blooddonat0_.milliliters as millilit4_2_0_,
        blooddonat0_.rhd as rhd5_2_0_ 
    from
        simplebloodbank.blood_donation blooddonat0_ 
    where
        blooddonat0_.donation_id=?
2021-04-14T16:44:40,271|[TRACE] BasicBinder - binding parameter [1] as [INTEGER] - [10]
2021-04-14T16:44:40,271|[TRACE] BasicExtractor - extracted value ([bank_id6_2_0_] : [INTEGER]) - [54]
2021-04-14T16:44:40,271|[TRACE] BasicExtractor - extracted value ([blood_gr2_2_0_] : [VARCHAR]) - [AB]
2021-04-14T16:44:40,271|[TRACE] BasicExtractor - extracted value ([created3_2_0_] : [TIMESTAMP]) - [1111-11-11 11:11:11.0]
2021-04-14T16:44:40,271|[TRACE] BasicExtractor - extracted value ([millilit4_2_0_] : [INTEGER]) - [100]
2021-04-14T16:44:40,271|[TRACE] BasicExtractor - extracted value ([rhd5_2_0_] : [VARCHAR]) - [-]
2021-04-14T16:44:40,271|[DEBUG] AttributeConverterSqlTypeDescriptorAdapter - Converted value on extraction: - -> Negative
2021-04-14T16:44:40,271|[DEBUG] SQL - 
    /* delete entity.BloodDonation */ delete 
        from
            simplebloodbank.blood_donation 
        where
            donation_id=?
2021-04-14T16:44:40,271|[TRACE] BasicBinder - binding parameter [1] as [INTEGER] - [10]
2021-04-14T16:44:40,271|[DEBUG] EMFactory - getting EntityManagerFactory
2021-04-14T16:44:40,271|[DEBUG] EMFactory - initializeing EntityManagerFactory
2021-04-14T16:44:40,271|[DEBUG] SQL - 
    select
        bloodbank0_.bank_id as bank_id1_1_0_,
        bloodbank0_.employee_count as employee2_1_0_,
        bloodbank0_.established as establis3_1_0_,
        bloodbank0_.name as name4_1_0_,
        bloodbank0_.owner as owner6_1_0_,
        bloodbank0_.privately_owned as privatel5_1_0_ 
    from
        simplebloodbank.blood_bank bloodbank0_ 
    where
        bloodbank0_.bank_id=?
2021-04-14T16:44:40,271|[TRACE] BasicBinder - binding parameter [1] as [INTEGER] - [54]
2021-04-14T16:44:40,271|[TRACE] BasicExtractor - extracted value ([employee2_1_0_] : [INTEGER]) - [111]
2021-04-14T16:44:40,271|[TRACE] BasicExtractor - extracted value ([establis3_1_0_] : [TIMESTAMP]) - [1111-11-11 11:11:11.0]
2021-04-14T16:44:40,271|[TRACE] BasicExtractor - extracted value ([name4_1_0_] : [VARCHAR]) - [JUNIT]
2021-04-14T16:44:40,271|[TRACE] BasicExtractor - extracted value ([owner6_1_0_] : [INTEGER]) - [null]
2021-04-14T16:44:40,271|[TRACE] BasicExtractor - extracted value ([privatel5_1_0_] : [BOOLEAN]) - [true]
2021-04-14T16:44:40,271|[DEBUG] SQL - 
    /* delete entity.BloodBank */ delete 
        from
            simplebloodbank.blood_bank 
        where
            bank_id=?
2021-04-14T16:44:40,271|[TRACE] BasicBinder - binding parameter [1] as [INTEGER] - [54]
]]></system-out>
    <system-err><![CDATA[Apr. 14, 2021 4:44:40 P.M. dal.GenericDAL lambda$setParameters$0
INFO: setParameters: bloodBankId=54
]]></system-err>
  </testcase>
  <testcase name="testCreateEntityAndAdd" classname="logic.BloodDonationTest" time="0.047">
    <system-out><![CDATA[2021-04-14T16:44:40,271|[DEBUG] EMFactory - getting EntityManagerFactory
2021-04-14T16:44:40,271|[DEBUG] EMFactory - initializeing EntityManagerFactory
2021-04-14T16:44:40,271|[DEBUG] SQL - 
    select
[...]
2021-04-14T16:44:40,381|[TRACE] BasicExtractor - extracted value ([name4_1_0_] : [VARCHAR]) - [JUNIT]
2021-04-14T16:44:40,381|[TRACE] BasicExtractor - extracted value ([owner6_1_0_] : [INTEGER]) - [null]
2021-04-14T16:44:40,381|[TRACE] BasicExtractor - extracted value ([privatel5_1_0_] : [BOOLEAN]) - [true]
2021-04-14T16:44:40,381|[DEBUG] SQL - 
    /* delete entity.BloodBank */ delete 
        from
            simplebloodbank.blood_bank 
        where
            bank_id=?
2021-04-14T16:44:40,381|[TRACE] BasicBinder - binding parameter [1] as [INTEGER] - [57]
]]></system-out>
    <system-err><![CDATA[Apr. 14, 2021 4:44:40 P.M. dal.GenericDAL lambda$setParameters$0
INFO: setParameters: rhd=Negative
]]></system-err>
  </testcase>
  <testcase name="testGetColumnCodes" classname="logic.BloodDonationTest" time="0.016">
    <system-out><![CDATA[2021-04-14T16:44:40,396|[DEBUG] EMFactory - getting EntityManagerFactory
2021-04-14T16:44:40,396|[DEBUG] EMFactory - initializeing EntityManagerFactory
2021-04-14T16:44:40,396|[DEBUG] SQL - 
    select
        bloodbank0_.bank_id as bank_id1_1_0_,
        bloodbank0_.employee_count as employee2_1_0_,
        bloodbank0_.established as establis3_1_0_,
        bloodbank0_.name as name4_1_0_,
        bloodbank0_.owner as owner6_1_0_,
        bloodbank0_.privately_owned as privatel5_1_0_ 
    from
        simplebloodbank.blood_bank bloodbank0_ 
    where
        bloodbank0_.bank_id=?
2021-04-14T16:44:40,396|[TRACE] BasicBinder - binding parameter [1] as [INTEGER] - [1]
2021-04-14T16:44:40,396|[DEBUG] SQL - 
    /* insert entity.BloodBank
        */ insert 
        into
            simplebloodbank.blood_bank
            (employee_count, established, name, owner, privately_owned) 
        values
            (?, ?, ?, ?, ?)
2021-04-14T16:44:40,396|[TRACE] BasicBinder - binding parameter [1] as [INTEGER] - [111]
2021-04-14T16:44:40,396|[TRACE] BasicBinder - binding parameter [2] as [TIMESTAMP] - [Sat Nov 11 11:11:11 EST 1111]
2021-04-14T16:44:40,396|[TRACE] BasicBinder - binding parameter [3] as [VARCHAR] - [JUNIT]
2021-04-14T16:44:40,396|[TRACE] BasicBinder - binding parameter [4] as [INTEGER] - [null]
2021-04-14T16:44:40,396|[TRACE] BasicBinder - binding parameter [5] as [BOOLEAN] - [true]
2021-04-14T16:44:40,396|[DEBUG] SQL - 
    /* insert entity.BloodDonation
        */ insert 
        into
            simplebloodbank.blood_donation
            (bank_id, blood_group, created, milliliters, rhd) 
        values
            (?, ?, ?, ?, ?)
2021-04-14T16:44:40,396|[TRACE] BasicBinder - binding parameter [1] as [INTEGER] - [58]
2021-04-14T16:44:40,396|[TRACE] BasicBinder - binding parameter [2] as [VARCHAR] - [AB]
2021-04-14T16:44:40,396|[TRACE] BasicBinder - binding parameter [3] as [TIMESTAMP] - [Sat Nov 11 11:11:11 EST 1111]
2021-04-14T16:44:40,396|[TRACE] BasicBinder - binding parameter [4] as [INTEGER] - [100]
2021-04-14T16:44:40,396|[DEBUG] AttributeConverterSqlTypeDescriptorAdapter - Converted value on binding : Negative -> -
2021-04-14T16:44:40,396|[TRACE] BasicBinder - binding parameter [5] as [VARCHAR] - [-]
2021-04-14T16:44:40,396|[DEBUG] EMFactory - getting EntityManagerFactory
2021-04-14T16:44:40,396|[DEBUG] EMFactory - initializeing EntityManagerFactory
2021-04-14T16:44:40,396|[DEBUG] SQL - 
    /* load entity.BloodDonation */ select
        blooddonat0_.donation_id as donation1_2_0_,
        blooddonat0_.bank_id as bank_id6_2_0_,
        blooddonat0_.blood_group as blood_gr2_2_0_,
        blooddonat0_.created as created3_2_0_,
        blooddonat0_.milliliters as millilit4_2_0_,
        blooddonat0_.rhd as rhd5_2_0_ 
    from
        simplebloodbank.blood_donation blooddonat0_ 
    where
        blooddonat0_.donation_id=?
2021-04-14T16:44:40,396|[TRACE] BasicBinder - binding parameter [1] as [INTEGER] - [16]
2021-04-14T16:44:40,396|[TRACE] BasicExtractor - extracted value ([bank_id6_2_0_] : [INTEGER]) - [58]
2021-04-14T16:44:40,396|[TRACE] BasicExtractor - extracted value ([blood_gr2_2_0_] : [VARCHAR]) - [AB]
2021-04-14T16:44:40,396|[TRACE] BasicExtractor - extracted value ([created3_2_0_] : [TIMESTAMP]) - [1111-11-11 11:11:11.0]
2021-04-14T16:44:40,396|[TRACE] BasicExtractor - extracted value ([millilit4_2_0_] : [INTEGER]) - [100]
2021-04-14T16:44:40,396|[TRACE] BasicExtractor - extracted value ([rhd5_2_0_] : [VARCHAR]) - [-]
2021-04-14T16:44:40,396|[DEBUG] AttributeConverterSqlTypeDescriptorAdapter - Converted value on extraction: - -> Negative
2021-04-14T16:44:40,396|[DEBUG] SQL - 
    /* delete entity.BloodDonation */ delete 
        from
            simplebloodbank.blood_donation 
        where
            donation_id=?
2021-04-14T16:44:40,396|[TRACE] BasicBinder - binding parameter [1] as [INTEGER] - [16]
2021-04-14T16:44:40,412|[DEBUG] EMFactory - getting EntityManagerFactory
2021-04-14T16:44:40,412|[DEBUG] EMFactory - initializeing EntityManagerFactory
2021-04-14T16:44:40,412|[DEBUG] SQL - 
    select
        bloodbank0_.bank_id as bank_id1_1_0_,
        bloodbank0_.employee_count as employee2_1_0_,
        bloodbank0_.established as establis3_1_0_,
        bloodbank0_.name as name4_1_0_,
        bloodbank0_.owner as owner6_1_0_,
        bloodbank0_.privately_owned as privatel5_1_0_ 
    from
        simplebloodbank.blood_bank bloodbank0_ 
    where
        bloodbank0_.bank_id=?
2021-04-14T16:44:40,412|[TRACE] BasicBinder - binding parameter [1] as [INTEGER] - [58]
2021-04-14T16:44:40,412|[TRACE] BasicExtractor - extracted value ([employee2_1_0_] : [INTEGER]) - [111]
2021-04-14T16:44:40,412|[TRACE] BasicExtractor - extracted value ([establis3_1_0_] : [TIMESTAMP]) - [1111-11-11 11:11:11.0]
2021-04-14T16:44:40,412|[TRACE] BasicExtractor - extracted value ([name4_1_0_] : [VARCHAR]) - [JUNIT]
2021-04-14T16:44:40,412|[TRACE] BasicExtractor - extracted value ([owner6_1_0_] : [INTEGER]) - [null]
2021-04-14T16:44:40,412|[TRACE] BasicExtractor - extracted value ([privatel5_1_0_] : [BOOLEAN]) - [true]
2021-04-14T16:44:40,412|[DEBUG] SQL - 
    /* delete entity.BloodBank */ delete 
        from
            simplebloodbank.blood_bank 
        where
            bank_id=?
2021-04-14T16:44:40,412|[TRACE] BasicBinder - binding parameter [1] as [INTEGER] - [58]
]]></system-out>
  </testcase>
  <testcase name="testGetColumnNames" classname="logic.BloodDonationTest" time="0.015">
    <system-out><![CDATA[2021-04-14T16:44:40,412|[DEBUG] EMFactory - getting EntityManagerFactory
2021-04-14T16:44:40,412|[DEBUG] EMFactory - initializeing EntityManagerFactory
2021-04-14T16:44:40,412|[DEBUG] SQL - 
    select
        bloodbank0_.bank_id as bank_id1_1_0_,
        bloodbank0_.employee_count as employee2_1_0_,
        bloodbank0_.established as establis3_1_0_,
        bloodbank0_.name as name4_1_0_,
        bloodbank0_.owner as owner6_1_0_,
        bloodbank0_.privately_owned as privatel5_1_0_ 
    from
        simplebloodbank.blood_bank bloodbank0_ 
    where
        bloodbank0_.bank_id=?
2021-04-14T16:44:40,412|[TRACE] BasicBinder - binding parameter [1] as [INTEGER] - [1]
2021-04-14T16:44:40,412|[DEBUG] SQL - 
    /* insert entity.BloodBank
        */ insert 
        into
            simplebloodbank.blood_bank
            (employee_count, established, name, owner, privately_owned) 
        values
            (?, ?, ?, ?, ?)
2021-04-14T16:44:40,412|[TRACE] BasicBinder - binding parameter [1] as [INTEGER] - [111]
2021-04-14T16:44:40,412|[TRACE] BasicBinder - binding parameter [2] as [TIMESTAMP] - [Sat Nov 11 11:11:11 EST 1111]
2021-04-14T16:44:40,412|[TRACE] BasicBinder - binding parameter [3] as [VARCHAR] - [JUNIT]
2021-04-14T16:44:40,412|[TRACE] BasicBinder - binding parameter [4] as [INTEGER] - [null]
2021-04-14T16:44:40,412|[TRACE] BasicBinder - binding parameter [5] as [BOOLEAN] - [true]
2021-04-14T16:44:40,412|[DEBUG] SQL - 
    /* insert entity.BloodDonation
        */ insert 
        into
            simplebloodbank.blood_donation
            (bank_id, blood_group, created, milliliters, rhd) 
        values
            (?, ?, ?, ?, ?)
2021-04-14T16:44:40,412|[TRACE] BasicBinder - binding parameter [1] as [INTEGER] - [59]
2021-04-14T16:44:40,412|[TRACE] BasicBinder - binding parameter [2] as [VARCHAR] - [AB]
2021-04-14T16:44:40,412|[TRACE] BasicBinder - binding parameter [3] as [TIMESTAMP] - [Sat Nov 11 11:11:11 EST 1111]
2021-04-14T16:44:40,412|[TRACE] BasicBinder - binding parameter [4] as [INTEGER] - [100]
2021-04-14T16:44:40,412|[DEBUG] AttributeConverterSqlTypeDescriptorAdapter - Converted value on binding : Negative -> -
2021-04-14T16:44:40,412|[TRACE] BasicBinder - binding parameter [5] as [VARCHAR] - [-]
2021-04-14T16:44:40,412|[DEBUG] EMFactory - getting EntityManagerFactory
2021-04-14T16:44:40,412|[DEBUG] EMFactory - initializeing EntityManagerFactory
2021-04-14T16:44:40,412|[DEBUG] SQL - 
    /* load entity.BloodDonation */ select
        blooddonat0_.donation_id as donation1_2_0_,
        blooddonat0_.bank_id as bank_id6_2_0_,
        blooddonat0_.blood_group as blood_gr2_2_0_,
        blooddonat0_.created as created3_2_0_,
        blooddonat0_.milliliters as millilit4_2_0_,
        blooddonat0_.rhd as rhd5_2_0_ 
    from
        simplebloodbank.blood_donation blooddonat0_ 
    where
        blooddonat0_.donation_id=?
2021-04-14T16:44:40,412|[TRACE] BasicBinder - binding parameter [1] as [INTEGER] - [17]
2021-04-14T16:44:40,412|[TRACE] BasicExtractor - extracted value ([bank_id6_2_0_] : [INTEGER]) - [59]
2021-04-14T16:44:40,412|[TRACE] BasicExtractor - extracted value ([blood_gr2_2_0_] : [VARCHAR]) - [AB]
2021-04-14T16:44:40,412|[TRACE] BasicExtractor - extracted value ([created3_2_0_] : [TIMESTAMP]) - [1111-11-11 11:11:11.0]
2021-04-14T16:44:40,412|[TRACE] BasicExtractor - extracted value ([millilit4_2_0_] : [INTEGER]) - [100]
2021-04-14T16:44:40,412|[TRACE] BasicExtractor - extracted value ([rhd5_2_0_] : [VARCHAR]) - [-]
2021-04-14T16:44:40,412|[DEBUG] AttributeConverterSqlTypeDescriptorAdapter - Converted value on extraction: - -> Negative
2021-04-14T16:44:40,427|[DEBUG] SQL - 
    /* delete entity.BloodDonation */ delete 
        from
            simplebloodbank.blood_donation 
        where
            donation_id=?
2021-04-14T16:44:40,427|[TRACE] BasicBinder - binding parameter [1] as [INTEGER] - [17]
2021-04-14T16:44:40,427|[DEBUG] EMFactory - getting EntityManagerFactory
2021-04-14T16:44:40,427|[DEBUG] EMFactory - initializeing EntityManagerFactory
2021-04-14T16:44:40,427|[DEBUG] SQL - 
    select
        bloodbank0_.bank_id as bank_id1_1_0_,
        bloodbank0_.employee_count as employee2_1_0_,
        bloodbank0_.established as establis3_1_0_,
        bloodbank0_.name as name4_1_0_,
        bloodbank0_.owner as owner6_1_0_,
        bloodbank0_.privately_owned as privatel5_1_0_ 
    from
        simplebloodbank.blood_bank bloodbank0_ 
    where
        bloodbank0_.bank_id=?
2021-04-14T16:44:40,427|[TRACE] BasicBinder - binding parameter [1] as [INTEGER] - [59]
2021-04-14T16:44:40,427|[TRACE] BasicExtractor - extracted value ([employee2_1_0_] : [INTEGER]) - [111]
2021-04-14T16:44:40,427|[TRACE] BasicExtractor - extracted value ([establis3_1_0_] : [TIMESTAMP]) - [1111-11-11 11:11:11.0]
2021-04-14T16:44:40,427|[TRACE] BasicExtractor - extracted value ([name4_1_0_] : [VARCHAR]) - [JUNIT]
2021-04-14T16:44:40,427|[TRACE] BasicExtractor - extracted value ([owner6_1_0_] : [INTEGER]) - [null]
2021-04-14T16:44:40,427|[TRACE] BasicExtractor - extracted value ([privatel5_1_0_] : [BOOLEAN]) - [true]
2021-04-14T16:44:40,427|[DEBUG] SQL - 
    /* delete entity.BloodBank */ delete 
        from
            simplebloodbank.blood_bank 
        where
            bank_id=?
2021-04-14T16:44:40,427|[TRACE] BasicBinder - binding parameter [1] as [INTEGER] - [59]
]]></system-out>
  </testcase>
  <testcase name="testGetWithId" classname="logic.BloodDonationTest" time="0.032">
    <system-out><![CDATA[2021-04-14T16:44:40,427|[DEBUG] EMFactory - getting EntityManagerFactory
2021-04-14T16:44:40,427|[DEBUG] EMFactory - initializeing EntityManagerFactory
2021-04-14T16:44:40,427|[DEBUG] SQL - 
    select
        bloodbank0_.bank_id as bank_id1_1_0_,
        bloodbank0_.employee_count as employee2_1_0_,
        bloodbank0_.established as establis3_1_0_,
        bloodbank0_.name as name4_1_0_,
        bloodbank0_.owner as owner6_1_0_,
        bloodbank0_.privately_owned as privatel5_1_0_ 
    from
        simplebloodbank.blood_bank bloodbank0_ 
    where
        bloodbank0_.bank_id=?
2021-04-14T16:44:40,427|[TRACE] BasicBinder - binding parameter [1] as [INTEGER] - [1]
2021-04-14T16:44:40,427|[DEBUG] SQL - 
    /* insert entity.BloodBank
        */ insert 
        into
            simplebloodbank.blood_bank
            (employee_count, established, name, owner, privately_owned) 
        values
            (?, ?, ?, ?, ?)
2021-04-14T16:44:40,427|[TRACE] BasicBinder - binding parameter [1] as [INTEGER] - [111]
2021-04-14T16:44:40,427|[TRACE] BasicBinder - binding parameter [2] as [TIMESTAMP] - [Sat Nov 11 11:11:11 EST 1111]
2021-04-14T16:44:40,427|[TRACE] BasicBinder - binding parameter [3] as [VARCHAR] - [JUNIT]
2021-04-14T16:44:40,427|[TRACE] BasicBinder - binding parameter [4] as [INTEGER] - [null]
2021-04-14T16:44:40,427|[TRACE] BasicBinder - binding parameter [5] as [BOOLEAN] - [true]
2021-04-14T16:44:40,427|[DEBUG] SQL - 
    /* insert entity.BloodDonation
        */ insert 
        into
            simplebloodbank.blood_donation
            (bank_id, blood_group, created, milliliters, rhd) 
        values
            (?, ?, ?, ?, ?)
2021-04-14T16:44:40,427|[TRACE] BasicBinder - binding parameter [1] as [INTEGER] - [60]
2021-04-14T16:44:40,427|[TRACE] BasicBinder - binding parameter [2] as [VARCHAR] - [AB]
2021-04-14T16:44:40,427|[TRACE] BasicBinder - binding parameter [3] as [TIMESTAMP] - [Sat Nov 11 11:11:11 EST 1111]
2021-04-14T16:44:40,427|[TRACE] BasicBinder - binding parameter [4] as [INTEGER] - [100]
2021-04-14T16:44:40,427|[DEBUG] AttributeConverterSqlTypeDescriptorAdapter - Converted value on binding : Negative -> -
2021-04-14T16:44:40,427|[TRACE] BasicBinder - binding parameter [5] as [VARCHAR] - [-]
2021-04-14T16:44:40,443|[DEBUG] EMFactory - getting EntityManagerFactory
2021-04-14T16:44:40,443|[DEBUG] EMFactory - initializeing EntityManagerFactory
2021-04-14T16:44:40,443|[DEBUG] SQL - 
    /* BloodDonation.findByDonationId */ select
        blooddonat0_.donation_id as donation1_2_,
        blooddonat0_.bank_id as bank_id6_2_,
        blooddonat0_.blood_group as blood_gr2_2_,
        blooddonat0_.created as created3_2_,
        blooddonat0_.milliliters as millilit4_2_,
        blooddonat0_.rhd as rhd5_2_ 
    from
        simplebloodbank.blood_donation blooddonat0_ 
    where
        blooddonat0_.donation_id=?
2021-04-14T16:44:40,443|[TRACE] BasicBinder - binding parameter [1] as [INTEGER] - [18]
2021-04-14T16:44:40,443|[TRACE] BasicExtractor - extracted value ([donation1_2_] : [INTEGER]) - [18]
2021-04-14T16:44:40,443|[TRACE] BasicExtractor - extracted value ([bank_id6_2_] : [INTEGER]) - [60]
2021-04-14T16:44:40,443|[TRACE] BasicExtractor - extracted value ([blood_gr2_2_] : [VARCHAR]) - [AB]
2021-04-14T16:44:40,443|[TRACE] BasicExtractor - extracted value ([created3_2_] : [TIMESTAMP]) - [1111-11-11 11:11:11.0]
2021-04-14T16:44:40,443|[TRACE] BasicExtractor - extracted value ([millilit4_2_] : [INTEGER]) - [100]
2021-04-14T16:44:40,443|[TRACE] BasicExtractor - extracted value ([rhd5_2_] : [VARCHAR]) - [-]
2021-04-14T16:44:40,443|[DEBUG] AttributeConverterSqlTypeDescriptorAdapter - Converted value on extraction: - -> Negative
2021-04-14T16:44:40,443|[DEBUG] SQL - 
    select
        bloodbank0_.bank_id as bank_id1_1_0_,
        bloodbank0_.employee_count as employee2_1_0_,
        bloodbank0_.established as establis3_1_0_,
        bloodbank0_.name as name4_1_0_,
        bloodbank0_.owner as owner6_1_0_,
        bloodbank0_.privately_owned as privatel5_1_0_ 
    from
        simplebloodbank.blood_bank bloodbank0_ 
    where
        bloodbank0_.bank_id=?
2021-04-14T16:44:40,443|[TRACE] BasicBinder - binding parameter [1] as [INTEGER] - [60]
2021-04-14T16:44:40,443|[TRACE] BasicExtractor - extracted value ([employee2_1_0_] : [INTEGER]) - [111]
2021-04-14T16:44:40,443|[TRACE] BasicExtractor - extracted value ([establis3_1_0_] : [TIMESTAMP]) - [1111-11-11 11:11:11.0]
2021-04-14T16:44:40,443|[TRACE] BasicExtractor - extracted value ([name4_1_0_] : [VARCHAR]) - [JUNIT]
2021-04-14T16:44:40,443|[TRACE] BasicExtractor - extracted value ([owner6_1_0_] : [INTEGER]) - [null]
2021-04-14T16:44:40,443|[TRACE] BasicExtractor - extracted value ([privatel5_1_0_] : [BOOLEAN]) - [true]
2021-04-14T16:44:40,443|[DEBUG] EMFactory - getting EntityManagerFactory
2021-04-14T16:44:40,443|[DEBUG] EMFactory - initializeing EntityManagerFactory
2021-04-14T16:44:40,459|[DEBUG] SQL - 
    /* load entity.BloodDonation */ select
        blooddonat0_.donation_id as donation1_2_0_,
        blooddonat0_.bank_id as bank_id6_2_0_,
        blooddonat0_.blood_group as blood_gr2_2_0_,
        blooddonat0_.created as created3_2_0_,
        blooddonat0_.milliliters as millilit4_2_0_,
        blooddonat0_.rhd as rhd5_2_0_ 
    from
        simplebloodbank.blood_donation blooddonat0_ 
    where
        blooddonat0_.donation_id=?
2021-04-14T16:44:40,459|[TRACE] BasicBinder - binding parameter [1] as [INTEGER] - [18]
2021-04-14T16:44:40,459|[TRACE] BasicExtractor - extracted value ([bank_id6_2_0_] : [INTEGER]) - [60]
2021-04-14T16:44:40,459|[TRACE] BasicExtractor - extracted value ([blood_gr2_2_0_] : [VARCHAR]) - [AB]
2021-04-14T16:44:40,459|[TRACE] BasicExtractor - extracted value ([created3_2_0_] : [TIMESTAMP]) - [1111-11-11 11:11:11.0]
2021-04-14T16:44:40,459|[TRACE] BasicExtractor - extracted value ([millilit4_2_0_] : [INTEGER]) - [100]
2021-04-14T16:44:40,459|[TRACE] BasicExtractor - extracted value ([rhd5_2_0_] : [VARCHAR]) - [-]
2021-04-14T16:44:40,459|[DEBUG] AttributeConverterSqlTypeDescriptorAdapter - Converted value on extraction: - -> Negative
2021-04-14T16:44:40,459|[DEBUG] SQL - 
    /* delete entity.BloodDonation */ delete 
        from
            simplebloodbank.blood_donation 
        where
            donation_id=?
2021-04-14T16:44:40,459|[TRACE] BasicBinder - binding parameter [1] as [INTEGER] - [18]
2021-04-14T16:44:40,459|[DEBUG] EMFactory - getting EntityManagerFactory
2021-04-14T16:44:40,459|[DEBUG] EMFactory - initializeing EntityManagerFactory
2021-04-14T16:44:40,459|[DEBUG] SQL - 
    select
        bloodbank0_.bank_id as bank_id1_1_0_,
        bloodbank0_.employee_count as employee2_1_0_,
        bloodbank0_.established as establis3_1_0_,
        bloodbank0_.name as name4_1_0_,
        bloodbank0_.owner as owner6_1_0_,
        bloodbank0_.privately_owned as privatel5_1_0_ 
    from
        simplebloodbank.blood_bank bloodbank0_ 
    where
        bloodbank0_.bank_id=?
2021-04-14T16:44:40,459|[TRACE] BasicBinder - binding parameter [1] as [INTEGER] - [60]
2021-04-14T16:44:40,459|[TRACE] BasicExtractor - extracted value ([employee2_1_0_] : [INTEGER]) - [111]
2021-04-14T16:44:40,459|[TRACE] BasicExtractor - extracted value ([establis3_1_0_] : [TIMESTAMP]) - [1111-11-11 11:11:11.0]
2021-04-14T16:44:40,459|[TRACE] BasicExtractor - extracted value ([name4_1_0_] : [VARCHAR]) - [JUNIT]
2021-04-14T16:44:40,459|[TRACE] BasicExtractor - extracted value ([owner6_1_0_] : [INTEGER]) - [null]
2021-04-14T16:44:40,459|[TRACE] BasicExtractor - extracted value ([privatel5_1_0_] : [BOOLEAN]) - [true]
2021-04-14T16:44:40,459|[DEBUG] SQL - 
    /* delete entity.BloodBank */ delete 
        from
            simplebloodbank.blood_bank 
        where
            bank_id=?
2021-04-14T16:44:40,459|[TRACE] BasicBinder - binding parameter [1] as [INTEGER] - [60]
]]></system-out>
    <system-err><![CDATA[Apr. 14, 2021 4:44:40 P.M. dal.GenericDAL lambda$setParameters$0
INFO: setParameters: donationId=18
]]></system-err>
  </testcase>
</testsuite>