<?xml version="1.0" encoding="UTF-8"?>
<testsuite xmlns:xsi="http://www.w3.org/2001/XMLSchema-instance" xsi:noNamespaceSchemaLocation="https://maven.apache.org/surefire/maven-surefire-plugin/xsd/surefire-test-report-3.0.xsd" version="3.0" name="logic.BloodDonationTest" time="46.451" tests="16" errors="6" skipped="0" failures="0">
  <properties>
[...]
</properties>
  <testcase name="testCreateEntity" classname="logic.BloodDonationTest" time="0.037">
    <system-out><![CDATA[2021-04-13T15:27:24,081|[DEBUG] EMFactory - getting EntityManagerFactory
2021-04-13T15:27:24,081|[DEBUG] EMFactory - initializeing EntityManagerFactory
2021-04-13T15:27:24,082|[DEBUG] SQL - 
    select
        bloodbank0_.bank_id as bank_id1_1_0_,
        bloodbank0_.employee_count as employee2_1_0_,
        bloodbank0_.established as establis3_1_0_,
        bloodbank0_.name as name4_1_0_,
        bloodbank0_.owner as owner6_1_0_,
        bloodbank0_.privately_owned as privatel5_1_0_ 
    from
        simplebloodbank.blood_bank bloodbank0_ 
    where
        bloodbank0_.bank_id=?
2021-04-13T15:27:24,082|[TRACE] BasicBinder - binding parameter [1] as [INTEGER] - [1]
2021-04-13T15:27:24,084|[DEBUG] SQL - 
    /* insert entity.BloodBank
        */ insert 
        into
            simplebloodbank.blood_bank
            (employee_count, established, name, owner, privately_owned) 
        values
            (?, ?, ?, ?, ?)
2021-04-13T15:27:24,084|[TRACE] BasicBinder - binding parameter [1] as [INTEGER] - [111]
2021-04-13T15:27:24,084|[TRACE] BasicBinder - binding parameter [2] as [TIMESTAMP] - [Sat Nov 11 11:11:11 EST 1111]
2021-04-13T15:27:24,084|[TRACE] BasicBinder - binding parameter [3] as [VARCHAR] - [JUNIT]
2021-04-13T15:27:24,084|[TRACE] BasicBinder - binding parameter [4] as [INTEGER] - [null]
2021-04-13T15:27:24,084|[TRACE] BasicBinder - binding parameter [5] as [BOOLEAN] - [true]
2021-04-13T15:27:24,086|[DEBUG] SQL - 
    /* insert entity.BloodDonation
        */ insert 
        into
            simplebloodbank.blood_donation
            (bank_id, blood_group, created, milliliters, rhd) 
        values
            (?, ?, ?, ?, ?)
2021-04-13T15:27:24,086|[TRACE] BasicBinder - binding parameter [1] as [INTEGER] - [21]
2021-04-13T15:27:24,086|[TRACE] BasicBinder - binding parameter [2] as [VARCHAR] - [AB]
2021-04-13T15:27:24,086|[TRACE] BasicBinder - binding parameter [3] as [TIMESTAMP] - [Sat Nov 11 11:11:11 EST 1111]
2021-04-13T15:27:24,087|[TRACE] BasicBinder - binding parameter [4] as [INTEGER] - [100]
2021-04-13T15:27:24,088|[DEBUG] AttributeConverterSqlTypeDescriptorAdapter - Converted value on binding : Negative -> -
2021-04-13T15:27:24,088|[TRACE] BasicBinder - binding parameter [5] as [VARCHAR] - [-]
2021-04-13T15:27:24,093|[DEBUG] EMFactory - getting EntityManagerFactory
2021-04-13T15:27:24,093|[DEBUG] EMFactory - initializeing EntityManagerFactory
2021-04-13T15:27:24,093|[DEBUG] SQL - 
    select
        bloodbank0_.bank_id as bank_id1_1_0_,
        bloodbank0_.employee_count as employee2_1_0_,
        bloodbank0_.established as establis3_1_0_,
        bloodbank0_.name as name4_1_0_,
        bloodbank0_.owner as owner6_1_0_,
        bloodbank0_.privately_owned as privatel5_1_0_ 
    from
        simplebloodbank.blood_bank bloodbank0_ 
    where
        bloodbank0_.bank_id=?
2021-04-13T15:27:24,093|[TRACE] BasicBinder - binding parameter [1] as [INTEGER] - [21]
2021-04-13T15:27:24,094|[TRACE] BasicExtractor - extracted value ([employee2_1_0_] : [INTEGER]) - [111]
2021-04-13T15:27:24,095|[TRACE] BasicExtractor - extracted value ([establis3_1_0_] : [TIMESTAMP]) - [1111-11-11 11:11:11.0]
2021-04-13T15:27:24,095|[TRACE] BasicExtractor - extracted value ([name4_1_0_] : [VARCHAR]) - [JUNIT]
2021-04-13T15:27:24,095|[TRACE] BasicExtractor - extracted value ([owner6_1_0_] : [INTEGER]) - [null]
2021-04-13T15:27:24,095|[TRACE] BasicExtractor - extracted value ([privatel5_1_0_] : [BOOLEAN]) - [true]
2021-04-13T15:27:24,095|[DEBUG] EMFactory - getting EntityManagerFactory
2021-04-13T15:27:24,095|[DEBUG] EMFactory - initializeing EntityManagerFactory
2021-04-13T15:27:24,096|[DEBUG] SQL - 
    /* load entity.BloodDonation */ select
        blooddonat0_.donation_id as donation1_2_0_,
        blooddonat0_.bank_id as bank_id6_2_0_,
        blooddonat0_.blood_group as blood_gr2_2_0_,
        blooddonat0_.created as created3_2_0_,
        blooddonat0_.milliliters as millilit4_2_0_,
        blooddonat0_.rhd as rhd5_2_0_ 
    from
        simplebloodbank.blood_donation blooddonat0_ 
    where
        blooddonat0_.donation_id=?
2021-04-13T15:27:24,096|[TRACE] BasicBinder - binding parameter [1] as [INTEGER] - [1]
2021-04-13T15:27:24,097|[TRACE] BasicExtractor - extracted value ([bank_id6_2_0_] : [INTEGER]) - [21]
2021-04-13T15:27:24,097|[TRACE] BasicExtractor - extracted value ([blood_gr2_2_0_] : [VARCHAR]) - [AB]
2021-04-13T15:27:24,097|[TRACE] BasicExtractor - extracted value ([created3_2_0_] : [TIMESTAMP]) - [1111-11-11 11:11:11.0]
2021-04-13T15:27:24,097|[TRACE] BasicExtractor - extracted value ([millilit4_2_0_] : [INTEGER]) - [100]
2021-04-13T15:27:24,098|[TRACE] BasicExtractor - extracted value ([rhd5_2_0_] : [VARCHAR]) - [-]
2021-04-13T15:27:24,098|[DEBUG] AttributeConverterSqlTypeDescriptorAdapter - Converted value on extraction: - -> Negative
2021-04-13T15:27:24,104|[DEBUG] SQL - 
    /* delete entity.BloodDonation */ delete 
        from
            simplebloodbank.blood_donation 
        where
            donation_id=?
2021-04-13T15:27:24,104|[TRACE] BasicBinder - binding parameter [1] as [INTEGER] - [1]
2021-04-13T15:27:24,111|[DEBUG] EMFactory - getting EntityManagerFactory
2021-04-13T15:27:24,111|[DEBUG] EMFactory - initializeing EntityManagerFactory
2021-04-13T15:27:24,112|[DEBUG] SQL - 
    select
        bloodbank0_.bank_id as bank_id1_1_0_,
        bloodbank0_.employee_count as employee2_1_0_,
        bloodbank0_.established as establis3_1_0_,
        bloodbank0_.name as name4_1_0_,
        bloodbank0_.owner as owner6_1_0_,
        bloodbank0_.privately_owned as privatel5_1_0_ 
    from
        simplebloodbank.blood_bank bloodbank0_ 
    where
        bloodbank0_.bank_id=?
2021-04-13T15:27:24,112|[TRACE] BasicBinder - binding parameter [1] as [INTEGER] - [21]
2021-04-13T15:27:24,113|[TRACE] BasicExtractor - extracted value ([employee2_1_0_] : [INTEGER]) - [111]
2021-04-13T15:27:24,113|[TRACE] BasicExtractor - extracted value ([establis3_1_0_] : [TIMESTAMP]) - [1111-11-11 11:11:11.0]
2021-04-13T15:27:24,113|[TRACE] BasicExtractor - extracted value ([name4_1_0_] : [VARCHAR]) - [JUNIT]
2021-04-13T15:27:24,113|[TRACE] BasicExtractor - extracted value ([owner6_1_0_] : [INTEGER]) - [null]
2021-04-13T15:27:24,113|[TRACE] BasicExtractor - extracted value ([privatel5_1_0_] : [BOOLEAN]) - [true]
2021-04-13T15:27:24,113|[DEBUG] SQL - 
    /* delete entity.BloodBank */ delete 
        from
            simplebloodbank.blood_bank 
        where
            bank_id=?
2021-04-13T15:27:24,113|[TRACE] BasicBinder - binding parameter [1] as [INTEGER] - [21]
]]></system-out>
  </testcase>
  <testcase name="testGetBloodDonationsWithCreated" classname="logic.BloodDonationTest" time="0.035">
    <system-out><![CDATA[2021-04-13T15:27:24,118|[DEBUG] EMFactory - getting EntityManagerFactory
2021-04-13T15:27:24,118|[DEBUG] EMFactory - initializeing EntityManagerFactory
2021-04-13T15:27:24,118|[DEBUG] SQL - 
    select
        bloodbank0_.bank_id as bank_id1_1_0_,
        bloodbank0_.employee_count as employee2_1_0_,
        bloodbank0_.established as establis3_1_0_,
        bloodbank0_.name as name4_1_0_,
        bloodbank0_.owner as owner6_1_0_,
        bloodbank0_.privately_owned as privatel5_1_0_ 
    from
        simplebloodbank.blood_bank bloodbank0_ 
    where
        bloodbank0_.bank_id=?
2021-04-13T15:27:24,118|[TRACE] BasicBinder - binding parameter [1] as [INTEGER] - [1]
2021-04-13T15:27:24,119|[DEBUG] SQL - 
    /* insert entity.BloodBank
        */ insert 
        into
            simplebloodbank.blood_bank
            (employee_count, established, name, owner, privately_owned) 
        values
            (?, ?, ?, ?, ?)
2021-04-13T15:27:24,119|[TRACE] BasicBinder - binding parameter [1] as [INTEGER] - [111]
2021-04-13T15:27:24,120|[TRACE] BasicBinder - binding parameter [2] as [TIMESTAMP] - [Sat Nov 11 11:11:11 EST 1111]
2021-04-13T15:27:24,120|[TRACE] BasicBinder - binding parameter [3] as [VARCHAR] - [JUNIT]
2021-04-13T15:27:24,120|[TRACE] BasicBinder - binding parameter [4] as [INTEGER] - [null]
2021-04-13T15:27:24,120|[TRACE] BasicBinder - binding parameter [5] as [BOOLEAN] - [true]
2021-04-13T15:27:24,121|[DEBUG] SQL - 
    /* insert entity.BloodDonation
        */ insert 
        into
            simplebloodbank.blood_donation
            (bank_id, blood_group, created, milliliters, rhd) 
        values
            (?, ?, ?, ?, ?)
2021-04-13T15:27:24,121|[TRACE] BasicBinder - binding parameter [1] as [INTEGER] - [22]
2021-04-13T15:27:24,121|[TRACE] BasicBinder - binding parameter [2] as [VARCHAR] - [AB]
2021-04-13T15:27:24,122|[TRACE] BasicBinder - binding parameter [3] as [TIMESTAMP] - [Sat Nov 11 11:11:11 EST 1111]
2021-04-13T15:27:24,122|[TRACE] BasicBinder - binding parameter [4] as [INTEGER] - [100]
2021-04-13T15:27:24,122|[DEBUG] AttributeConverterSqlTypeDescriptorAdapter - Converted value on binding : Negative -> -
2021-04-13T15:27:24,122|[TRACE] BasicBinder - binding parameter [5] as [VARCHAR] - [-]
2021-04-13T15:27:24,126|[DEBUG] EMFactory - getting EntityManagerFactory
2021-04-13T15:27:24,126|[DEBUG] EMFactory - initializeing EntityManagerFactory
2021-04-13T15:27:24,127|[DEBUG] SQL - 
    /* BloodDonation.findByCreated */ select
        blooddonat0_.donation_id as donation1_2_,
        blooddonat0_.bank_id as bank_id6_2_,
        blooddonat0_.blood_group as blood_gr2_2_,
        blooddonat0_.created as created3_2_,
        blooddonat0_.milliliters as millilit4_2_,
        blooddonat0_.rhd as rhd5_2_ 
    from
        simplebloodbank.blood_donation blooddonat0_ 
    where
        blooddonat0_.created=?
2021-04-13T15:27:24,127|[TRACE] BasicBinder - binding parameter [1] as [TIMESTAMP] - [Sat Nov 11 11:11:11 EST 1111]
2021-04-13T15:27:24,127|[TRACE] BasicExtractor - extracted value ([donation1_2_] : [INTEGER]) - [2]
2021-04-13T15:27:24,127|[TRACE] BasicExtractor - extracted value ([bank_id6_2_] : [INTEGER]) - [22]
2021-04-13T15:27:24,127|[TRACE] BasicExtractor - extracted value ([blood_gr2_2_] : [VARCHAR]) - [AB]
2021-04-13T15:27:24,128|[TRACE] BasicExtractor - extracted value ([created3_2_] : [TIMESTAMP]) - [1111-11-11 11:11:11.0]
2021-04-13T15:27:24,128|[TRACE] BasicExtractor - extracted value ([millilit4_2_] : [INTEGER]) - [100]
2021-04-13T15:27:24,128|[TRACE] BasicExtractor - extracted value ([rhd5_2_] : [VARCHAR]) - [-]
2021-04-13T15:27:24,128|[DEBUG] AttributeConverterSqlTypeDescriptorAdapter - Converted value on extraction: - -> Negative
2021-04-13T15:27:24,128|[DEBUG] EMFactory - getting EntityManagerFactory
2021-04-13T15:27:24,128|[DEBUG] EMFactory - initializeing EntityManagerFactory
2021-04-13T15:27:24,140|[DEBUG] SQL - 
    /* load entity.BloodDonation */ select
        blooddonat0_.donation_id as donation1_2_0_,
        blooddonat0_.bank_id as bank_id6_2_0_,
        blooddonat0_.blood_group as blood_gr2_2_0_,
        blooddonat0_.created as created3_2_0_,
        blooddonat0_.milliliters as millilit4_2_0_,
        blooddonat0_.rhd as rhd5_2_0_ 
    from
        simplebloodbank.blood_donation blooddonat0_ 
    where
        blooddonat0_.donation_id=?
2021-04-13T15:27:24,140|[TRACE] BasicBinder - binding parameter [1] as [INTEGER] - [2]
2021-04-13T15:27:24,141|[TRACE] BasicExtractor - extracted value ([bank_id6_2_0_] : [INTEGER]) - [22]
2021-04-13T15:27:24,141|[TRACE] BasicExtractor - extracted value ([blood_gr2_2_0_] : [VARCHAR]) - [AB]
2021-04-13T15:27:24,141|[TRACE] BasicExtractor - extracted value ([created3_2_0_] : [TIMESTAMP]) - [1111-11-11 11:11:11.0]
2021-04-13T15:27:24,141|[TRACE] BasicExtractor - extracted value ([millilit4_2_0_] : [INTEGER]) - [100]
2021-04-13T15:27:24,141|[TRACE] BasicExtractor - extracted value ([rhd5_2_0_] : [VARCHAR]) - [-]
2021-04-13T15:27:24,141|[DEBUG] AttributeConverterSqlTypeDescriptorAdapter - Converted value on extraction: - -> Negative
2021-04-13T15:27:24,142|[DEBUG] SQL - 
    /* delete entity.BloodDonation */ delete 
        from
            simplebloodbank.blood_donation 
        where
            donation_id=?
2021-04-13T15:27:24,142|[TRACE] BasicBinder - binding parameter [1] as [INTEGER] - [2]
2021-04-13T15:27:24,146|[DEBUG] EMFactory - getting EntityManagerFactory
2021-04-13T15:27:24,146|[DEBUG] EMFactory - initializeing EntityManagerFactory
2021-04-13T15:27:24,146|[DEBUG] SQL - 
    select
        bloodbank0_.bank_id as bank_id1_1_0_,
        bloodbank0_.employee_count as employee2_1_0_,
        bloodbank0_.established as establis3_1_0_,
        bloodbank0_.name as name4_1_0_,
        bloodbank0_.owner as owner6_1_0_,
        bloodbank0_.privately_owned as privatel5_1_0_ 
    from
        simplebloodbank.blood_bank bloodbank0_ 
    where
        bloodbank0_.bank_id=?
2021-04-13T15:27:24,146|[TRACE] BasicBinder - binding parameter [1] as [INTEGER] - [22]
2021-04-13T15:27:24,147|[TRACE] BasicExtractor - extracted value ([employee2_1_0_] : [INTEGER]) - [111]
2021-04-13T15:27:24,147|[TRACE] BasicExtractor - extracted value ([establis3_1_0_] : [TIMESTAMP]) - [1111-11-11 11:11:11.0]
2021-04-13T15:27:24,147|[TRACE] BasicExtractor - extracted value ([name4_1_0_] : [VARCHAR]) - [JUNIT]
2021-04-13T15:27:24,147|[TRACE] BasicExtractor - extracted value ([owner6_1_0_] : [INTEGER]) - [null]
2021-04-13T15:27:24,147|[TRACE] BasicExtractor - extracted value ([privatel5_1_0_] : [BOOLEAN]) - [true]
2021-04-13T15:27:24,148|[DEBUG] SQL - 
    /* delete entity.BloodBank */ delete 
        from
            simplebloodbank.blood_bank 
        where
            bank_id=?
2021-04-13T15:27:24,148|[TRACE] BasicBinder - binding parameter [1] as [INTEGER] - [22]
]]></system-out>
    <system-err><![CDATA[Apr. 13, 2021 3:27:24 P.M. dal.GenericDAL lambda$setParameters$0
INFO: setParameters: created=Sat Nov 11 11:11:11 EST 1111
]]></system-err>
  </testcase>
  <testcase name="testGetBloodDonationsWithBloodGroup" classname="logic.BloodDonationTest" time="0.031">
    <system-out><![CDATA[2021-04-13T15:27:24,154|[DEBUG] EMFactory - getting EntityManagerFactory
2021-04-13T15:27:24,154|[DEBUG] EMFactory - initializeing EntityManagerFactory
2021-04-13T15:27:24,154|[DEBUG] SQL - 
    select
        bloodbank0_.bank_id as bank_id1_1_0_,
        bloodbank0_.employee_count as employee2_1_0_,
        bloodbank0_.established as establis3_1_0_,
        bloodbank0_.name as name4_1_0_,
        bloodbank0_.owner as owner6_1_0_,
        bloodbank0_.privately_owned as privatel5_1_0_ 
    from
        simplebloodbank.blood_bank bloodbank0_ 
    where
        bloodbank0_.bank_id=?
2021-04-13T15:27:24,155|[TRACE] BasicBinder - binding parameter [1] as [INTEGER] - [1]
2021-04-13T15:27:24,155|[DEBUG] SQL - 
    /* insert entity.BloodBank
        */ insert 
        into
            simplebloodbank.blood_bank
            (employee_count, established, name, owner, privately_owned) 
        values
            (?, ?, ?, ?, ?)
2021-04-13T15:27:24,155|[TRACE] BasicBinder - binding parameter [1] as [INTEGER] - [111]
2021-04-13T15:27:24,155|[TRACE] BasicBinder - binding parameter [2] as [TIMESTAMP] - [Sat Nov 11 11:11:11 EST 1111]
2021-04-13T15:27:24,156|[TRACE] BasicBinder - binding parameter [3] as [VARCHAR] - [JUNIT]
2021-04-13T15:27:24,156|[TRACE] BasicBinder - binding parameter [4] as [INTEGER] - [null]
2021-04-13T15:27:24,156|[TRACE] BasicBinder - binding parameter [5] as [BOOLEAN] - [true]
2021-04-13T15:27:24,157|[DEBUG] SQL - 
    /* insert entity.BloodDonation
        */ insert 
        into
            simplebloodbank.blood_donation
            (bank_id, blood_group, created, milliliters, rhd) 
        values
            (?, ?, ?, ?, ?)
2021-04-13T15:27:24,157|[TRACE] BasicBinder - binding parameter [1] as [INTEGER] - [23]
2021-04-13T15:27:24,157|[TRACE] BasicBinder - binding parameter [2] as [VARCHAR] - [AB]
2021-04-13T15:27:24,157|[TRACE] BasicBinder - binding parameter [3] as [TIMESTAMP] - [Sat Nov 11 11:11:11 EST 1111]
2021-04-13T15:27:24,157|[TRACE] BasicBinder - binding parameter [4] as [INTEGER] - [100]
2021-04-13T15:27:24,157|[DEBUG] AttributeConverterSqlTypeDescriptorAdapter - Converted value on binding : Negative -> -
2021-04-13T15:27:24,157|[TRACE] BasicBinder - binding parameter [5] as [VARCHAR] - [-]
2021-04-13T15:27:24,161|[DEBUG] EMFactory - getting EntityManagerFactory
2021-04-13T15:27:24,161|[DEBUG] EMFactory - initializeing EntityManagerFactory
2021-04-13T15:27:24,162|[DEBUG] SQL - 
    /* BloodDonation.findByBloodGroup */ select
        blooddonat0_.donation_id as donation1_2_,
        blooddonat0_.bank_id as bank_id6_2_,
        blooddonat0_.blood_group as blood_gr2_2_,
        blooddonat0_.created as created3_2_,
        blooddonat0_.milliliters as millilit4_2_,
        blooddonat0_.rhd as rhd5_2_ 
    from
        simplebloodbank.blood_donation blooddonat0_ 
    where
        blooddonat0_.blood_group=?
2021-04-13T15:27:24,162|[TRACE] BasicBinder - binding parameter [1] as [VARCHAR] - [AB]
2021-04-13T15:27:24,162|[TRACE] BasicExtractor - extracted value ([donation1_2_] : [INTEGER]) - [3]
2021-04-13T15:27:24,162|[TRACE] BasicExtractor - extracted value ([bank_id6_2_] : [INTEGER]) - [23]
2021-04-13T15:27:24,162|[TRACE] BasicExtractor - extracted value ([blood_gr2_2_] : [VARCHAR]) - [AB]
2021-04-13T15:27:24,162|[TRACE] BasicExtractor - extracted value ([created3_2_] : [TIMESTAMP]) - [1111-11-11 11:11:11.0]
2021-04-13T15:27:24,162|[TRACE] BasicExtractor - extracted value ([millilit4_2_] : [INTEGER]) - [100]
2021-04-13T15:27:24,162|[TRACE] BasicExtractor - extracted value ([rhd5_2_] : [VARCHAR]) - [-]
2021-04-13T15:27:24,162|[DEBUG] AttributeConverterSqlTypeDescriptorAdapter - Converted value on extraction: - -> Negative
2021-04-13T15:27:24,163|[DEBUG] EMFactory - getting EntityManagerFactory
2021-04-13T15:27:24,163|[DEBUG] EMFactory - initializeing EntityManagerFactory
2021-04-13T15:27:24,174|[DEBUG] SQL - 
    /* load entity.BloodDonation */ select
        blooddonat0_.donation_id as donation1_2_0_,
        blooddonat0_.bank_id as bank_id6_2_0_,
        blooddonat0_.blood_group as blood_gr2_2_0_,
        blooddonat0_.created as created3_2_0_,
        blooddonat0_.milliliters as millilit4_2_0_,
        blooddonat0_.rhd as rhd5_2_0_ 
    from
        simplebloodbank.blood_donation blooddonat0_ 
    where
        blooddonat0_.donation_id=?
2021-04-13T15:27:24,174|[TRACE] BasicBinder - binding parameter [1] as [INTEGER] - [3]
2021-04-13T15:27:24,174|[TRACE] BasicExtractor - extracted value ([bank_id6_2_0_] : [INTEGER]) - [23]
2021-04-13T15:27:24,174|[TRACE] BasicExtractor - extracted value ([blood_gr2_2_0_] : [VARCHAR]) - [AB]
2021-04-13T15:27:24,175|[TRACE] BasicExtractor - extracted value ([created3_2_0_] : [TIMESTAMP]) - [1111-11-11 11:11:11.0]
2021-04-13T15:27:24,175|[TRACE] BasicExtractor - extracted value ([millilit4_2_0_] : [INTEGER]) - [100]
2021-04-13T15:27:24,175|[TRACE] BasicExtractor - extracted value ([rhd5_2_0_] : [VARCHAR]) - [-]
2021-04-13T15:27:24,175|[DEBUG] AttributeConverterSqlTypeDescriptorAdapter - Converted value on extraction: - -> Negative
2021-04-13T15:27:24,175|[DEBUG] SQL - 
    /* delete entity.BloodDonation */ delete 
        from
            simplebloodbank.blood_donation 
        where
            donation_id=?
2021-04-13T15:27:24,175|[TRACE] BasicBinder - binding parameter [1] as [INTEGER] - [3]
2021-04-13T15:27:24,179|[DEBUG] EMFactory - getting EntityManagerFactory
2021-04-13T15:27:24,179|[DEBUG] EMFactory - initializeing EntityManagerFactory
2021-04-13T15:27:24,180|[DEBUG] SQL - 
    select
        bloodbank0_.bank_id as bank_id1_1_0_,
        bloodbank0_.employee_count as employee2_1_0_,
        bloodbank0_.established as establis3_1_0_,
        bloodbank0_.name as name4_1_0_,
        bloodbank0_.owner as owner6_1_0_,
        bloodbank0_.privately_owned as privatel5_1_0_ 
    from
        simplebloodbank.blood_bank bloodbank0_ 
    where
        bloodbank0_.bank_id=?
2021-04-13T15:27:24,180|[TRACE] BasicBinder - binding parameter [1] as [INTEGER] - [23]
2021-04-13T15:27:24,181|[TRACE] BasicExtractor - extracted value ([employee2_1_0_] : [INTEGER]) - [111]
2021-04-13T15:27:24,181|[TRACE] BasicExtractor - extracted value ([establis3_1_0_] : [TIMESTAMP]) - [1111-11-11 11:11:11.0]
2021-04-13T15:27:24,181|[TRACE] BasicExtractor - extracted value ([name4_1_0_] : [VARCHAR]) - [JUNIT]
2021-04-13T15:27:24,181|[TRACE] BasicExtractor - extracted value ([owner6_1_0_] : [INTEGER]) - [null]
2021-04-13T15:27:24,181|[TRACE] BasicExtractor - extracted value ([privatel5_1_0_] : [BOOLEAN]) - [true]
2021-04-13T15:27:24,181|[DEBUG] SQL - 
    /* delete entity.BloodBank */ delete 
        from
            simplebloodbank.blood_bank 
        where
            bank_id=?
2021-04-13T15:27:24,181|[TRACE] BasicBinder - binding parameter [1] as [INTEGER] - [23]
]]></system-out>
    <system-err><![CDATA[Apr. 13, 2021 3:27:24 P.M. dal.GenericDAL lambda$setParameters$0
INFO: setParameters: bloodGroup=AB
]]></system-err>
  </testcase>
  <testcase name="testCreateEntityNullAndEmptyValues" classname="logic.BloodDonationTest" time="0.022">
    <system-out><![CDATA[2021-04-13T15:27:24,185|[DEBUG] EMFactory - getting EntityManagerFactory
2021-04-13T15:27:24,185|[DEBUG] EMFactory - initializeing EntityManagerFactory
2021-04-13T15:27:24,186|[DEBUG] SQL - 
    select
        bloodbank0_.bank_id as bank_id1_1_0_,
        bloodbank0_.employee_count as employee2_1_0_,
        bloodbank0_.established as establis3_1_0_,
        bloodbank0_.name as name4_1_0_,
        bloodbank0_.owner as owner6_1_0_,
        bloodbank0_.privately_owned as privatel5_1_0_ 
    from
        simplebloodbank.blood_bank bloodbank0_ 
    where
        bloodbank0_.bank_id=?
2021-04-13T15:27:24,186|[TRACE] BasicBinder - binding parameter [1] as [INTEGER] - [1]
2021-04-13T15:27:24,187|[DEBUG] SQL - 
    /* insert entity.BloodBank
        */ insert 
        into
            simplebloodbank.blood_bank
            (employee_count, established, name, owner, privately_owned) 
        values
            (?, ?, ?, ?, ?)
2021-04-13T15:27:24,187|[TRACE] BasicBinder - binding parameter [1] as [INTEGER] - [111]
2021-04-13T15:27:24,187|[TRACE] BasicBinder - binding parameter [2] as [TIMESTAMP] - [Sat Nov 11 11:11:11 EST 1111]
2021-04-13T15:27:24,187|[TRACE] BasicBinder - binding parameter [3] as [VARCHAR] - [JUNIT]
2021-04-13T15:27:24,187|[TRACE] BasicBinder - binding parameter [4] as [INTEGER] - [null]
2021-04-13T15:27:24,187|[TRACE] BasicBinder - binding parameter [5] as [BOOLEAN] - [true]
2021-04-13T15:27:24,188|[DEBUG] SQL - 
    /* insert entity.BloodDonation
        */ insert 
        into
            simplebloodbank.blood_donation
            (bank_id, blood_group, created, milliliters, rhd) 
        values
            (?, ?, ?, ?, ?)
2021-04-13T15:27:24,188|[TRACE] BasicBinder - binding parameter [1] as [INTEGER] - [24]
2021-04-13T15:27:24,189|[TRACE] BasicBinder - binding parameter [2] as [VARCHAR] - [AB]
2021-04-13T15:27:24,189|[TRACE] BasicBinder - binding parameter [3] as [TIMESTAMP] - [Sat Nov 11 11:11:11 EST 1111]
2021-04-13T15:27:24,189|[TRACE] BasicBinder - binding parameter [4] as [INTEGER] - [100]
2021-04-13T15:27:24,189|[DEBUG] AttributeConverterSqlTypeDescriptorAdapter - Converted value on binding : Negative -> -
2021-04-13T15:27:24,189|[TRACE] BasicBinder - binding parameter [5] as [VARCHAR] - [-]
2021-04-13T15:27:24,195|[DEBUG] EMFactory - getting EntityManagerFactory
2021-04-13T15:27:24,195|[DEBUG] EMFactory - initializeing EntityManagerFactory
2021-04-13T15:27:24,195|[DEBUG] SQL - 
    /* load entity.BloodDonation */ select
        blooddonat0_.donation_id as donation1_2_0_,
        blooddonat0_.bank_id as bank_id6_2_0_,
        blooddonat0_.blood_group as blood_gr2_2_0_,
        blooddonat0_.created as created3_2_0_,
        blooddonat0_.milliliters as millilit4_2_0_,
        blooddonat0_.rhd as rhd5_2_0_ 
    from
        simplebloodbank.blood_donation blooddonat0_ 
    where
        blooddonat0_.donation_id=?
2021-04-13T15:27:24,196|[TRACE] BasicBinder - binding parameter [1] as [INTEGER] - [4]
2021-04-13T15:27:24,196|[TRACE] BasicExtractor - extracted value ([bank_id6_2_0_] : [INTEGER]) - [24]
2021-04-13T15:27:24,196|[TRACE] BasicExtractor - extracted value ([blood_gr2_2_0_] : [VARCHAR]) - [AB]
2021-04-13T15:27:24,196|[TRACE] BasicExtractor - extracted value ([created3_2_0_] : [TIMESTAMP]) - [1111-11-11 11:11:11.0]
2021-04-13T15:27:24,196|[TRACE] BasicExtractor - extracted value ([millilit4_2_0_] : [INTEGER]) - [100]
2021-04-13T15:27:24,196|[TRACE] BasicExtractor - extracted value ([rhd5_2_0_] : [VARCHAR]) - [-]
2021-04-13T15:27:24,196|[DEBUG] AttributeConverterSqlTypeDescriptorAdapter - Converted value on extraction: - -> Negative
2021-04-13T15:27:24,197|[DEBUG] SQL - 
    /* delete entity.BloodDonation */ delete 
        from
            simplebloodbank.blood_donation 
        where
            donation_id=?
2021-04-13T15:27:24,197|[TRACE] BasicBinder - binding parameter [1] as [INTEGER] - [4]
2021-04-13T15:27:24,200|[DEBUG] EMFactory - getting EntityManagerFactory
2021-04-13T15:27:24,200|[DEBUG] EMFactory - initializeing EntityManagerFactory
2021-04-13T15:27:24,201|[DEBUG] SQL - 
    select
        bloodbank0_.bank_id as bank_id1_1_0_,
        bloodbank0_.employee_count as employee2_1_0_,
        bloodbank0_.established as establis3_1_0_,
        bloodbank0_.name as name4_1_0_,
        bloodbank0_.owner as owner6_1_0_,
        bloodbank0_.privately_owned as privatel5_1_0_ 
    from
        simplebloodbank.blood_bank bloodbank0_ 
    where
        bloodbank0_.bank_id=?
2021-04-13T15:27:24,201|[TRACE] BasicBinder - binding parameter [1] as [INTEGER] - [24]
2021-04-13T15:27:24,201|[TRACE] BasicExtractor - extracted value ([employee2_1_0_] : [INTEGER]) - [111]
2021-04-13T15:27:24,201|[TRACE] BasicExtractor - extracted value ([establis3_1_0_] : [TIMESTAMP]) - [1111-11-11 11:11:11.0]
2021-04-13T15:27:24,201|[TRACE] BasicExtractor - extracted value ([name4_1_0_] : [VARCHAR]) - [JUNIT]
2021-04-13T15:27:24,201|[TRACE] BasicExtractor - extracted value ([owner6_1_0_] : [INTEGER]) - [null]
2021-04-13T15:27:24,202|[TRACE] BasicExtractor - extracted value ([privatel5_1_0_] : [BOOLEAN]) - [true]
2021-04-13T15:27:24,202|[DEBUG] SQL - 
    /* delete entity.BloodBank */ delete 
        from
            simplebloodbank.blood_bank 
        where
            bank_id=?
2021-04-13T15:27:24,202|[TRACE] BasicBinder - binding parameter [1] as [INTEGER] - [24]
]]></system-out>
  </testcase>
  <testcase name="testExtractDataAsList" classname="logic.BloodDonationTest" time="0.021">
    <system-out><![CDATA[2021-04-13T15:27:24,207|[DEBUG] EMFactory - getting EntityManagerFactory
2021-04-13T15:27:24,207|[DEBUG] EMFactory - initializeing EntityManagerFactory
2021-04-13T15:27:24,208|[DEBUG] SQL - 
    select
        bloodbank0_.bank_id as bank_id1_1_0_,
        bloodbank0_.employee_count as employee2_1_0_,
        bloodbank0_.established as establis3_1_0_,
        bloodbank0_.name as name4_1_0_,
        bloodbank0_.owner as owner6_1_0_,
        bloodbank0_.privately_owned as privatel5_1_0_ 
    from
        simplebloodbank.blood_bank bloodbank0_ 
    where
        bloodbank0_.bank_id=?
2021-04-13T15:27:24,208|[TRACE] BasicBinder - binding parameter [1] as [INTEGER] - [1]
2021-04-13T15:27:24,209|[DEBUG] SQL - 
    /* insert entity.BloodBank
        */ insert 
        into
            simplebloodbank.blood_bank
            (employee_count, established, name, owner, privately_owned) 
        values
            (?, ?, ?, ?, ?)
2021-04-13T15:27:24,209|[TRACE] BasicBinder - binding parameter [1] as [INTEGER] - [111]
2021-04-13T15:27:24,209|[TRACE] BasicBinder - binding parameter [2] as [TIMESTAMP] - [Sat Nov 11 11:11:11 EST 1111]
2021-04-13T15:27:24,209|[TRACE] BasicBinder - binding parameter [3] as [VARCHAR] - [JUNIT]
2021-04-13T15:27:24,209|[TRACE] BasicBinder - binding parameter [4] as [INTEGER] - [null]
2021-04-13T15:27:24,209|[TRACE] BasicBinder - binding parameter [5] as [BOOLEAN] - [true]
2021-04-13T15:27:24,211|[DEBUG] SQL - 
    /* insert entity.BloodDonation
        */ insert 
        into
            simplebloodbank.blood_donation
            (bank_id, blood_group, created, milliliters, rhd) 
        values
            (?, ?, ?, ?, ?)
2021-04-13T15:27:24,211|[TRACE] BasicBinder - binding parameter [1] as [INTEGER] - [25]
2021-04-13T15:27:24,211|[TRACE] BasicBinder - binding parameter [2] as [VARCHAR] - [AB]
2021-04-13T15:27:24,211|[TRACE] BasicBinder - binding parameter [3] as [TIMESTAMP] - [Sat Nov 11 11:11:11 EST 1111]
2021-04-13T15:27:24,211|[TRACE] BasicBinder - binding parameter [4] as [INTEGER] - [100]
2021-04-13T15:27:24,211|[DEBUG] AttributeConverterSqlTypeDescriptorAdapter - Converted value on binding : Negative -> -
2021-04-13T15:27:24,211|[TRACE] BasicBinder - binding parameter [5] as [VARCHAR] - [-]
2021-04-13T15:27:24,215|[DEBUG] EMFactory - getting EntityManagerFactory
2021-04-13T15:27:24,215|[DEBUG] EMFactory - initializeing EntityManagerFactory
2021-04-13T15:27:24,216|[DEBUG] SQL - 
    /* load entity.BloodDonation */ select
        blooddonat0_.donation_id as donation1_2_0_,
        blooddonat0_.bank_id as bank_id6_2_0_,
        blooddonat0_.blood_group as blood_gr2_2_0_,
        blooddonat0_.created as created3_2_0_,
        blooddonat0_.milliliters as millilit4_2_0_,
        blooddonat0_.rhd as rhd5_2_0_ 
    from
        simplebloodbank.blood_donation blooddonat0_ 
    where
        blooddonat0_.donation_id=?
2021-04-13T15:27:24,216|[TRACE] BasicBinder - binding parameter [1] as [INTEGER] - [5]
2021-04-13T15:27:24,216|[TRACE] BasicExtractor - extracted value ([bank_id6_2_0_] : [INTEGER]) - [25]
2021-04-13T15:27:24,216|[TRACE] BasicExtractor - extracted value ([blood_gr2_2_0_] : [VARCHAR]) - [AB]
2021-04-13T15:27:24,217|[TRACE] BasicExtractor - extracted value ([created3_2_0_] : [TIMESTAMP]) - [1111-11-11 11:11:11.0]
2021-04-13T15:27:24,217|[TRACE] BasicExtractor - extracted value ([millilit4_2_0_] : [INTEGER]) - [100]
2021-04-13T15:27:24,217|[TRACE] BasicExtractor - extracted value ([rhd5_2_0_] : [VARCHAR]) - [-]
2021-04-13T15:27:24,217|[DEBUG] AttributeConverterSqlTypeDescriptorAdapter - Converted value on extraction: - -> Negative
2021-04-13T15:27:24,217|[DEBUG] SQL - 
    /* delete entity.BloodDonation */ delete 
        from
            simplebloodbank.blood_donation 
        where
            donation_id=?
2021-04-13T15:27:24,217|[TRACE] BasicBinder - binding parameter [1] as [INTEGER] - [5]
2021-04-13T15:27:24,221|[DEBUG] EMFactory - getting EntityManagerFactory
2021-04-13T15:27:24,221|[DEBUG] EMFactory - initializeing EntityManagerFactory
2021-04-13T15:27:24,222|[DEBUG] SQL - 
    select
        bloodbank0_.bank_id as bank_id1_1_0_,
        bloodbank0_.employee_count as employee2_1_0_,
        bloodbank0_.established as establis3_1_0_,
        bloodbank0_.name as name4_1_0_,
        bloodbank0_.owner as owner6_1_0_,
        bloodbank0_.privately_owned as privatel5_1_0_ 
    from
        simplebloodbank.blood_bank bloodbank0_ 
    where
        bloodbank0_.bank_id=?
2021-04-13T15:27:24,222|[TRACE] BasicBinder - binding parameter [1] as [INTEGER] - [25]
2021-04-13T15:27:24,222|[TRACE] BasicExtractor - extracted value ([employee2_1_0_] : [INTEGER]) - [111]
2021-04-13T15:27:24,222|[TRACE] BasicExtractor - extracted value ([establis3_1_0_] : [TIMESTAMP]) - [1111-11-11 11:11:11.0]
2021-04-13T15:27:24,223|[TRACE] BasicExtractor - extracted value ([name4_1_0_] : [VARCHAR]) - [JUNIT]
2021-04-13T15:27:24,223|[TRACE] BasicExtractor - extracted value ([owner6_1_0_] : [INTEGER]) - [null]
2021-04-13T15:27:24,223|[TRACE] BasicExtractor - extracted value ([privatel5_1_0_] : [BOOLEAN]) - [true]
2021-04-13T15:27:24,223|[DEBUG] SQL - 
    /* delete entity.BloodBank */ delete 
        from
            simplebloodbank.blood_bank 
        where
            bank_id=?
2021-04-13T15:27:24,223|[TRACE] BasicBinder - binding parameter [1] as [INTEGER] - [25]
]]></system-out>
  </testcase>
  <testcase name="testCreateEntityBadRhesusFactorValue" classname="logic.BloodDonationTest" time="0.023">
    <system-out><![CDATA[2021-04-13T15:27:24,228|[DEBUG] EMFactory - getting EntityManagerFactory
2021-04-13T15:27:24,228|[DEBUG] EMFactory - initializeing EntityManagerFactory
2021-04-13T15:27:24,229|[DEBUG] SQL - 
    select
        bloodbank0_.bank_id as bank_id1_1_0_,
        bloodbank0_.employee_count as employee2_1_0_,
        bloodbank0_.established as establis3_1_0_,
        bloodbank0_.name as name4_1_0_,
        bloodbank0_.owner as owner6_1_0_,
        bloodbank0_.privately_owned as privatel5_1_0_ 
    from
        simplebloodbank.blood_bank bloodbank0_ 
    where
        bloodbank0_.bank_id=?
2021-04-13T15:27:24,229|[TRACE] BasicBinder - binding parameter [1] as [INTEGER] - [1]
2021-04-13T15:27:24,229|[DEBUG] SQL - 
    /* insert entity.BloodBank
        */ insert 
        into
            simplebloodbank.blood_bank
            (employee_count, established, name, owner, privately_owned) 
        values
            (?, ?, ?, ?, ?)
2021-04-13T15:27:24,230|[TRACE] BasicBinder - binding parameter [1] as [INTEGER] - [111]
2021-04-13T15:27:24,230|[TRACE] BasicBinder - binding parameter [2] as [TIMESTAMP] - [Sat Nov 11 11:11:11 EST 1111]
2021-04-13T15:27:24,230|[TRACE] BasicBinder - binding parameter [3] as [VARCHAR] - [JUNIT]
2021-04-13T15:27:24,230|[TRACE] BasicBinder - binding parameter [4] as [INTEGER] - [null]
2021-04-13T15:27:24,230|[TRACE] BasicBinder - binding parameter [5] as [BOOLEAN] - [true]
2021-04-13T15:27:24,231|[DEBUG] SQL - 
    /* insert entity.BloodDonation
        */ insert 
        into
            simplebloodbank.blood_donation
            (bank_id, blood_group, created, milliliters, rhd) 
        values
            (?, ?, ?, ?, ?)
2021-04-13T15:27:24,231|[TRACE] BasicBinder - binding parameter [1] as [INTEGER] - [26]
2021-04-13T15:27:24,231|[TRACE] BasicBinder - binding parameter [2] as [VARCHAR] - [AB]
2021-04-13T15:27:24,231|[TRACE] BasicBinder - binding parameter [3] as [TIMESTAMP] - [Sat Nov 11 11:11:11 EST 1111]
2021-04-13T15:27:24,231|[TRACE] BasicBinder - binding parameter [4] as [INTEGER] - [100]
2021-04-13T15:27:24,231|[DEBUG] AttributeConverterSqlTypeDescriptorAdapter - Converted value on binding : Negative -> -
2021-04-13T15:27:24,231|[TRACE] BasicBinder - binding parameter [5] as [VARCHAR] - [-]
2021-04-13T15:27:24,239|[DEBUG] EMFactory - getting EntityManagerFactory
2021-04-13T15:27:24,239|[DEBUG] EMFactory - initializeing EntityManagerFactory
2021-04-13T15:27:24,240|[DEBUG] SQL - 
    /* load entity.BloodDonation */ select
        blooddonat0_.donation_id as donation1_2_0_,
        blooddonat0_.bank_id as bank_id6_2_0_,
        blooddonat0_.blood_group as blood_gr2_2_0_,
        blooddonat0_.created as created3_2_0_,
        blooddonat0_.milliliters as millilit4_2_0_,
        blooddonat0_.rhd as rhd5_2_0_ 
    from
        simplebloodbank.blood_donation blooddonat0_ 
    where
        blooddonat0_.donation_id=?
2021-04-13T15:27:24,240|[TRACE] BasicBinder - binding parameter [1] as [INTEGER] - [6]
2021-04-13T15:27:24,240|[TRACE] BasicExtractor - extracted value ([bank_id6_2_0_] : [INTEGER]) - [26]
2021-04-13T15:27:24,240|[TRACE] BasicExtractor - extracted value ([blood_gr2_2_0_] : [VARCHAR]) - [AB]
2021-04-13T15:27:24,241|[TRACE] BasicExtractor - extracted value ([created3_2_0_] : [TIMESTAMP]) - [1111-11-11 11:11:11.0]
2021-04-13T15:27:24,241|[TRACE] BasicExtractor - extracted value ([millilit4_2_0_] : [INTEGER]) - [100]
2021-04-13T15:27:24,241|[TRACE] BasicExtractor - extracted value ([rhd5_2_0_] : [VARCHAR]) - [-]
2021-04-13T15:27:24,241|[DEBUG] AttributeConverterSqlTypeDescriptorAdapter - Converted value on extraction: - -> Negative
2021-04-13T15:27:24,241|[DEBUG] SQL - 
    /* delete entity.BloodDonation */ delete 
        from
            simplebloodbank.blood_donation 
        where
            donation_id=?
2021-04-13T15:27:24,241|[TRACE] BasicBinder - binding parameter [1] as [INTEGER] - [6]
2021-04-13T15:27:24,246|[DEBUG] EMFactory - getting EntityManagerFactory
2021-04-13T15:27:24,246|[DEBUG] EMFactory - initializeing EntityManagerFactory
2021-04-13T15:27:24,246|[DEBUG] SQL - 
    select
        bloodbank0_.bank_id as bank_id1_1_0_,
        bloodbank0_.employee_count as employee2_1_0_,
        bloodbank0_.established as establis3_1_0_,
        bloodbank0_.name as name4_1_0_,
        bloodbank0_.owner as owner6_1_0_,
        bloodbank0_.privately_owned as privatel5_1_0_ 
    from
        simplebloodbank.blood_bank bloodbank0_ 
    where
        bloodbank0_.bank_id=?
2021-04-13T15:27:24,246|[TRACE] BasicBinder - binding parameter [1] as [INTEGER] - [26]
2021-04-13T15:27:24,247|[TRACE] BasicExtractor - extracted value ([employee2_1_0_] : [INTEGER]) - [111]
2021-04-13T15:27:24,247|[TRACE] BasicExtractor - extracted value ([establis3_1_0_] : [TIMESTAMP]) - [1111-11-11 11:11:11.0]
2021-04-13T15:27:24,247|[TRACE] BasicExtractor - extracted value ([name4_1_0_] : [VARCHAR]) - [JUNIT]
2021-04-13T15:27:24,247|[TRACE] BasicExtractor - extracted value ([owner6_1_0_] : [INTEGER]) - [null]
2021-04-13T15:27:24,247|[TRACE] BasicExtractor - extracted value ([privatel5_1_0_] : [BOOLEAN]) - [true]
2021-04-13T15:27:24,247|[DEBUG] SQL - 
    /* delete entity.BloodBank */ delete 
        from
            simplebloodbank.blood_bank 
        where
            bank_id=?
2021-04-13T15:27:24,248|[TRACE] BasicBinder - binding parameter [1] as [INTEGER] - [26]
]]></system-out>
  </testcase>
  <testcase name="testCreateEntityBadBloodGroupValue" classname="logic.BloodDonationTest" time="0.02">
    <system-out><![CDATA[2021-04-13T15:27:24,251|[DEBUG] EMFactory - getting EntityManagerFactory
2021-04-13T15:27:24,251|[DEBUG] EMFactory - initializeing EntityManagerFactory
2021-04-13T15:27:24,252|[DEBUG] SQL - 
    select
        bloodbank0_.bank_id as bank_id1_1_0_,
        bloodbank0_.employee_count as employee2_1_0_,
        bloodbank0_.established as establis3_1_0_,
        bloodbank0_.name as name4_1_0_,
        bloodbank0_.owner as owner6_1_0_,
        bloodbank0_.privately_owned as privatel5_1_0_ 
    from
        simplebloodbank.blood_bank bloodbank0_ 
    where
        bloodbank0_.bank_id=?
2021-04-13T15:27:24,252|[TRACE] BasicBinder - binding parameter [1] as [INTEGER] - [1]
2021-04-13T15:27:24,253|[DEBUG] SQL - 
    /* insert entity.BloodBank
        */ insert 
        into
            simplebloodbank.blood_bank
            (employee_count, established, name, owner, privately_owned) 
        values
            (?, ?, ?, ?, ?)
2021-04-13T15:27:24,253|[TRACE] BasicBinder - binding parameter [1] as [INTEGER] - [111]
2021-04-13T15:27:24,253|[TRACE] BasicBinder - binding parameter [2] as [TIMESTAMP] - [Sat Nov 11 11:11:11 EST 1111]
2021-04-13T15:27:24,253|[TRACE] BasicBinder - binding parameter [3] as [VARCHAR] - [JUNIT]
2021-04-13T15:27:24,253|[TRACE] BasicBinder - binding parameter [4] as [INTEGER] - [null]
2021-04-13T15:27:24,253|[TRACE] BasicBinder - binding parameter [5] as [BOOLEAN] - [true]
2021-04-13T15:27:24,254|[DEBUG] SQL - 
    /* insert entity.BloodDonation
        */ insert 
        into
            simplebloodbank.blood_donation
            (bank_id, blood_group, created, milliliters, rhd) 
        values
            (?, ?, ?, ?, ?)
2021-04-13T15:27:24,255|[TRACE] BasicBinder - binding parameter [1] as [INTEGER] - [27]
2021-04-13T15:27:24,255|[TRACE] BasicBinder - binding parameter [2] as [VARCHAR] - [AB]
2021-04-13T15:27:24,255|[TRACE] BasicBinder - binding parameter [3] as [TIMESTAMP] - [Sat Nov 11 11:11:11 EST 1111]
2021-04-13T15:27:24,255|[TRACE] BasicBinder - binding parameter [4] as [INTEGER] - [100]
2021-04-13T15:27:24,255|[DEBUG] AttributeConverterSqlTypeDescriptorAdapter - Converted value on binding : Negative -> -
2021-04-13T15:27:24,255|[TRACE] BasicBinder - binding parameter [5] as [VARCHAR] - [-]
2021-04-13T15:27:24,259|[DEBUG] EMFactory - getting EntityManagerFactory
2021-04-13T15:27:24,259|[DEBUG] EMFactory - initializeing EntityManagerFactory
2021-04-13T15:27:24,259|[DEBUG] SQL - 
    /* load entity.BloodDonation */ select
        blooddonat0_.donation_id as donation1_2_0_,
        blooddonat0_.bank_id as bank_id6_2_0_,
        blooddonat0_.blood_group as blood_gr2_2_0_,
        blooddonat0_.created as created3_2_0_,
        blooddonat0_.milliliters as millilit4_2_0_,
        blooddonat0_.rhd as rhd5_2_0_ 
    from
        simplebloodbank.blood_donation blooddonat0_ 
    where
        blooddonat0_.donation_id=?
2021-04-13T15:27:24,259|[TRACE] BasicBinder - binding parameter [1] as [INTEGER] - [7]
2021-04-13T15:27:24,260|[TRACE] BasicExtractor - extracted value ([bank_id6_2_0_] : [INTEGER]) - [27]
2021-04-13T15:27:24,260|[TRACE] BasicExtractor - extracted value ([blood_gr2_2_0_] : [VARCHAR]) - [AB]
2021-04-13T15:27:24,260|[TRACE] BasicExtractor - extracted value ([created3_2_0_] : [TIMESTAMP]) - [1111-11-11 11:11:11.0]
2021-04-13T15:27:24,260|[TRACE] BasicExtractor - extracted value ([millilit4_2_0_] : [INTEGER]) - [100]
2021-04-13T15:27:24,260|[TRACE] BasicExtractor - extracted value ([rhd5_2_0_] : [VARCHAR]) - [-]
2021-04-13T15:27:24,260|[DEBUG] AttributeConverterSqlTypeDescriptorAdapter - Converted value on extraction: - -> Negative
2021-04-13T15:27:24,261|[DEBUG] SQL - 
    /* delete entity.BloodDonation */ delete 
        from
            simplebloodbank.blood_donation 
        where
            donation_id=?
2021-04-13T15:27:24,261|[TRACE] BasicBinder - binding parameter [1] as [INTEGER] - [7]
2021-04-13T15:27:24,265|[DEBUG] EMFactory - getting EntityManagerFactory
2021-04-13T15:27:24,265|[DEBUG] EMFactory - initializeing EntityManagerFactory
2021-04-13T15:27:24,265|[DEBUG] SQL - 
    select
        bloodbank0_.bank_id as bank_id1_1_0_,
        bloodbank0_.employee_count as employee2_1_0_,
        bloodbank0_.established as establis3_1_0_,
        bloodbank0_.name as name4_1_0_,
        bloodbank0_.owner as owner6_1_0_,
        bloodbank0_.privately_owned as privatel5_1_0_ 
    from
        simplebloodbank.blood_bank bloodbank0_ 
    where
        bloodbank0_.bank_id=?
2021-04-13T15:27:24,266|[TRACE] BasicBinder - binding parameter [1] as [INTEGER] - [27]
2021-04-13T15:27:24,266|[TRACE] BasicExtractor - extracted value ([employee2_1_0_] : [INTEGER]) - [111]
2021-04-13T15:27:24,266|[TRACE] BasicExtractor - extracted value ([establis3_1_0_] : [TIMESTAMP]) - [1111-11-11 11:11:11.0]
2021-04-13T15:27:24,266|[TRACE] BasicExtractor - extracted value ([name4_1_0_] : [VARCHAR]) - [JUNIT]
2021-04-13T15:27:24,266|[TRACE] BasicExtractor - extracted value ([owner6_1_0_] : [INTEGER]) - [null]
2021-04-13T15:27:24,266|[TRACE] BasicExtractor - extracted value ([privatel5_1_0_] : [BOOLEAN]) - [true]
2021-04-13T15:27:24,267|[DEBUG] SQL - 
    /* delete entity.BloodBank */ delete 
        from
            simplebloodbank.blood_bank 
        where
            bank_id=?
2021-04-13T15:27:24,267|[TRACE] BasicBinder - binding parameter [1] as [INTEGER] - [27]
]]></system-out>
  </testcase>
  <testcase name="testCreateEntityBadCreatedValue" classname="logic.BloodDonationTest" time="0.023">
    <system-out><![CDATA[2021-04-13T15:27:24,271|[DEBUG] EMFactory - getting EntityManagerFactory
2021-04-13T15:27:24,271|[DEBUG] EMFactory - initializeing EntityManagerFactory
2021-04-13T15:27:24,272|[DEBUG] SQL - 
    select
        bloodbank0_.bank_id as bank_id1_1_0_,
        bloodbank0_.employee_count as employee2_1_0_,
        bloodbank0_.established as establis3_1_0_,
        bloodbank0_.name as name4_1_0_,
        bloodbank0_.owner as owner6_1_0_,
        bloodbank0_.privately_owned as privatel5_1_0_ 
    from
        simplebloodbank.blood_bank bloodbank0_ 
    where
        bloodbank0_.bank_id=?
2021-04-13T15:27:24,272|[TRACE] BasicBinder - binding parameter [1] as [INTEGER] - [1]
2021-04-13T15:27:24,272|[DEBUG] SQL - 
    /* insert entity.BloodBank
        */ insert 
        into
            simplebloodbank.blood_bank
            (employee_count, established, name, owner, privately_owned) 
        values
            (?, ?, ?, ?, ?)
2021-04-13T15:27:24,273|[TRACE] BasicBinder - binding parameter [1] as [INTEGER] - [111]
2021-04-13T15:27:24,273|[TRACE] BasicBinder - binding parameter [2] as [TIMESTAMP] - [Sat Nov 11 11:11:11 EST 1111]
2021-04-13T15:27:24,273|[TRACE] BasicBinder - binding parameter [3] as [VARCHAR] - [JUNIT]
2021-04-13T15:27:24,273|[TRACE] BasicBinder - binding parameter [4] as [INTEGER] - [null]
2021-04-13T15:27:24,273|[TRACE] BasicBinder - binding parameter [5] as [BOOLEAN] - [true]
2021-04-13T15:27:24,274|[DEBUG] SQL - 
    /* insert entity.BloodDonation
        */ insert 
        into
            simplebloodbank.blood_donation
            (bank_id, blood_group, created, milliliters, rhd) 
        values
            (?, ?, ?, ?, ?)
2021-04-13T15:27:24,274|[TRACE] BasicBinder - binding parameter [1] as [INTEGER] - [28]
2021-04-13T15:27:24,274|[TRACE] BasicBinder - binding parameter [2] as [VARCHAR] - [AB]
2021-04-13T15:27:24,274|[TRACE] BasicBinder - binding parameter [3] as [TIMESTAMP] - [Sat Nov 11 11:11:11 EST 1111]
2021-04-13T15:27:24,274|[TRACE] BasicBinder - binding parameter [4] as [INTEGER] - [100]
2021-04-13T15:27:24,274|[DEBUG] AttributeConverterSqlTypeDescriptorAdapter - Converted value on binding : Negative -> -
2021-04-13T15:27:24,274|[TRACE] BasicBinder - binding parameter [5] as [VARCHAR] - [-]
2021-04-13T15:27:24,281|[DEBUG] EMFactory - getting EntityManagerFactory
2021-04-13T15:27:24,281|[DEBUG] EMFactory - initializeing EntityManagerFactory
2021-04-13T15:27:24,282|[DEBUG] SQL - 
    /* load entity.BloodDonation */ select
        blooddonat0_.donation_id as donation1_2_0_,
        blooddonat0_.bank_id as bank_id6_2_0_,
        blooddonat0_.blood_group as blood_gr2_2_0_,
        blooddonat0_.created as created3_2_0_,
        blooddonat0_.milliliters as millilit4_2_0_,
        blooddonat0_.rhd as rhd5_2_0_ 
    from
        simplebloodbank.blood_donation blooddonat0_ 
    where
        blooddonat0_.donation_id=?
2021-04-13T15:27:24,282|[TRACE] BasicBinder - binding parameter [1] as [INTEGER] - [8]
2021-04-13T15:27:24,283|[TRACE] BasicExtractor - extracted value ([bank_id6_2_0_] : [INTEGER]) - [28]
2021-04-13T15:27:24,283|[TRACE] BasicExtractor - extracted value ([blood_gr2_2_0_] : [VARCHAR]) - [AB]
2021-04-13T15:27:24,283|[TRACE] BasicExtractor - extracted value ([created3_2_0_] : [TIMESTAMP]) - [1111-11-11 11:11:11.0]
2021-04-13T15:27:24,283|[TRACE] BasicExtractor - extracted value ([millilit4_2_0_] : [INTEGER]) - [100]
2021-04-13T15:27:24,283|[TRACE] BasicExtractor - extracted value ([rhd5_2_0_] : [VARCHAR]) - [-]
2021-04-13T15:27:24,283|[DEBUG] AttributeConverterSqlTypeDescriptorAdapter - Converted value on extraction: - -> Negative
2021-04-13T15:27:24,283|[DEBUG] SQL - 
    /* delete entity.BloodDonation */ delete 
        from
            simplebloodbank.blood_donation 
        where
            donation_id=?
2021-04-13T15:27:24,283|[TRACE] BasicBinder - binding parameter [1] as [INTEGER] - [8]
2021-04-13T15:27:24,288|[DEBUG] EMFactory - getting EntityManagerFactory
2021-04-13T15:27:24,288|[DEBUG] EMFactory - initializeing EntityManagerFactory
2021-04-13T15:27:24,289|[DEBUG] SQL - 
    select
        bloodbank0_.bank_id as bank_id1_1_0_,
        bloodbank0_.employee_count as employee2_1_0_,
        bloodbank0_.established as establis3_1_0_,
        bloodbank0_.name as name4_1_0_,
        bloodbank0_.owner as owner6_1_0_,
        bloodbank0_.privately_owned as privatel5_1_0_ 
    from
        simplebloodbank.blood_bank bloodbank0_ 
    where
        bloodbank0_.bank_id=?
2021-04-13T15:27:24,289|[TRACE] BasicBinder - binding parameter [1] as [INTEGER] - [28]
2021-04-13T15:27:24,289|[TRACE] BasicExtractor - extracted value ([employee2_1_0_] : [INTEGER]) - [111]
2021-04-13T15:27:24,289|[TRACE] BasicExtractor - extracted value ([establis3_1_0_] : [TIMESTAMP]) - [1111-11-11 11:11:11.0]
2021-04-13T15:27:24,289|[TRACE] BasicExtractor - extracted value ([name4_1_0_] : [VARCHAR]) - [JUNIT]
2021-04-13T15:27:24,289|[TRACE] BasicExtractor - extracted value ([owner6_1_0_] : [INTEGER]) - [null]
2021-04-13T15:27:24,289|[TRACE] BasicExtractor - extracted value ([privatel5_1_0_] : [BOOLEAN]) - [true]
2021-04-13T15:27:24,290|[DEBUG] SQL - 
    /* delete entity.BloodBank */ delete 
        from
            simplebloodbank.blood_bank 
        where
            bank_id=?
2021-04-13T15:27:24,290|[TRACE] BasicBinder - binding parameter [1] as [INTEGER] - [28]
]]></system-out>
    <system-err><![CDATA[Apr. 13, 2021 3:27:24 P.M. logic.GenericLogic convertStringToDate
SEVERE: null
java.text.ParseException: Unparseable date: ""
	at java.base/java.text.DateFormat.parse(DateFormat.java:395)
	at logic.GenericLogic.convertStringToDate(GenericLogic.java:91)
	at logic.BloodDonationLogic.convertStringToDate(BloodDonationLogic.java:22)
	at logic.BloodDonationLogic.createEntity(BloodDonationLogic.java:97)
	at logic.BloodDonationTest.testCreateEntityBadCreatedValue(BloodDonationTest.java:364)
	at java.base/jdk.internal.reflect.NativeMethodAccessorImpl.invoke0(Native Method)
	at java.base/jdk.internal.reflect.NativeMethodAccessorImpl.invoke(NativeMethodAccessorImpl.java:62)
	at java.base/jdk.internal.reflect.DelegatingMethodAccessorImpl.invoke(DelegatingMethodAccessorImpl.java:43)
	at java.base/java.lang.reflect.Method.invoke(Method.java:566)
	at org.junit.platform.commons.util.ReflectionUtils.invokeMethod(ReflectionUtils.java:688)
	at org.junit.jupiter.engine.execution.MethodInvocation.proceed(MethodInvocation.java:60)
	at org.junit.jupiter.engine.execution.InvocationInterceptorChain$ValidatingInvocation.proceed(InvocationInterceptorChain.java:131)
	at org.junit.jupiter.engine.extension.TimeoutExtension.intercept(TimeoutExtension.java:149)
	at org.junit.jupiter.engine.extension.TimeoutExtension.interceptTestableMethod(TimeoutExtension.java:140)
	at org.junit.jupiter.engine.extension.TimeoutExtension.interceptTestMethod(TimeoutExtension.java:84)
	at org.junit.jupiter.engine.execution.ExecutableInvoker$ReflectiveInterceptorCall.lambda$ofVoidMethod$0(ExecutableInvoker.java:115)
	at org.junit.jupiter.engine.execution.ExecutableInvoker.lambda$invoke$0(ExecutableInvoker.java:105)
	at org.junit.jupiter.engine.execution.InvocationInterceptorChain$InterceptedInvocation.proceed(InvocationInterceptorChain.java:106)
	at org.junit.jupiter.engine.execution.InvocationInterceptorChain.proceed(InvocationInterceptorChain.java:64)
	at org.junit.jupiter.engine.execution.InvocationInterceptorChain.chainAndInvoke(InvocationInterceptorChain.java:45)
	at org.junit.jupiter.engine.execution.InvocationInterceptorChain.invoke(InvocationInterceptorChain.java:37)
	at org.junit.jupiter.engine.execution.ExecutableInvoker.invoke(ExecutableInvoker.java:104)
	at org.junit.jupiter.engine.execution.ExecutableInvoker.invoke(ExecutableInvoker.java:98)
	at org.junit.jupiter.engine.descriptor.TestMethodTestDescriptor.lambda$invokeTestMethod$6(TestMethodTestDescriptor.java:210)
	at org.junit.platform.engine.support.hierarchical.ThrowableCollector.execute(ThrowableCollector.java:73)
	at org.junit.jupiter.engine.descriptor.TestMethodTestDescriptor.invokeTestMethod(TestMethodTestDescriptor.java:206)
	at org.junit.jupiter.engine.descriptor.TestMethodTestDescriptor.execute(TestMethodTestDescriptor.java:131)
	at org.junit.jupiter.engine.descriptor.TestMethodTestDescriptor.execute(TestMethodTestDescriptor.java:65)
	at org.junit.platform.engine.support.hierarchical.NodeTestTask.lambda$executeRecursively$5(NodeTestTask.java:139)
	at org.junit.platform.engine.support.hierarchical.ThrowableCollector.execute(ThrowableCollector.java:73)
	at org.junit.platform.engine.support.hierarchical.NodeTestTask.lambda$executeRecursively$7(NodeTestTask.java:129)
	at org.junit.platform.engine.support.hierarchical.Node.around(Node.java:137)
	at org.junit.platform.engine.support.hierarchical.NodeTestTask.lambda$executeRecursively$8(NodeTestTask.java:127)
	at org.junit.platform.engine.support.hierarchical.ThrowableCollector.execute(ThrowableCollector.java:73)
	at org.junit.platform.engine.support.hierarchical.NodeTestTask.executeRecursively(NodeTestTask.java:126)
	at org.junit.platform.engine.support.hierarchical.NodeTestTask.execute(NodeTestTask.java:84)
	at java.base/java.util.ArrayList.forEach(ArrayList.java:1541)
	at org.junit.platform.engine.support.hierarchical.SameThreadHierarchicalTestExecutorService.invokeAll(SameThreadHierarchicalTestExecutorService.java:38)
	at org.junit.platform.engine.support.hierarchical.NodeTestTask.lambda$executeRecursively$5(NodeTestTask.java:143)
	at org.junit.platform.engine.support.hierarchical.ThrowableCollector.execute(ThrowableCollector.java:73)
	at org.junit.platform.engine.support.hierarchical.NodeTestTask.lambda$executeRecursively$7(NodeTestTask.java:129)
	at org.junit.platform.engine.support.hierarchical.Node.around(Node.java:137)
	at org.junit.platform.engine.support.hierarchical.NodeTestTask.lambda$executeRecursively$8(NodeTestTask.java:127)
	at org.junit.platform.engine.support.hierarchical.ThrowableCollector.execute(ThrowableCollector.java:73)
	at org.junit.platform.engine.support.hierarchical.NodeTestTask.executeRecursively(NodeTestTask.java:126)
	at org.junit.platform.engine.support.hierarchical.NodeTestTask.execute(NodeTestTask.java:84)
	at java.base/java.util.ArrayList.forEach(ArrayList.java:1541)
	at org.junit.platform.engine.support.hierarchical.SameThreadHierarchicalTestExecutorService.invokeAll(SameThreadHierarchicalTestExecutorService.java:38)
	at org.junit.platform.engine.support.hierarchical.NodeTestTask.lambda$executeRecursively$5(NodeTestTask.java:143)
	at org.junit.platform.engine.support.hierarchical.ThrowableCollector.execute(ThrowableCollector.java:73)
	at org.junit.platform.engine.support.hierarchical.NodeTestTask.lambda$executeRecursively$7(NodeTestTask.java:129)
	at org.junit.platform.engine.support.hierarchical.Node.around(Node.java:137)
	at org.junit.platform.engine.support.hierarchical.NodeTestTask.lambda$executeRecursively$8(NodeTestTask.java:127)
	at org.junit.platform.engine.support.hierarchical.ThrowableCollector.execute(ThrowableCollector.java:73)
	at org.junit.platform.engine.support.hierarchical.NodeTestTask.executeRecursively(NodeTestTask.java:126)
	at org.junit.platform.engine.support.hierarchical.NodeTestTask.execute(NodeTestTask.java:84)
	at org.junit.platform.engine.support.hierarchical.SameThreadHierarchicalTestExecutorService.submit(SameThreadHierarchicalTestExecutorService.java:32)
	at org.junit.platform.engine.support.hierarchical.HierarchicalTestExecutor.execute(HierarchicalTestExecutor.java:57)
	at org.junit.platform.engine.support.hierarchical.HierarchicalTestEngine.execute(HierarchicalTestEngine.java:51)
	at org.junit.platform.launcher.core.EngineExecutionOrchestrator.execute(EngineExecutionOrchestrator.java:108)
	at org.junit.platform.launcher.core.EngineExecutionOrchestrator.execute(EngineExecutionOrchestrator.java:88)
	at org.junit.platform.launcher.core.EngineExecutionOrchestrator.lambda$execute$0(EngineExecutionOrchestrator.java:54)
	at org.junit.platform.launcher.core.EngineExecutionOrchestrator.withInterceptedStreams(EngineExecutionOrchestrator.java:67)
	at org.junit.platform.launcher.core.EngineExecutionOrchestrator.execute(EngineExecutionOrchestrator.java:52)
	at org.junit.platform.launcher.core.DefaultLauncher.execute(DefaultLauncher.java:96)
	at org.junit.platform.launcher.core.DefaultLauncher.execute(DefaultLauncher.java:75)
	at org.apache.maven.surefire.junitplatform.JUnitPlatformProvider.execute(JUnitPlatformProvider.java:188)
	at org.apache.maven.surefire.junitplatform.JUnitPlatformProvider.invokeAllTests(JUnitPlatformProvider.java:154)
	at org.apache.maven.surefire.junitplatform.JUnitPlatformProvider.invoke(JUnitPlatformProvider.java:128)
	at org.apache.maven.surefire.booter.ForkedBooter.runSuitesInProcess(ForkedBooter.java:428)
	at org.apache.maven.surefire.booter.ForkedBooter.execute(ForkedBooter.java:162)
	at org.apache.maven.surefire.booter.ForkedBooter.run(ForkedBooter.java:562)
	at org.apache.maven.surefire.booter.ForkedBooter.main(ForkedBooter.java:548)

Apr. 13, 2021 3:27:24 P.M. logic.BloodDonationLogic createEntity
SEVERE: null
common.ValidationException: failed to format String="" to a date object
	at logic.GenericLogic.convertStringToDate(GenericLogic.java:94)
	at logic.BloodDonationLogic.convertStringToDate(BloodDonationLogic.java:22)
	at logic.BloodDonationLogic.createEntity(BloodDonationLogic.java:97)
	at logic.BloodDonationTest.testCreateEntityBadCreatedValue(BloodDonationTest.java:364)
	at java.base/jdk.internal.reflect.NativeMethodAccessorImpl.invoke0(Native Method)
	at java.base/jdk.internal.reflect.NativeMethodAccessorImpl.invoke(NativeMethodAccessorImpl.java:62)
	at java.base/jdk.internal.reflect.DelegatingMethodAccessorImpl.invoke(DelegatingMethodAccessorImpl.java:43)
	at java.base/java.lang.reflect.Method.invoke(Method.java:566)
	at org.junit.platform.commons.util.ReflectionUtils.invokeMethod(ReflectionUtils.java:688)
	at org.junit.jupiter.engine.execution.MethodInvocation.proceed(MethodInvocation.java:60)
	at org.junit.jupiter.engine.execution.InvocationInterceptorChain$ValidatingInvocation.proceed(InvocationInterceptorChain.java:131)
	at org.junit.jupiter.engine.extension.TimeoutExtension.intercept(TimeoutExtension.java:149)
	at org.junit.jupiter.engine.extension.TimeoutExtension.interceptTestableMethod(TimeoutExtension.java:140)
	at org.junit.jupiter.engine.extension.TimeoutExtension.interceptTestMethod(TimeoutExtension.java:84)
	at org.junit.jupiter.engine.execution.ExecutableInvoker$ReflectiveInterceptorCall.lambda$ofVoidMethod$0(ExecutableInvoker.java:115)
	at org.junit.jupiter.engine.execution.ExecutableInvoker.lambda$invoke$0(ExecutableInvoker.java:105)
	at org.junit.jupiter.engine.execution.InvocationInterceptorChain$InterceptedInvocation.proceed(InvocationInterceptorChain.java:106)
	at org.junit.jupiter.engine.execution.InvocationInterceptorChain.proceed(InvocationInterceptorChain.java:64)
	at org.junit.jupiter.engine.execution.InvocationInterceptorChain.chainAndInvoke(InvocationInterceptorChain.java:45)
	at org.junit.jupiter.engine.execution.InvocationInterceptorChain.invoke(InvocationInterceptorChain.java:37)
	at org.junit.jupiter.engine.execution.ExecutableInvoker.invoke(ExecutableInvoker.java:104)
	at org.junit.jupiter.engine.execution.ExecutableInvoker.invoke(ExecutableInvoker.java:98)
	at org.junit.jupiter.engine.descriptor.TestMethodTestDescriptor.lambda$invokeTestMethod$6(TestMethodTestDescriptor.java:210)
	at org.junit.platform.engine.support.hierarchical.ThrowableCollector.execute(ThrowableCollector.java:73)
	at org.junit.jupiter.engine.descriptor.TestMethodTestDescriptor.invokeTestMethod(TestMethodTestDescriptor.java:206)
	at org.junit.jupiter.engine.descriptor.TestMethodTestDescriptor.execute(TestMethodTestDescriptor.java:131)
	at org.junit.jupiter.engine.descriptor.TestMethodTestDescriptor.execute(TestMethodTestDescriptor.java:65)
	at org.junit.platform.engine.support.hierarchical.NodeTestTask.lambda$executeRecursively$5(NodeTestTask.java:139)
	at org.junit.platform.engine.support.hierarchical.ThrowableCollector.execute(ThrowableCollector.java:73)
	at org.junit.platform.engine.support.hierarchical.NodeTestTask.lambda$executeRecursively$7(NodeTestTask.java:129)
	at org.junit.platform.engine.support.hierarchical.Node.around(Node.java:137)
	at org.junit.platform.engine.support.hierarchical.NodeTestTask.lambda$executeRecursively$8(NodeTestTask.java:127)
	at org.junit.platform.engine.support.hierarchical.ThrowableCollector.execute(ThrowableCollector.java:73)
	at org.junit.platform.engine.support.hierarchical.NodeTestTask.executeRecursively(NodeTestTask.java:126)
	at org.junit.platform.engine.support.hierarchical.NodeTestTask.execute(NodeTestTask.java:84)
	at java.base/java.util.ArrayList.forEach(ArrayList.java:1541)
	at org.junit.platform.engine.support.hierarchical.SameThreadHierarchicalTestExecutorService.invokeAll(SameThreadHierarchicalTestExecutorService.java:38)
	at org.junit.platform.engine.support.hierarchical.NodeTestTask.lambda$executeRecursively$5(NodeTestTask.java:143)
	at org.junit.platform.engine.support.hierarchical.ThrowableCollector.execute(ThrowableCollector.java:73)
	at org.junit.platform.engine.support.hierarchical.NodeTestTask.lambda$executeRecursively$7(NodeTestTask.java:129)
	at org.junit.platform.engine.support.hierarchical.Node.around(Node.java:137)
	at org.junit.platform.engine.support.hierarchical.NodeTestTask.lambda$executeRecursively$8(NodeTestTask.java:127)
	at org.junit.platform.engine.support.hierarchical.ThrowableCollector.execute(ThrowableCollector.java:73)
	at org.junit.platform.engine.support.hierarchical.NodeTestTask.executeRecursively(NodeTestTask.java:126)
	at org.junit.platform.engine.support.hierarchical.NodeTestTask.execute(NodeTestTask.java:84)
	at java.base/java.util.ArrayList.forEach(ArrayList.java:1541)
	at org.junit.platform.engine.support.hierarchical.SameThreadHierarchicalTestExecutorService.invokeAll(SameThreadHierarchicalTestExecutorService.java:38)
	at org.junit.platform.engine.support.hierarchical.NodeTestTask.lambda$executeRecursively$5(NodeTestTask.java:143)
	at org.junit.platform.engine.support.hierarchical.ThrowableCollector.execute(ThrowableCollector.java:73)
	at org.junit.platform.engine.support.hierarchical.NodeTestTask.lambda$executeRecursively$7(NodeTestTask.java:129)
	at org.junit.platform.engine.support.hierarchical.Node.around(Node.java:137)
	at org.junit.platform.engine.support.hierarchical.NodeTestTask.lambda$executeRecursively$8(NodeTestTask.java:127)
	at org.junit.platform.engine.support.hierarchical.ThrowableCollector.execute(ThrowableCollector.java:73)
	at org.junit.platform.engine.support.hierarchical.NodeTestTask.executeRecursively(NodeTestTask.java:126)
	at org.junit.platform.engine.support.hierarchical.NodeTestTask.execute(NodeTestTask.java:84)
	at org.junit.platform.engine.support.hierarchical.SameThreadHierarchicalTestExecutorService.submit(SameThreadHierarchicalTestExecutorService.java:32)
	at org.junit.platform.engine.support.hierarchical.HierarchicalTestExecutor.execute(HierarchicalTestExecutor.java:57)
	at org.junit.platform.engine.support.hierarchical.HierarchicalTestEngine.execute(HierarchicalTestEngine.java:51)
	at org.junit.platform.launcher.core.EngineExecutionOrchestrator.execute(EngineExecutionOrchestrator.java:108)
	at org.junit.platform.launcher.core.EngineExecutionOrchestrator.execute(EngineExecutionOrchestrator.java:88)
	at org.junit.platform.launcher.core.EngineExecutionOrchestrator.lambda$execute$0(EngineExecutionOrchestrator.java:54)
	at org.junit.platform.launcher.core.EngineExecutionOrchestrator.withInterceptedStreams(EngineExecutionOrchestrator.java:67)
	at org.junit.platform.launcher.core.EngineExecutionOrchestrator.execute(EngineExecutionOrchestrator.java:52)
	at org.junit.platform.launcher.core.DefaultLauncher.execute(DefaultLauncher.java:96)
	at org.junit.platform.launcher.core.DefaultLauncher.execute(DefaultLauncher.java:75)
	at org.apache.maven.surefire.junitplatform.JUnitPlatformProvider.execute(JUnitPlatformProvider.java:188)
	at org.apache.maven.surefire.junitplatform.JUnitPlatformProvider.invokeAllTests(JUnitPlatformProvider.java:154)
	at org.apache.maven.surefire.junitplatform.JUnitPlatformProvider.invoke(JUnitPlatformProvider.java:128)
	at org.apache.maven.surefire.booter.ForkedBooter.runSuitesInProcess(ForkedBooter.java:428)
	at org.apache.maven.surefire.booter.ForkedBooter.execute(ForkedBooter.java:162)
	at org.apache.maven.surefire.booter.ForkedBooter.run(ForkedBooter.java:562)
	at org.apache.maven.surefire.booter.ForkedBooter.main(ForkedBooter.java:548)
Caused by: java.text.ParseException: Unparseable date: ""
	at java.base/java.text.DateFormat.parse(DateFormat.java:395)
	at logic.GenericLogic.convertStringToDate(GenericLogic.java:91)
	... 71 more

]]></system-err>
  </testcase>
  <testcase name="testGetBloodDonationsWithMilliliters" classname="logic.BloodDonationTest" time="0.038">
    <system-out><![CDATA[2021-04-13T15:27:24,294|[DEBUG] EMFactory - getting EntityManagerFactory
2021-04-13T15:27:24,294|[DEBUG] EMFactory - initializeing EntityManagerFactory
2021-04-13T15:27:24,295|[DEBUG] SQL - 
    select
        bloodbank0_.bank_id as bank_id1_1_0_,
        bloodbank0_.employee_count as employee2_1_0_,
        bloodbank0_.established as establis3_1_0_,
        bloodbank0_.name as name4_1_0_,
        bloodbank0_.owner as owner6_1_0_,
        bloodbank0_.privately_owned as privatel5_1_0_ 
    from
        simplebloodbank.blood_bank bloodbank0_ 
    where
        bloodbank0_.bank_id=?
2021-04-13T15:27:24,295|[TRACE] BasicBinder - binding parameter [1] as [INTEGER] - [1]
2021-04-13T15:27:24,296|[DEBUG] SQL - 
    /* insert entity.BloodBank
        */ insert 
        into
            simplebloodbank.blood_bank
            (employee_count, established, name, owner, privately_owned) 
        values
            (?, ?, ?, ?, ?)
2021-04-13T15:27:24,296|[TRACE] BasicBinder - binding parameter [1] as [INTEGER] - [111]
2021-04-13T15:27:24,296|[TRACE] BasicBinder - binding parameter [2] as [TIMESTAMP] - [Sat Nov 11 11:11:11 EST 1111]
2021-04-13T15:27:24,296|[TRACE] BasicBinder - binding parameter [3] as [VARCHAR] - [JUNIT]
2021-04-13T15:27:24,296|[TRACE] BasicBinder - binding parameter [4] as [INTEGER] - [null]
2021-04-13T15:27:24,296|[TRACE] BasicBinder - binding parameter [5] as [BOOLEAN] - [true]
2021-04-13T15:27:24,297|[DEBUG] SQL - 
    /* insert entity.BloodDonation
        */ insert 
        into
            simplebloodbank.blood_donation
            (bank_id, blood_group, created, milliliters, rhd) 
        values
            (?, ?, ?, ?, ?)
2021-04-13T15:27:24,297|[TRACE] BasicBinder - binding parameter [1] as [INTEGER] - [29]
2021-04-13T15:27:24,297|[TRACE] BasicBinder - binding parameter [2] as [VARCHAR] - [AB]
2021-04-13T15:27:24,297|[TRACE] BasicBinder - binding parameter [3] as [TIMESTAMP] - [Sat Nov 11 11:11:11 EST 1111]
2021-04-13T15:27:24,297|[TRACE] BasicBinder - binding parameter [4] as [INTEGER] - [100]
2021-04-13T15:27:24,297|[DEBUG] AttributeConverterSqlTypeDescriptorAdapter - Converted value on binding : Negative -> -
2021-04-13T15:27:24,297|[TRACE] BasicBinder - binding parameter [5] as [VARCHAR] - [-]
2021-04-13T15:27:24,302|[DEBUG] EMFactory - getting EntityManagerFactory
2021-04-13T15:27:24,302|[DEBUG] EMFactory - initializeing EntityManagerFactory
2021-04-13T15:27:24,303|[DEBUG] SQL - 
    /* BloodDonation.findByMilliliters */ select
        blooddonat0_.donation_id as donation1_2_,
        blooddonat0_.bank_id as bank_id6_2_,
        blooddonat0_.blood_group as blood_gr2_2_,
        blooddonat0_.created as created3_2_,
        blooddonat0_.milliliters as millilit4_2_,
        blooddonat0_.rhd as rhd5_2_ 
    from
        simplebloodbank.blood_donation blooddonat0_ 
    where
        blooddonat0_.milliliters=?
2021-04-13T15:27:24,303|[TRACE] BasicBinder - binding parameter [1] as [INTEGER] - [100]
2021-04-13T15:27:24,304|[TRACE] BasicExtractor - extracted value ([donation1_2_] : [INTEGER]) - [9]
2021-04-13T15:27:24,304|[TRACE] BasicExtractor - extracted value ([bank_id6_2_] : [INTEGER]) - [29]
2021-04-13T15:27:24,304|[TRACE] BasicExtractor - extracted value ([blood_gr2_2_] : [VARCHAR]) - [AB]
2021-04-13T15:27:24,304|[TRACE] BasicExtractor - extracted value ([created3_2_] : [TIMESTAMP]) - [1111-11-11 11:11:11.0]
2021-04-13T15:27:24,304|[TRACE] BasicExtractor - extracted value ([millilit4_2_] : [INTEGER]) - [100]
2021-04-13T15:27:24,304|[TRACE] BasicExtractor - extracted value ([rhd5_2_] : [VARCHAR]) - [-]
2021-04-13T15:27:24,304|[DEBUG] AttributeConverterSqlTypeDescriptorAdapter - Converted value on extraction: - -> Negative
2021-04-13T15:27:24,304|[DEBUG] EMFactory - getting EntityManagerFactory
2021-04-13T15:27:24,305|[DEBUG] EMFactory - initializeing EntityManagerFactory
2021-04-13T15:27:24,316|[DEBUG] SQL - 
    /* load entity.BloodDonation */ select
        blooddonat0_.donation_id as donation1_2_0_,
        blooddonat0_.bank_id as bank_id6_2_0_,
        blooddonat0_.blood_group as blood_gr2_2_0_,
        blooddonat0_.created as created3_2_0_,
        blooddonat0_.milliliters as millilit4_2_0_,
        blooddonat0_.rhd as rhd5_2_0_ 
    from
        simplebloodbank.blood_donation blooddonat0_ 
    where
        blooddonat0_.donation_id=?
2021-04-13T15:27:24,316|[TRACE] BasicBinder - binding parameter [1] as [INTEGER] - [9]
2021-04-13T15:27:24,317|[TRACE] BasicExtractor - extracted value ([bank_id6_2_0_] : [INTEGER]) - [29]
2021-04-13T15:27:24,317|[TRACE] BasicExtractor - extracted value ([blood_gr2_2_0_] : [VARCHAR]) - [AB]
2021-04-13T15:27:24,317|[TRACE] BasicExtractor - extracted value ([created3_2_0_] : [TIMESTAMP]) - [1111-11-11 11:11:11.0]
2021-04-13T15:27:24,317|[TRACE] BasicExtractor - extracted value ([millilit4_2_0_] : [INTEGER]) - [100]
2021-04-13T15:27:24,317|[TRACE] BasicExtractor - extracted value ([rhd5_2_0_] : [VARCHAR]) - [-]
2021-04-13T15:27:24,317|[DEBUG] AttributeConverterSqlTypeDescriptorAdapter - Converted value on extraction: - -> Negative
2021-04-13T15:27:24,318|[DEBUG] SQL - 
    /* delete entity.BloodDonation */ delete 
        from
            simplebloodbank.blood_donation 
        where
            donation_id=?
2021-04-13T15:27:24,318|[TRACE] BasicBinder - binding parameter [1] as [INTEGER] - [9]
2021-04-13T15:27:24,326|[DEBUG] EMFactory - getting EntityManagerFactory
2021-04-13T15:27:24,326|[DEBUG] EMFactory - initializeing EntityManagerFactory
2021-04-13T15:27:24,326|[DEBUG] SQL - 
    select
        bloodbank0_.bank_id as bank_id1_1_0_,
        bloodbank0_.employee_count as employee2_1_0_,
        bloodbank0_.established as establis3_1_0_,
        bloodbank0_.name as name4_1_0_,
        bloodbank0_.owner as owner6_1_0_,
        bloodbank0_.privately_owned as privatel5_1_0_ 
    from
        simplebloodbank.blood_bank bloodbank0_ 
    where
        bloodbank0_.bank_id=?
2021-04-13T15:27:24,326|[TRACE] BasicBinder - binding parameter [1] as [INTEGER] - [29]
2021-04-13T15:27:24,327|[TRACE] BasicExtractor - extracted value ([employee2_1_0_] : [INTEGER]) - [111]
2021-04-13T15:27:24,327|[TRACE] BasicExtractor - extracted value ([establis3_1_0_] : [TIMESTAMP]) - [1111-11-11 11:11:11.0]
2021-04-13T15:27:24,327|[TRACE] BasicExtractor - extracted value ([name4_1_0_] : [VARCHAR]) - [JUNIT]
2021-04-13T15:27:24,327|[TRACE] BasicExtractor - extracted value ([owner6_1_0_] : [INTEGER]) - [null]
2021-04-13T15:27:24,327|[TRACE] BasicExtractor - extracted value ([privatel5_1_0_] : [BOOLEAN]) - [true]
2021-04-13T15:27:24,327|[DEBUG] SQL - 
    /* delete entity.BloodBank */ delete 
        from
            simplebloodbank.blood_bank 
        where
            bank_id=?
2021-04-13T15:27:24,327|[TRACE] BasicBinder - binding parameter [1] as [INTEGER] - [29]
]]></system-out>
    <system-err><![CDATA[Apr. 13, 2021 3:27:24 P.M. dal.GenericDAL lambda$setParameters$0
INFO: setParameters: milliliters=100
]]></system-err>
  </testcase>
  <testcase name="testGetBloodDonationsWithBloodBank" classname="logic.BloodDonationTest" time="0.033">
    <system-out><![CDATA[2021-04-13T15:27:24,333|[DEBUG] EMFactory - getting EntityManagerFactory
2021-04-13T15:27:24,333|[DEBUG] EMFactory - initializeing EntityManagerFactory
2021-04-13T15:27:24,333|[DEBUG] SQL - 
    select
        bloodbank0_.bank_id as bank_id1_1_0_,
        bloodbank0_.employee_count as employee2_1_0_,
        bloodbank0_.established as establis3_1_0_,
        bloodbank0_.name as name4_1_0_,
        bloodbank0_.owner as owner6_1_0_,
        bloodbank0_.privately_owned as privatel5_1_0_ 
    from
        simplebloodbank.blood_bank bloodbank0_ 
    where
        bloodbank0_.bank_id=?
2021-04-13T15:27:24,333|[TRACE] BasicBinder - binding parameter [1] as [INTEGER] - [1]
2021-04-13T15:27:24,334|[DEBUG] SQL - 
    /* insert entity.BloodBank
        */ insert 
        into
            simplebloodbank.blood_bank
            (employee_count, established, name, owner, privately_owned) 
        values
            (?, ?, ?, ?, ?)
2021-04-13T15:27:24,334|[TRACE] BasicBinder - binding parameter [1] as [INTEGER] - [111]
2021-04-13T15:27:24,334|[TRACE] BasicBinder - binding parameter [2] as [TIMESTAMP] - [Sat Nov 11 11:11:11 EST 1111]
2021-04-13T15:27:24,334|[TRACE] BasicBinder - binding parameter [3] as [VARCHAR] - [JUNIT]
2021-04-13T15:27:24,334|[TRACE] BasicBinder - binding parameter [4] as [INTEGER] - [null]
2021-04-13T15:27:24,334|[TRACE] BasicBinder - binding parameter [5] as [BOOLEAN] - [true]
2021-04-13T15:27:24,336|[DEBUG] SQL - 
    /* insert entity.BloodDonation
        */ insert 
        into
            simplebloodbank.blood_donation
            (bank_id, blood_group, created, milliliters, rhd) 
        values
            (?, ?, ?, ?, ?)
2021-04-13T15:27:24,336|[TRACE] BasicBinder - binding parameter [1] as [INTEGER] - [30]
2021-04-13T15:27:24,336|[TRACE] BasicBinder - binding parameter [2] as [VARCHAR] - [AB]
2021-04-13T15:27:24,336|[TRACE] BasicBinder - binding parameter [3] as [TIMESTAMP] - [Sat Nov 11 11:11:11 EST 1111]
2021-04-13T15:27:24,336|[TRACE] BasicBinder - binding parameter [4] as [INTEGER] - [100]
2021-04-13T15:27:24,336|[DEBUG] AttributeConverterSqlTypeDescriptorAdapter - Converted value on binding : Negative -> -
2021-04-13T15:27:24,336|[TRACE] BasicBinder - binding parameter [5] as [VARCHAR] - [-]
2021-04-13T15:27:24,340|[DEBUG] EMFactory - getting EntityManagerFactory
2021-04-13T15:27:24,340|[DEBUG] EMFactory - initializeing EntityManagerFactory
2021-04-13T15:27:24,341|[DEBUG] SQL - 
    /* BloodDonation.findByBloodBank */ select
        blooddonat0_.donation_id as donation1_2_,
        blooddonat0_.bank_id as bank_id6_2_,
        blooddonat0_.blood_group as blood_gr2_2_,
        blooddonat0_.created as created3_2_,
        blooddonat0_.milliliters as millilit4_2_,
        blooddonat0_.rhd as rhd5_2_ 
    from
        simplebloodbank.blood_donation blooddonat0_ 
    where
        blooddonat0_.bank_id=?
2021-04-13T15:27:24,341|[TRACE] BasicBinder - binding parameter [1] as [INTEGER] - [30]
2021-04-13T15:27:24,341|[TRACE] BasicExtractor - extracted value ([donation1_2_] : [INTEGER]) - [10]
2021-04-13T15:27:24,342|[TRACE] BasicExtractor - extracted value ([bank_id6_2_] : [INTEGER]) - [30]
2021-04-13T15:27:24,342|[TRACE] BasicExtractor - extracted value ([blood_gr2_2_] : [VARCHAR]) - [AB]
2021-04-13T15:27:24,342|[TRACE] BasicExtractor - extracted value ([created3_2_] : [TIMESTAMP]) - [1111-11-11 11:11:11.0]
2021-04-13T15:27:24,342|[TRACE] BasicExtractor - extracted value ([millilit4_2_] : [INTEGER]) - [100]
2021-04-13T15:27:24,342|[TRACE] BasicExtractor - extracted value ([rhd5_2_] : [VARCHAR]) - [-]
2021-04-13T15:27:24,342|[DEBUG] AttributeConverterSqlTypeDescriptorAdapter - Converted value on extraction: - -> Negative
2021-04-13T15:27:24,342|[DEBUG] SQL - 
    select
        bloodbank0_.bank_id as bank_id1_1_0_,
        bloodbank0_.employee_count as employee2_1_0_,
        bloodbank0_.established as establis3_1_0_,
        bloodbank0_.name as name4_1_0_,
        bloodbank0_.owner as owner6_1_0_,
        bloodbank0_.privately_owned as privatel5_1_0_ 
    from
        simplebloodbank.blood_bank bloodbank0_ 
    where
        bloodbank0_.bank_id=?
2021-04-13T15:27:24,342|[TRACE] BasicBinder - binding parameter [1] as [INTEGER] - [30]
2021-04-13T15:27:24,343|[TRACE] BasicExtractor - extracted value ([employee2_1_0_] : [INTEGER]) - [111]
2021-04-13T15:27:24,343|[TRACE] BasicExtractor - extracted value ([establis3_1_0_] : [TIMESTAMP]) - [1111-11-11 11:11:11.0]
2021-04-13T15:27:24,343|[TRACE] BasicExtractor - extracted value ([name4_1_0_] : [VARCHAR]) - [JUNIT]
2021-04-13T15:27:24,343|[TRACE] BasicExtractor - extracted value ([owner6_1_0_] : [INTEGER]) - [null]
2021-04-13T15:27:24,343|[TRACE] BasicExtractor - extracted value ([privatel5_1_0_] : [BOOLEAN]) - [true]
2021-04-13T15:27:24,343|[DEBUG] EMFactory - getting EntityManagerFactory
2021-04-13T15:27:24,343|[DEBUG] EMFactory - initializeing EntityManagerFactory
2021-04-13T15:27:24,354|[DEBUG] SQL - 
    /* load entity.BloodDonation */ select
        blooddonat0_.donation_id as donation1_2_0_,
        blooddonat0_.bank_id as bank_id6_2_0_,
        blooddonat0_.blood_group as blood_gr2_2_0_,
        blooddonat0_.created as created3_2_0_,
        blooddonat0_.milliliters as millilit4_2_0_,
        blooddonat0_.rhd as rhd5_2_0_ 
    from
        simplebloodbank.blood_donation blooddonat0_ 
    where
        blooddonat0_.donation_id=?
2021-04-13T15:27:24,354|[TRACE] BasicBinder - binding parameter [1] as [INTEGER] - [10]
2021-04-13T15:27:24,355|[TRACE] BasicExtractor - extracted value ([bank_id6_2_0_] : [INTEGER]) - [30]
2021-04-13T15:27:24,355|[TRACE] BasicExtractor - extracted value ([blood_gr2_2_0_] : [VARCHAR]) - [AB]
2021-04-13T15:27:24,355|[TRACE] BasicExtractor - extracted value ([created3_2_0_] : [TIMESTAMP]) - [1111-11-11 11:11:11.0]
2021-04-13T15:27:24,355|[TRACE] BasicExtractor - extracted value ([millilit4_2_0_] : [INTEGER]) - [100]
2021-04-13T15:27:24,355|[TRACE] BasicExtractor - extracted value ([rhd5_2_0_] : [VARCHAR]) - [-]
2021-04-13T15:27:24,355|[DEBUG] AttributeConverterSqlTypeDescriptorAdapter - Converted value on extraction: - -> Negative
2021-04-13T15:27:24,355|[DEBUG] SQL - 
    /* delete entity.BloodDonation */ delete 
        from
            simplebloodbank.blood_donation 
        where
            donation_id=?
2021-04-13T15:27:24,355|[TRACE] BasicBinder - binding parameter [1] as [INTEGER] - [10]
2021-04-13T15:27:24,359|[DEBUG] EMFactory - getting EntityManagerFactory
2021-04-13T15:27:24,359|[DEBUG] EMFactory - initializeing EntityManagerFactory
2021-04-13T15:27:24,359|[DEBUG] SQL - 
    select
        bloodbank0_.bank_id as bank_id1_1_0_,
        bloodbank0_.employee_count as employee2_1_0_,
        bloodbank0_.established as establis3_1_0_,
        bloodbank0_.name as name4_1_0_,
        bloodbank0_.owner as owner6_1_0_,
        bloodbank0_.privately_owned as privatel5_1_0_ 
    from
        simplebloodbank.blood_bank bloodbank0_ 
    where
        bloodbank0_.bank_id=?
2021-04-13T15:27:24,359|[TRACE] BasicBinder - binding parameter [1] as [INTEGER] - [30]
2021-04-13T15:27:24,360|[TRACE] BasicExtractor - extracted value ([employee2_1_0_] : [INTEGER]) - [111]
2021-04-13T15:27:24,360|[TRACE] BasicExtractor - extracted value ([establis3_1_0_] : [TIMESTAMP]) - [1111-11-11 11:11:11.0]
2021-04-13T15:27:24,360|[TRACE] BasicExtractor - extracted value ([name4_1_0_] : [VARCHAR]) - [JUNIT]
2021-04-13T15:27:24,360|[TRACE] BasicExtractor - extracted value ([owner6_1_0_] : [INTEGER]) - [null]
2021-04-13T15:27:24,360|[TRACE] BasicExtractor - extracted value ([privatel5_1_0_] : [BOOLEAN]) - [true]
2021-04-13T15:27:24,361|[DEBUG] SQL - 
    /* delete entity.BloodBank */ delete 
        from
            simplebloodbank.blood_bank 
        where
            bank_id=?
2021-04-13T15:27:24,361|[TRACE] BasicBinder - binding parameter [1] as [INTEGER] - [30]
]]></system-out>
    <system-err><![CDATA[Apr. 13, 2021 3:27:24 P.M. dal.GenericDAL lambda$setParameters$0
INFO: setParameters: bloodBankId=30
]]></system-err>
  </testcase>
  <testcase name="testCreateEntityAndAdd" classname="logic.BloodDonationTest" time="0.118">
    <error type="javax.persistence.RollbackException"><![CDATA[javax.persistence.RollbackException: Error while committing the transaction
	at logic.BloodDonationTest.tearDown(BloodDonationTest.java:115)
[...]
2021-04-13T15:27:24,441|[DEBUG] SQL - 
    /* insert entity.BloodDonation
        */ insert 
        into
            simplebloodbank.blood_donation
            (bank_id, blood_group, created, milliliters, rhd) 
        values
            (?, ?, ?, ?, ?)
2021-04-13T15:27:24,442|[TRACE] BasicBinder - binding parameter [1] as [INTEGER] - [31]
2021-04-13T15:27:24,442|[TRACE] BasicBinder - binding parameter [2] as [VARCHAR] - [AB]
2021-04-13T15:27:24,442|[TRACE] BasicBinder - binding parameter [3] as [TIMESTAMP] - [Sat Nov 11 11:11:11 EST 1111]
2021-04-13T15:27:24,442|[TRACE] BasicBinder - binding parameter [4] as [INTEGER] - [100]
2021-04-13T15:27:24,442|[DEBUG] AttributeConverterSqlTypeDescriptorAdapter - Converted value on binding : Negative -> -
2021-04-13T15:27:24,442|[TRACE] BasicBinder - binding parameter [5] as [VARCHAR] - [-]
2021-04-13T15:27:24,444|[DEBUG] SQL - 
    /* delete entity.BloodDonation */ delete 
        from
            simplebloodbank.blood_donation 
        where
            donation_id=?
2021-04-13T15:27:24,444|[TRACE] BasicBinder - binding parameter [1] as [INTEGER] - [13]
2021-04-13T15:27:24,449|[DEBUG] EMFactory - getting EntityManagerFactory
2021-04-13T15:27:24,449|[DEBUG] EMFactory - initializeing EntityManagerFactory
2021-04-13T15:27:24,450|[DEBUG] SQL - 
    /* load entity.BloodDonation */ select
        blooddonat0_.donation_id as donation1_2_0_,
        blooddonat0_.bank_id as bank_id6_2_0_,
        blooddonat0_.blood_group as blood_gr2_2_0_,
        blooddonat0_.created as created3_2_0_,
        blooddonat0_.milliliters as millilit4_2_0_,
        blooddonat0_.rhd as rhd5_2_0_ 
    from
        simplebloodbank.blood_donation blooddonat0_ 
    where
        blooddonat0_.donation_id=?
2021-04-13T15:27:24,450|[TRACE] BasicBinder - binding parameter [1] as [INTEGER] - [11]
2021-04-13T15:27:24,451|[TRACE] BasicExtractor - extracted value ([bank_id6_2_0_] : [INTEGER]) - [31]
2021-04-13T15:27:24,451|[TRACE] BasicExtractor - extracted value ([blood_gr2_2_0_] : [VARCHAR]) - [AB]
2021-04-13T15:27:24,451|[TRACE] BasicExtractor - extracted value ([created3_2_0_] : [TIMESTAMP]) - [1111-11-11 11:11:11.0]
2021-04-13T15:27:24,451|[TRACE] BasicExtractor - extracted value ([millilit4_2_0_] : [INTEGER]) - [100]
2021-04-13T15:27:24,451|[TRACE] BasicExtractor - extracted value ([rhd5_2_0_] : [VARCHAR]) - [-]
2021-04-13T15:27:24,451|[DEBUG] AttributeConverterSqlTypeDescriptorAdapter - Converted value on extraction: - -> Negative
2021-04-13T15:27:24,452|[DEBUG] SQL - 
    /* delete entity.BloodDonation */ delete 
        from
            simplebloodbank.blood_donation 
        where
            donation_id=?
2021-04-13T15:27:24,452|[TRACE] BasicBinder - binding parameter [1] as [INTEGER] - [11]
2021-04-13T15:27:24,457|[DEBUG] EMFactory - getting EntityManagerFactory
2021-04-13T15:27:24,457|[DEBUG] EMFactory - initializeing EntityManagerFactory
2021-04-13T15:27:24,458|[DEBUG] SQL - 
    select
        bloodbank0_.bank_id as bank_id1_1_0_,
        bloodbank0_.employee_count as employee2_1_0_,
        bloodbank0_.established as establis3_1_0_,
        bloodbank0_.name as name4_1_0_,
        bloodbank0_.owner as owner6_1_0_,
        bloodbank0_.privately_owned as privatel5_1_0_ 
    from
        simplebloodbank.blood_bank bloodbank0_ 
    where
        bloodbank0_.bank_id=?
2021-04-13T15:27:24,458|[TRACE] BasicBinder - binding parameter [1] as [INTEGER] - [31]
2021-04-13T15:27:24,459|[TRACE] BasicExtractor - extracted value ([employee2_1_0_] : [INTEGER]) - [111]
2021-04-13T15:27:24,459|[TRACE] BasicExtractor - extracted value ([establis3_1_0_] : [TIMESTAMP]) - [1111-11-11 11:11:11.0]
2021-04-13T15:27:24,459|[TRACE] BasicExtractor - extracted value ([name4_1_0_] : [VARCHAR]) - [JUNIT]
2021-04-13T15:27:24,459|[TRACE] BasicExtractor - extracted value ([owner6_1_0_] : [INTEGER]) - [null]
2021-04-13T15:27:24,459|[TRACE] BasicExtractor - extracted value ([privatel5_1_0_] : [BOOLEAN]) - [true]
2021-04-13T15:27:24,460|[DEBUG] SQL - 
    /* delete entity.BloodBank */ delete 
        from
            simplebloodbank.blood_bank 
        where
            bank_id=?
2021-04-13T15:27:24,460|[TRACE] BasicBinder - binding parameter [1] as [INTEGER] - [31]
2021-04-13T15:27:24,475|[WARN ] SqlExceptionHelper - SQL Error: 1451, SQLState: 23000
2021-04-13T15:27:24,475|[ERROR] SqlExceptionHelper - Cannot delete or update a parent row: a foreign key constraint fails (`simplebloodbank`.`blood_donation`, CONSTRAINT `fk_blood_donation_blood_bank1` FOREIGN KEY (`bank_id`) REFERENCES `blood_bank` (`bank_id`))
2021-04-13T15:27:24,476|[INFO ] AbstractBatchImpl - HHH000010: On release of batch it still contained JDBC statements
]]></system-out>
    <system-err><![CDATA[Apr. 13, 2021 3:27:24 P.M. dal.GenericDAL lambda$setParameters$0
INFO: setParameters: bloodBankId=31
]]></system-err>
  </testcase>
  <testcase name="testGetAll" classname="logic.BloodDonationTest" time="0.02">
    <error type="javax.persistence.PersistenceException"><![CDATA[javax.persistence.PersistenceException: org.hibernate.exception.ConstraintViolationException: could not execute statement
	at logic.BloodDonationTest.setUp(BloodDonationTest.java:76)
Caused by: org.hibernate.exception.ConstraintViolationException: could not execute statement
	at logic.BloodDonationTest.setUp(BloodDonationTest.java:76)
Caused by: java.sql.SQLIntegrityConstraintViolationException: Duplicate entry 'JUNIT' for key 'blood_bank.name_UNIQUE'
	at logic.BloodDonationTest.setUp(BloodDonationTest.java:76)
]]></error>
    <system-out><![CDATA[2021-04-13T15:27:24,488|[DEBUG] EMFactory - getting EntityManagerFactory
2021-04-13T15:27:24,488|[DEBUG] EMFactory - initializeing EntityManagerFactory
2021-04-13T15:27:24,489|[DEBUG] SQL - 
    select
        bloodbank0_.bank_id as bank_id1_1_0_,
        bloodbank0_.employee_count as employee2_1_0_,
        bloodbank0_.established as establis3_1_0_,
        bloodbank0_.name as name4_1_0_,
        bloodbank0_.owner as owner6_1_0_,
        bloodbank0_.privately_owned as privatel5_1_0_ 
    from
        simplebloodbank.blood_bank bloodbank0_ 
    where
        bloodbank0_.bank_id=?
2021-04-13T15:27:24,489|[TRACE] BasicBinder - binding parameter [1] as [INTEGER] - [1]
2021-04-13T15:27:24,490|[DEBUG] SQL - 
    /* insert entity.BloodBank
        */ insert 
        into
            simplebloodbank.blood_bank
            (employee_count, established, name, owner, privately_owned) 
        values
            (?, ?, ?, ?, ?)
2021-04-13T15:27:24,490|[TRACE] BasicBinder - binding parameter [1] as [INTEGER] - [111]
2021-04-13T15:27:24,491|[TRACE] BasicBinder - binding parameter [2] as [TIMESTAMP] - [Sat Nov 11 11:11:11 EST 1111]
2021-04-13T15:27:24,491|[TRACE] BasicBinder - binding parameter [3] as [VARCHAR] - [JUNIT]
2021-04-13T15:27:24,491|[TRACE] BasicBinder - binding parameter [4] as [INTEGER] - [null]
2021-04-13T15:27:24,491|[TRACE] BasicBinder - binding parameter [5] as [BOOLEAN] - [true]
2021-04-13T15:27:24,496|[WARN ] SqlExceptionHelper - SQL Error: 1062, SQLState: 23000
2021-04-13T15:27:24,496|[ERROR] SqlExceptionHelper - Duplicate entry 'JUNIT' for key 'blood_bank.name_UNIQUE'
2021-04-13T15:27:24,496|[DEBUG] EMFactory - getting EntityManagerFactory
2021-04-13T15:27:24,496|[DEBUG] EMFactory - initializeing EntityManagerFactory
2021-04-13T15:27:24,507|[DEBUG] SQL - 
    select
        bloodbank0_.bank_id as bank_id1_1_0_,
        bloodbank0_.employee_count as employee2_1_0_,
        bloodbank0_.established as establis3_1_0_,
        bloodbank0_.name as name4_1_0_,
        bloodbank0_.owner as owner6_1_0_,
        bloodbank0_.privately_owned as privatel5_1_0_ 
    from
        simplebloodbank.blood_bank bloodbank0_ 
    where
        bloodbank0_.bank_id=?
2021-04-13T15:27:24,507|[TRACE] BasicBinder - binding parameter [1] as [INTEGER] - [1]
]]></system-out>
  </testcase>
  <testcase name="testGetBloodDonationsWithRhd" classname="logic.BloodDonationTest" time="20.979">
    <error type="javax.persistence.PersistenceException"><![CDATA[javax.persistence.PersistenceException: org.hibernate.exception.ConstraintViolationException: could not execute statement
	at logic.BloodDonationTest.setUp(BloodDonationTest.java:76)
Caused by: org.hibernate.exception.ConstraintViolationException: could not execute statement
	at logic.BloodDonationTest.setUp(BloodDonationTest.java:76)
Caused by: java.sql.SQLIntegrityConstraintViolationException: Duplicate entry 'JUNIT' for key 'blood_bank.name_UNIQUE'
	at logic.BloodDonationTest.setUp(BloodDonationTest.java:76)
]]></error>
    <system-out><![CDATA[2021-04-13T15:27:24,509|[DEBUG] EMFactory - getting EntityManagerFactory
2021-04-13T15:27:24,509|[DEBUG] EMFactory - initializeing EntityManagerFactory
2021-04-13T15:27:24,509|[DEBUG] SQL - 
    select
        bloodbank0_.bank_id as bank_id1_1_0_,
        bloodbank0_.employee_count as employee2_1_0_,
        bloodbank0_.established as establis3_1_0_,
        bloodbank0_.name as name4_1_0_,
        bloodbank0_.owner as owner6_1_0_,
        bloodbank0_.privately_owned as privatel5_1_0_ 
    from
        simplebloodbank.blood_bank bloodbank0_ 
    where
        bloodbank0_.bank_id=?
2021-04-13T15:27:24,509|[TRACE] BasicBinder - binding parameter [1] as [INTEGER] - [1]
2021-04-13T15:27:24,510|[DEBUG] SQL - 
    /* insert entity.BloodBank
        */ insert 
        into
            simplebloodbank.blood_bank
            (employee_count, established, name, owner, privately_owned) 
        values
            (?, ?, ?, ?, ?)
2021-04-13T15:27:24,510|[TRACE] BasicBinder - binding parameter [1] as [INTEGER] - [111]
2021-04-13T15:27:24,510|[TRACE] BasicBinder - binding parameter [2] as [TIMESTAMP] - [Sat Nov 11 11:11:11 EST 1111]
2021-04-13T15:27:24,510|[TRACE] BasicBinder - binding parameter [3] as [VARCHAR] - [JUNIT]
2021-04-13T15:27:24,510|[TRACE] BasicBinder - binding parameter [4] as [INTEGER] - [null]
2021-04-13T15:27:24,510|[TRACE] BasicBinder - binding parameter [5] as [BOOLEAN] - [true]
2021-04-13T15:27:45,474|[WARN ] SqlExceptionHelper - SQL Error: 1062, SQLState: 23000
2021-04-13T15:27:45,474|[ERROR] SqlExceptionHelper - Duplicate entry 'JUNIT' for key 'blood_bank.name_UNIQUE'
2021-04-13T15:27:45,474|[DEBUG] EMFactory - getting EntityManagerFactory
2021-04-13T15:27:45,474|[DEBUG] EMFactory - initializeing EntityManagerFactory
2021-04-13T15:27:45,487|[DEBUG] SQL - 
    select
        bloodbank0_.bank_id as bank_id1_1_0_,
        bloodbank0_.employee_count as employee2_1_0_,
        bloodbank0_.established as establis3_1_0_,
        bloodbank0_.name as name4_1_0_,
        bloodbank0_.owner as owner6_1_0_,
        bloodbank0_.privately_owned as privatel5_1_0_ 
    from
        simplebloodbank.blood_bank bloodbank0_ 
    where
        bloodbank0_.bank_id=?
2021-04-13T15:27:45,487|[TRACE] BasicBinder - binding parameter [1] as [INTEGER] - [1]
]]></system-out>
  </testcase>
  <testcase name="testGetColumnCodes" classname="logic.BloodDonationTest" time="0.015">
    <error type="javax.persistence.PersistenceException"><![CDATA[javax.persistence.PersistenceException: org.hibernate.exception.ConstraintViolationException: could not execute statement
	at logic.BloodDonationTest.setUp(BloodDonationTest.java:76)
Caused by: org.hibernate.exception.ConstraintViolationException: could not execute statement
	at logic.BloodDonationTest.setUp(BloodDonationTest.java:76)
Caused by: java.sql.SQLIntegrityConstraintViolationException: Duplicate entry 'JUNIT' for key 'blood_bank.name_UNIQUE'
	at logic.BloodDonationTest.setUp(BloodDonationTest.java:76)
]]></error>
    <system-out><![CDATA[2021-04-13T15:27:45,489|[DEBUG] EMFactory - getting EntityManagerFactory
2021-04-13T15:27:45,489|[DEBUG] EMFactory - initializeing EntityManagerFactory
2021-04-13T15:27:45,489|[DEBUG] SQL - 
    select
        bloodbank0_.bank_id as bank_id1_1_0_,
        bloodbank0_.employee_count as employee2_1_0_,
        bloodbank0_.established as establis3_1_0_,
        bloodbank0_.name as name4_1_0_,
        bloodbank0_.owner as owner6_1_0_,
        bloodbank0_.privately_owned as privatel5_1_0_ 
    from
        simplebloodbank.blood_bank bloodbank0_ 
    where
        bloodbank0_.bank_id=?
2021-04-13T15:27:45,490|[TRACE] BasicBinder - binding parameter [1] as [INTEGER] - [1]
2021-04-13T15:27:45,490|[DEBUG] SQL - 
    /* insert entity.BloodBank
        */ insert 
        into
            simplebloodbank.blood_bank
            (employee_count, established, name, owner, privately_owned) 
        values
            (?, ?, ?, ?, ?)
2021-04-13T15:27:45,491|[TRACE] BasicBinder - binding parameter [1] as [INTEGER] - [111]
2021-04-13T15:27:45,491|[TRACE] BasicBinder - binding parameter [2] as [TIMESTAMP] - [Sat Nov 11 11:11:11 EST 1111]
2021-04-13T15:27:45,491|[TRACE] BasicBinder - binding parameter [3] as [VARCHAR] - [JUNIT]
2021-04-13T15:27:45,491|[TRACE] BasicBinder - binding parameter [4] as [INTEGER] - [null]
2021-04-13T15:27:45,491|[TRACE] BasicBinder - binding parameter [5] as [BOOLEAN] - [true]
2021-04-13T15:27:45,492|[WARN ] SqlExceptionHelper - SQL Error: 1062, SQLState: 23000
2021-04-13T15:27:45,492|[ERROR] SqlExceptionHelper - Duplicate entry 'JUNIT' for key 'blood_bank.name_UNIQUE'
2021-04-13T15:27:45,492|[DEBUG] EMFactory - getting EntityManagerFactory
2021-04-13T15:27:45,492|[DEBUG] EMFactory - initializeing EntityManagerFactory
2021-04-13T15:27:45,503|[DEBUG] SQL - 
    select
        bloodbank0_.bank_id as bank_id1_1_0_,
        bloodbank0_.employee_count as employee2_1_0_,
        bloodbank0_.established as establis3_1_0_,
        bloodbank0_.name as name4_1_0_,
        bloodbank0_.owner as owner6_1_0_,
        bloodbank0_.privately_owned as privatel5_1_0_ 
    from
        simplebloodbank.blood_bank bloodbank0_ 
    where
        bloodbank0_.bank_id=?
2021-04-13T15:27:45,503|[TRACE] BasicBinder - binding parameter [1] as [INTEGER] - [1]
]]></system-out>
  </testcase>
  <testcase name="testGetColumnNames" classname="logic.BloodDonationTest" time="25.007">
    <error type="javax.persistence.PersistenceException"><![CDATA[javax.persistence.PersistenceException: org.hibernate.exception.ConstraintViolationException: could not execute statement
	at logic.BloodDonationTest.setUp(BloodDonationTest.java:76)
Caused by: org.hibernate.exception.ConstraintViolationException: could not execute statement
	at logic.BloodDonationTest.setUp(BloodDonationTest.java:76)
Caused by: java.sql.SQLIntegrityConstraintViolationException: Duplicate entry 'JUNIT' for key 'blood_bank.name_UNIQUE'
	at logic.BloodDonationTest.setUp(BloodDonationTest.java:76)
]]></error>
    <system-out><![CDATA[2021-04-13T15:27:45,506|[DEBUG] EMFactory - getting EntityManagerFactory
2021-04-13T15:27:45,506|[DEBUG] EMFactory - initializeing EntityManagerFactory
2021-04-13T15:27:45,506|[DEBUG] SQL - 
    select
        bloodbank0_.bank_id as bank_id1_1_0_,
        bloodbank0_.employee_count as employee2_1_0_,
        bloodbank0_.established as establis3_1_0_,
        bloodbank0_.name as name4_1_0_,
        bloodbank0_.owner as owner6_1_0_,
        bloodbank0_.privately_owned as privatel5_1_0_ 
    from
        simplebloodbank.blood_bank bloodbank0_ 
    where
        bloodbank0_.bank_id=?
2021-04-13T15:27:45,507|[TRACE] BasicBinder - binding parameter [1] as [INTEGER] - [1]
2021-04-13T15:27:45,508|[DEBUG] SQL - 
    /* insert entity.BloodBank
        */ insert 
        into
            simplebloodbank.blood_bank
            (employee_count, established, name, owner, privately_owned) 
        values
            (?, ?, ?, ?, ?)
2021-04-13T15:27:45,508|[TRACE] BasicBinder - binding parameter [1] as [INTEGER] - [111]
2021-04-13T15:27:45,508|[TRACE] BasicBinder - binding parameter [2] as [TIMESTAMP] - [Sat Nov 11 11:11:11 EST 1111]
2021-04-13T15:27:45,508|[TRACE] BasicBinder - binding parameter [3] as [VARCHAR] - [JUNIT]
2021-04-13T15:27:45,509|[TRACE] BasicBinder - binding parameter [4] as [INTEGER] - [null]
2021-04-13T15:27:45,509|[TRACE] BasicBinder - binding parameter [5] as [BOOLEAN] - [true]
2021-04-13T15:28:10,494|[WARN ] SqlExceptionHelper - SQL Error: 1062, SQLState: 23000
2021-04-13T15:28:10,494|[ERROR] SqlExceptionHelper - Duplicate entry 'JUNIT' for key 'blood_bank.name_UNIQUE'
2021-04-13T15:28:10,494|[DEBUG] EMFactory - getting EntityManagerFactory
2021-04-13T15:28:10,494|[DEBUG] EMFactory - initializeing EntityManagerFactory
2021-04-13T15:28:10,510|[DEBUG] SQL - 
    select
        bloodbank0_.bank_id as bank_id1_1_0_,
        bloodbank0_.employee_count as employee2_1_0_,
        bloodbank0_.established as establis3_1_0_,
        bloodbank0_.name as name4_1_0_,
        bloodbank0_.owner as owner6_1_0_,
        bloodbank0_.privately_owned as privatel5_1_0_ 
    from
        simplebloodbank.blood_bank bloodbank0_ 
    where
        bloodbank0_.bank_id=?
2021-04-13T15:28:10,510|[TRACE] BasicBinder - binding parameter [1] as [INTEGER] - [1]
]]></system-out>
  </testcase>
  <testcase name="testGetWithId" classname="logic.BloodDonationTest" time="0.016">
    <error type="javax.persistence.PersistenceException"><![CDATA[javax.persistence.PersistenceException: org.hibernate.exception.ConstraintViolationException: could not execute statement
	at logic.BloodDonationTest.setUp(BloodDonationTest.java:76)
Caused by: org.hibernate.exception.ConstraintViolationException: could not execute statement
	at logic.BloodDonationTest.setUp(BloodDonationTest.java:76)
Caused by: java.sql.SQLIntegrityConstraintViolationException: Duplicate entry 'JUNIT' for key 'blood_bank.name_UNIQUE'
	at logic.BloodDonationTest.setUp(BloodDonationTest.java:76)
]]></error>
    <system-out><![CDATA[2021-04-13T15:28:10,513|[DEBUG] EMFactory - getting EntityManagerFactory
2021-04-13T15:28:10,513|[DEBUG] EMFactory - initializeing EntityManagerFactory
2021-04-13T15:28:10,514|[DEBUG] SQL - 
    select
        bloodbank0_.bank_id as bank_id1_1_0_,
        bloodbank0_.employee_count as employee2_1_0_,
        bloodbank0_.established as establis3_1_0_,
        bloodbank0_.name as name4_1_0_,
        bloodbank0_.owner as owner6_1_0_,
        bloodbank0_.privately_owned as privatel5_1_0_ 
    from
        simplebloodbank.blood_bank bloodbank0_ 
    where
        bloodbank0_.bank_id=?
2021-04-13T15:28:10,514|[TRACE] BasicBinder - binding parameter [1] as [INTEGER] - [1]
2021-04-13T15:28:10,515|[DEBUG] SQL - 
    /* insert entity.BloodBank
        */ insert 
        into
            simplebloodbank.blood_bank
            (employee_count, established, name, owner, privately_owned) 
        values
            (?, ?, ?, ?, ?)
2021-04-13T15:28:10,515|[TRACE] BasicBinder - binding parameter [1] as [INTEGER] - [111]
2021-04-13T15:28:10,515|[TRACE] BasicBinder - binding parameter [2] as [TIMESTAMP] - [Sat Nov 11 11:11:11 EST 1111]
2021-04-13T15:28:10,515|[TRACE] BasicBinder - binding parameter [3] as [VARCHAR] - [JUNIT]
2021-04-13T15:28:10,515|[TRACE] BasicBinder - binding parameter [4] as [INTEGER] - [null]
2021-04-13T15:28:10,515|[TRACE] BasicBinder - binding parameter [5] as [BOOLEAN] - [true]
2021-04-13T15:28:10,516|[WARN ] SqlExceptionHelper - SQL Error: 1062, SQLState: 23000
2021-04-13T15:28:10,516|[ERROR] SqlExceptionHelper - Duplicate entry 'JUNIT' for key 'blood_bank.name_UNIQUE'
2021-04-13T15:28:10,516|[DEBUG] EMFactory - getting EntityManagerFactory
2021-04-13T15:28:10,516|[DEBUG] EMFactory - initializeing EntityManagerFactory
2021-04-13T15:28:10,527|[DEBUG] SQL - 
    select
        bloodbank0_.bank_id as bank_id1_1_0_,
        bloodbank0_.employee_count as employee2_1_0_,
        bloodbank0_.established as establis3_1_0_,
        bloodbank0_.name as name4_1_0_,
        bloodbank0_.owner as owner6_1_0_,
        bloodbank0_.privately_owned as privatel5_1_0_ 
    from
        simplebloodbank.blood_bank bloodbank0_ 
    where
        bloodbank0_.bank_id=?
2021-04-13T15:28:10,528|[TRACE] BasicBinder - binding parameter [1] as [INTEGER] - [1]
]]></system-out>
  </testcase>
</testsuite>